ERROR - 2025-06-29 13:58:13 --> mysqli_sql_exception: You have an error in your SQL syntax; check the manual that corresponds to your MySQL server version for the right syntax to use near ')' at line 3 in /home/sakurupi/demo.sakurupiah.id/system/Database/MySQLi/Connection.php:306
Stack trace:
#0 /home/sakurupi/demo.sakurupiah.id/system/Database/MySQLi/Connection.php(306): mysqli->query('SELECT *\nFROM `...', 0)
#1 /home/sakurupi/demo.sakurupiah.id/system/Database/BaseConnection.php(693): CodeIgniter\Database\MySQLi\Connection->execute('SELECT *\nFROM `...')
#2 /home/sakurupi/demo.sakurupiah.id/system/Database/BaseConnection.php(607): CodeIgniter\Database\BaseConnection->simpleQuery('SELECT *\nFROM `...')
#3 /home/sakurupi/demo.sakurupiah.id/system/Database/BaseBuilder.php(1615): CodeIgniter\Database\BaseConnection->query('SELECT *\nFROM `...', Array, false)
#4 /home/sakurupi/demo.sakurupiah.id/system/Model.php(237): CodeIgniter\Database\BaseBuilder->get()
#5 /home/sakurupi/demo.sakurupiah.id/system/BaseModel.php(624): CodeIgniter\Model->doFindAll(0, 0)
#6 /home/sakurupi/demo.sakurupiah.id/app/Controllers/View.php(83): CodeIgniter\BaseModel->findAll()
#7 /home/sakurupi/demo.sakurupiah.id/system/CodeIgniter.php(943): App\Controllers\View->getFlashSale()
#8 /home/sakurupi/demo.sakurupiah.id/system/CodeIgniter.php(503): CodeIgniter\CodeIgniter->runController(Object(App\Controllers\View))
#9 /home/sakurupi/demo.sakurupiah.id/system/CodeIgniter.php(362): CodeIgniter\CodeIgniter->handleRequest(NULL, Object(Config\Cache), false)
#10 /home/sakurupi/demo.sakurupiah.id/index.php(79): CodeIgniter\CodeIgniter->run()
#11 {main}
CRITICAL - 2025-06-29 13:58:13 --> You have an error in your SQL syntax; check the manual that corresponds to your MySQL server version for the right syntax to use near ')' at line 3
in SYSTEMPATH/Database/BaseConnection.php on line 647.
 1 SYSTEMPATH/Database/BaseBuilder.php(1615): CodeIgniter\Database\BaseConnection->query('SELECT *
FROM `games`
WHERE `brand` IN :brand:', [...], false)
 2 SYSTEMPATH/Model.php(237): CodeIgniter\Database\BaseBuilder->get()
 3 SYSTEMPATH/BaseModel.php(624): CodeIgniter\Model->doFindAll(0, 0)
 4 APPPATH/Controllers/View.php(83): CodeIgniter\BaseModel->findAll()
 5 SYSTEMPATH/CodeIgniter.php(943): App\Controllers\View->getFlashSale()
 6 SYSTEMPATH/CodeIgniter.php(503): CodeIgniter\CodeIgniter->runController(Object(App\Controllers\View))
 7 SYSTEMPATH/CodeIgniter.php(362): CodeIgniter\CodeIgniter->handleRequest(null, Object(Config\Cache), false)
 8 FCPATH/index.php(79): CodeIgniter\CodeIgniter->run()
ERROR - 2025-06-29 13:58:27 --> mysqli_sql_exception: You have an error in your SQL syntax; check the manual that corresponds to your MySQL server version for the right syntax to use near ')' at line 3 in /home/sakurupi/demo.sakurupiah.id/system/Database/MySQLi/Connection.php:306
Stack trace:
#0 /home/sakurupi/demo.sakurupiah.id/system/Database/MySQLi/Connection.php(306): mysqli->query('SELECT *\nFROM `...', 0)
#1 /home/sakurupi/demo.sakurupiah.id/system/Database/BaseConnection.php(693): CodeIgniter\Database\MySQLi\Connection->execute('SELECT *\nFROM `...')
#2 /home/sakurupi/demo.sakurupiah.id/system/Database/BaseConnection.php(607): CodeIgniter\Database\BaseConnection->simpleQuery('SELECT *\nFROM `...')
#3 /home/sakurupi/demo.sakurupiah.id/system/Database/BaseBuilder.php(1615): CodeIgniter\Database\BaseConnection->query('SELECT *\nFROM `...', Array, false)
#4 /home/sakurupi/demo.sakurupiah.id/system/Model.php(237): CodeIgniter\Database\BaseBuilder->get()
#5 /home/sakurupi/demo.sakurupiah.id/system/BaseModel.php(624): CodeIgniter\Model->doFindAll(0, 0)
#6 /home/sakurupi/demo.sakurupiah.id/app/Controllers/View.php(83): CodeIgniter\BaseModel->findAll()
#7 /home/sakurupi/demo.sakurupiah.id/system/CodeIgniter.php(943): App\Controllers\View->getFlashSale()
#8 /home/sakurupi/demo.sakurupiah.id/system/CodeIgniter.php(503): CodeIgniter\CodeIgniter->runController(Object(App\Controllers\View))
#9 /home/sakurupi/demo.sakurupiah.id/system/CodeIgniter.php(362): CodeIgniter\CodeIgniter->handleRequest(NULL, Object(Config\Cache), false)
#10 /home/sakurupi/demo.sakurupiah.id/index.php(79): CodeIgniter\CodeIgniter->run()
#11 {main}
CRITICAL - 2025-06-29 13:58:27 --> You have an error in your SQL syntax; check the manual that corresponds to your MySQL server version for the right syntax to use near ')' at line 3
in SYSTEMPATH/Database/BaseConnection.php on line 647.
 1 SYSTEMPATH/Database/BaseBuilder.php(1615): CodeIgniter\Database\BaseConnection->query('SELECT *
FROM `games`
WHERE `brand` IN :brand:', [...], false)
 2 SYSTEMPATH/Model.php(237): CodeIgniter\Database\BaseBuilder->get()
 3 SYSTEMPATH/BaseModel.php(624): CodeIgniter\Model->doFindAll(0, 0)
 4 APPPATH/Controllers/View.php(83): CodeIgniter\BaseModel->findAll()
 5 SYSTEMPATH/CodeIgniter.php(943): App\Controllers\View->getFlashSale()
 6 SYSTEMPATH/CodeIgniter.php(503): CodeIgniter\CodeIgniter->runController(Object(App\Controllers\View))
 7 SYSTEMPATH/CodeIgniter.php(362): CodeIgniter\CodeIgniter->handleRequest(null, Object(Config\Cache), false)
 8 FCPATH/index.php(79): CodeIgniter\CodeIgniter->run()
ERROR - 2025-06-29 13:58:38 --> mysqli_sql_exception: You have an error in your SQL syntax; check the manual that corresponds to your MySQL server version for the right syntax to use near ')' at line 3 in /home/sakurupi/demo.sakurupiah.id/system/Database/MySQLi/Connection.php:306
Stack trace:
#0 /home/sakurupi/demo.sakurupiah.id/system/Database/MySQLi/Connection.php(306): mysqli->query('SELECT *\nFROM `...', 0)
#1 /home/sakurupi/demo.sakurupiah.id/system/Database/BaseConnection.php(693): CodeIgniter\Database\MySQLi\Connection->execute('SELECT *\nFROM `...')
#2 /home/sakurupi/demo.sakurupiah.id/system/Database/BaseConnection.php(607): CodeIgniter\Database\BaseConnection->simpleQuery('SELECT *\nFROM `...')
#3 /home/sakurupi/demo.sakurupiah.id/system/Database/BaseBuilder.php(1615): CodeIgniter\Database\BaseConnection->query('SELECT *\nFROM `...', Array, false)
#4 /home/sakurupi/demo.sakurupiah.id/system/Model.php(237): CodeIgniter\Database\BaseBuilder->get()
#5 /home/sakurupi/demo.sakurupiah.id/system/BaseModel.php(624): CodeIgniter\Model->doFindAll(0, 0)
#6 /home/sakurupi/demo.sakurupiah.id/app/Controllers/View.php(83): CodeIgniter\BaseModel->findAll()
#7 /home/sakurupi/demo.sakurupiah.id/system/CodeIgniter.php(943): App\Controllers\View->getFlashSale()
#8 /home/sakurupi/demo.sakurupiah.id/system/CodeIgniter.php(503): CodeIgniter\CodeIgniter->runController(Object(App\Controllers\View))
#9 /home/sakurupi/demo.sakurupiah.id/system/CodeIgniter.php(362): CodeIgniter\CodeIgniter->handleRequest(NULL, Object(Config\Cache), false)
#10 /home/sakurupi/demo.sakurupiah.id/index.php(79): CodeIgniter\CodeIgniter->run()
#11 {main}
CRITICAL - 2025-06-29 13:58:38 --> You have an error in your SQL syntax; check the manual that corresponds to your MySQL server version for the right syntax to use near ')' at line 3
in SYSTEMPATH/Database/BaseConnection.php on line 647.
 1 SYSTEMPATH/Database/BaseBuilder.php(1615): CodeIgniter\Database\BaseConnection->query('SELECT *
FROM `games`
WHERE `brand` IN :brand:', [...], false)
 2 SYSTEMPATH/Model.php(237): CodeIgniter\Database\BaseBuilder->get()
 3 SYSTEMPATH/BaseModel.php(624): CodeIgniter\Model->doFindAll(0, 0)
 4 APPPATH/Controllers/View.php(83): CodeIgniter\BaseModel->findAll()
 5 SYSTEMPATH/CodeIgniter.php(943): App\Controllers\View->getFlashSale()
 6 SYSTEMPATH/CodeIgniter.php(503): CodeIgniter\CodeIgniter->runController(Object(App\Controllers\View))
 7 SYSTEMPATH/CodeIgniter.php(362): CodeIgniter\CodeIgniter->handleRequest(null, Object(Config\Cache), false)
 8 FCPATH/index.php(79): CodeIgniter\CodeIgniter->run()
ERROR - 2025-06-29 14:00:11 --> mysqli_sql_exception: You have an error in your SQL syntax; check the manual that corresponds to your MySQL server version for the right syntax to use near ')' at line 3 in /home/sakurupi/demo.sakurupiah.id/system/Database/MySQLi/Connection.php:306
Stack trace:
#0 /home/sakurupi/demo.sakurupiah.id/system/Database/MySQLi/Connection.php(306): mysqli->query('SELECT *\nFROM `...', 0)
#1 /home/sakurupi/demo.sakurupiah.id/system/Database/BaseConnection.php(693): CodeIgniter\Database\MySQLi\Connection->execute('SELECT *\nFROM `...')
#2 /home/sakurupi/demo.sakurupiah.id/system/Database/BaseConnection.php(607): CodeIgniter\Database\BaseConnection->simpleQuery('SELECT *\nFROM `...')
#3 /home/sakurupi/demo.sakurupiah.id/system/Database/BaseBuilder.php(1615): CodeIgniter\Database\BaseConnection->query('SELECT *\nFROM `...', Array, false)
#4 /home/sakurupi/demo.sakurupiah.id/system/Model.php(237): CodeIgniter\Database\BaseBuilder->get()
#5 /home/sakurupi/demo.sakurupiah.id/system/BaseModel.php(624): CodeIgniter\Model->doFindAll(0, 0)
#6 /home/sakurupi/demo.sakurupiah.id/app/Controllers/View.php(83): CodeIgniter\BaseModel->findAll()
#7 /home/sakurupi/demo.sakurupiah.id/system/CodeIgniter.php(943): App\Controllers\View->getFlashSale()
#8 /home/sakurupi/demo.sakurupiah.id/system/CodeIgniter.php(503): CodeIgniter\CodeIgniter->runController(Object(App\Controllers\View))
#9 /home/sakurupi/demo.sakurupiah.id/system/CodeIgniter.php(362): CodeIgniter\CodeIgniter->handleRequest(NULL, Object(Config\Cache), false)
#10 /home/sakurupi/demo.sakurupiah.id/index.php(79): CodeIgniter\CodeIgniter->run()
#11 {main}
CRITICAL - 2025-06-29 14:00:11 --> You have an error in your SQL syntax; check the manual that corresponds to your MySQL server version for the right syntax to use near ')' at line 3
in SYSTEMPATH/Database/BaseConnection.php on line 647.
 1 SYSTEMPATH/Database/BaseBuilder.php(1615): CodeIgniter\Database\BaseConnection->query('SELECT *
FROM `games`
WHERE `brand` IN :brand:', [...], false)
 2 SYSTEMPATH/Model.php(237): CodeIgniter\Database\BaseBuilder->get()
 3 SYSTEMPATH/BaseModel.php(624): CodeIgniter\Model->doFindAll(0, 0)
 4 APPPATH/Controllers/View.php(83): CodeIgniter\BaseModel->findAll()
 5 SYSTEMPATH/CodeIgniter.php(943): App\Controllers\View->getFlashSale()
 6 SYSTEMPATH/CodeIgniter.php(503): CodeIgniter\CodeIgniter->runController(Object(App\Controllers\View))
 7 SYSTEMPATH/CodeIgniter.php(362): CodeIgniter\CodeIgniter->handleRequest(null, Object(Config\Cache), false)
 8 FCPATH/index.php(79): CodeIgniter\CodeIgniter->run()
ERROR - 2025-06-29 14:00:32 --> mysqli_sql_exception: You have an error in your SQL syntax; check the manual that corresponds to your MySQL server version for the right syntax to use near ')' at line 3 in /home/sakurupi/demo.sakurupiah.id/system/Database/MySQLi/Connection.php:306
Stack trace:
#0 /home/sakurupi/demo.sakurupiah.id/system/Database/MySQLi/Connection.php(306): mysqli->query('SELECT *\nFROM `...', 0)
#1 /home/sakurupi/demo.sakurupiah.id/system/Database/BaseConnection.php(693): CodeIgniter\Database\MySQLi\Connection->execute('SELECT *\nFROM `...')
#2 /home/sakurupi/demo.sakurupiah.id/system/Database/BaseConnection.php(607): CodeIgniter\Database\BaseConnection->simpleQuery('SELECT *\nFROM `...')
#3 /home/sakurupi/demo.sakurupiah.id/system/Database/BaseBuilder.php(1615): CodeIgniter\Database\BaseConnection->query('SELECT *\nFROM `...', Array, false)
#4 /home/sakurupi/demo.sakurupiah.id/system/Model.php(237): CodeIgniter\Database\BaseBuilder->get()
#5 /home/sakurupi/demo.sakurupiah.id/system/BaseModel.php(624): CodeIgniter\Model->doFindAll(0, 0)
#6 /home/sakurupi/demo.sakurupiah.id/app/Controllers/View.php(83): CodeIgniter\BaseModel->findAll()
#7 /home/sakurupi/demo.sakurupiah.id/system/CodeIgniter.php(943): App\Controllers\View->getFlashSale()
#8 /home/sakurupi/demo.sakurupiah.id/system/CodeIgniter.php(503): CodeIgniter\CodeIgniter->runController(Object(App\Controllers\View))
#9 /home/sakurupi/demo.sakurupiah.id/system/CodeIgniter.php(362): CodeIgniter\CodeIgniter->handleRequest(NULL, Object(Config\Cache), false)
#10 /home/sakurupi/demo.sakurupiah.id/index.php(79): CodeIgniter\CodeIgniter->run()
#11 {main}
CRITICAL - 2025-06-29 14:00:32 --> You have an error in your SQL syntax; check the manual that corresponds to your MySQL server version for the right syntax to use near ')' at line 3
in SYSTEMPATH/Database/BaseConnection.php on line 647.
 1 SYSTEMPATH/Database/BaseBuilder.php(1615): CodeIgniter\Database\BaseConnection->query('SELECT *
FROM `games`
WHERE `brand` IN :brand:', [...], false)
 2 SYSTEMPATH/Model.php(237): CodeIgniter\Database\BaseBuilder->get()
 3 SYSTEMPATH/BaseModel.php(624): CodeIgniter\Model->doFindAll(0, 0)
 4 APPPATH/Controllers/View.php(83): CodeIgniter\BaseModel->findAll()
 5 SYSTEMPATH/CodeIgniter.php(943): App\Controllers\View->getFlashSale()
 6 SYSTEMPATH/CodeIgniter.php(503): CodeIgniter\CodeIgniter->runController(Object(App\Controllers\View))
 7 SYSTEMPATH/CodeIgniter.php(362): CodeIgniter\CodeIgniter->handleRequest(null, Object(Config\Cache), false)
 8 FCPATH/index.php(79): CodeIgniter\CodeIgniter->run()
ERROR - 2025-06-29 16:50:04 --> mysqli_sql_exception: You have an error in your SQL syntax; check the manual that corresponds to your MySQL server version for the right syntax to use near ')' at line 3 in /home/sakurupi/demo.sakurupiah.id/system/Database/MySQLi/Connection.php:306
Stack trace:
#0 /home/sakurupi/demo.sakurupiah.id/system/Database/MySQLi/Connection.php(306): mysqli->query('SELECT *\nFROM `...', 0)
#1 /home/sakurupi/demo.sakurupiah.id/system/Database/BaseConnection.php(693): CodeIgniter\Database\MySQLi\Connection->execute('SELECT *\nFROM `...')
#2 /home/sakurupi/demo.sakurupiah.id/system/Database/BaseConnection.php(607): CodeIgniter\Database\BaseConnection->simpleQuery('SELECT *\nFROM `...')
#3 /home/sakurupi/demo.sakurupiah.id/system/Database/BaseBuilder.php(1615): CodeIgniter\Database\BaseConnection->query('SELECT *\nFROM `...', Array, false)
#4 /home/sakurupi/demo.sakurupiah.id/system/Model.php(237): CodeIgniter\Database\BaseBuilder->get()
#5 /home/sakurupi/demo.sakurupiah.id/system/BaseModel.php(624): CodeIgniter\Model->doFindAll(0, 0)
#6 /home/sakurupi/demo.sakurupiah.id/app/Controllers/View.php(83): CodeIgniter\BaseModel->findAll()
#7 /home/sakurupi/demo.sakurupiah.id/system/CodeIgniter.php(943): App\Controllers\View->getFlashSale()
#8 /home/sakurupi/demo.sakurupiah.id/system/CodeIgniter.php(503): CodeIgniter\CodeIgniter->runController(Object(App\Controllers\View))
#9 /home/sakurupi/demo.sakurupiah.id/system/CodeIgniter.php(362): CodeIgniter\CodeIgniter->handleRequest(NULL, Object(Config\Cache), false)
#10 /home/sakurupi/demo.sakurupiah.id/index.php(79): CodeIgniter\CodeIgniter->run()
#11 {main}
CRITICAL - 2025-06-29 16:50:04 --> You have an error in your SQL syntax; check the manual that corresponds to your MySQL server version for the right syntax to use near ')' at line 3
in SYSTEMPATH/Database/BaseConnection.php on line 647.
 1 SYSTEMPATH/Database/BaseBuilder.php(1615): CodeIgniter\Database\BaseConnection->query('SELECT *
FROM `games`
WHERE `brand` IN :brand:', [...], false)
 2 SYSTEMPATH/Model.php(237): CodeIgniter\Database\BaseBuilder->get()
 3 SYSTEMPATH/BaseModel.php(624): CodeIgniter\Model->doFindAll(0, 0)
 4 APPPATH/Controllers/View.php(83): CodeIgniter\BaseModel->findAll()
 5 SYSTEMPATH/CodeIgniter.php(943): App\Controllers\View->getFlashSale()
 6 SYSTEMPATH/CodeIgniter.php(503): CodeIgniter\CodeIgniter->runController(Object(App\Controllers\View))
 7 SYSTEMPATH/CodeIgniter.php(362): CodeIgniter\CodeIgniter->handleRequest(null, Object(Config\Cache), false)
 8 FCPATH/index.php(79): CodeIgniter\CodeIgniter->run()
ERROR - 2025-06-29 16:53:21 --> mysqli_sql_exception: You have an error in your SQL syntax; check the manual that corresponds to your MySQL server version for the right syntax to use near ')' at line 3 in /home/sakurupi/demo.sakurupiah.id/system/Database/MySQLi/Connection.php:306
Stack trace:
#0 /home/sakurupi/demo.sakurupiah.id/system/Database/MySQLi/Connection.php(306): mysqli->query('SELECT *\nFROM `...', 0)
#1 /home/sakurupi/demo.sakurupiah.id/system/Database/BaseConnection.php(693): CodeIgniter\Database\MySQLi\Connection->execute('SELECT *\nFROM `...')
#2 /home/sakurupi/demo.sakurupiah.id/system/Database/BaseConnection.php(607): CodeIgniter\Database\BaseConnection->simpleQuery('SELECT *\nFROM `...')
#3 /home/sakurupi/demo.sakurupiah.id/system/Database/BaseBuilder.php(1615): CodeIgniter\Database\BaseConnection->query('SELECT *\nFROM `...', Array, false)
#4 /home/sakurupi/demo.sakurupiah.id/system/Model.php(237): CodeIgniter\Database\BaseBuilder->get()
#5 /home/sakurupi/demo.sakurupiah.id/system/BaseModel.php(624): CodeIgniter\Model->doFindAll(0, 0)
#6 /home/sakurupi/demo.sakurupiah.id/app/Controllers/View.php(83): CodeIgniter\BaseModel->findAll()
#7 /home/sakurupi/demo.sakurupiah.id/system/CodeIgniter.php(943): App\Controllers\View->getFlashSale()
#8 /home/sakurupi/demo.sakurupiah.id/system/CodeIgniter.php(503): CodeIgniter\CodeIgniter->runController(Object(App\Controllers\View))
#9 /home/sakurupi/demo.sakurupiah.id/system/CodeIgniter.php(362): CodeIgniter\CodeIgniter->handleRequest(NULL, Object(Config\Cache), false)
#10 /home/sakurupi/demo.sakurupiah.id/index.php(79): CodeIgniter\CodeIgniter->run()
#11 {main}
CRITICAL - 2025-06-29 16:53:21 --> You have an error in your SQL syntax; check the manual that corresponds to your MySQL server version for the right syntax to use near ')' at line 3
in SYSTEMPATH/Database/BaseConnection.php on line 647.
 1 SYSTEMPATH/Database/BaseBuilder.php(1615): CodeIgniter\Database\BaseConnection->query('SELECT *
FROM `games`
WHERE `brand` IN :brand:', [...], false)
 2 SYSTEMPATH/Model.php(237): CodeIgniter\Database\BaseBuilder->get()
 3 SYSTEMPATH/BaseModel.php(624): CodeIgniter\Model->doFindAll(0, 0)
 4 APPPATH/Controllers/View.php(83): CodeIgniter\BaseModel->findAll()
 5 SYSTEMPATH/CodeIgniter.php(943): App\Controllers\View->getFlashSale()
 6 SYSTEMPATH/CodeIgniter.php(503): CodeIgniter\CodeIgniter->runController(Object(App\Controllers\View))
 7 SYSTEMPATH/CodeIgniter.php(362): CodeIgniter\CodeIgniter->handleRequest(null, Object(Config\Cache), false)
 8 FCPATH/index.php(79): CodeIgniter\CodeIgniter->run()
ERROR - 2025-06-29 16:55:03 --> mysqli_sql_exception: You have an error in your SQL syntax; check the manual that corresponds to your MySQL server version for the right syntax to use near ')' at line 3 in /home/sakurupi/demo.sakurupiah.id/system/Database/MySQLi/Connection.php:306
Stack trace:
#0 /home/sakurupi/demo.sakurupiah.id/system/Database/MySQLi/Connection.php(306): mysqli->query('SELECT *\nFROM `...', 0)
#1 /home/sakurupi/demo.sakurupiah.id/system/Database/BaseConnection.php(693): CodeIgniter\Database\MySQLi\Connection->execute('SELECT *\nFROM `...')
#2 /home/sakurupi/demo.sakurupiah.id/system/Database/BaseConnection.php(607): CodeIgniter\Database\BaseConnection->simpleQuery('SELECT *\nFROM `...')
#3 /home/sakurupi/demo.sakurupiah.id/system/Database/BaseBuilder.php(1615): CodeIgniter\Database\BaseConnection->query('SELECT *\nFROM `...', Array, false)
#4 /home/sakurupi/demo.sakurupiah.id/system/Model.php(237): CodeIgniter\Database\BaseBuilder->get()
#5 /home/sakurupi/demo.sakurupiah.id/system/BaseModel.php(624): CodeIgniter\Model->doFindAll(0, 0)
#6 /home/sakurupi/demo.sakurupiah.id/app/Controllers/View.php(83): CodeIgniter\BaseModel->findAll()
#7 /home/sakurupi/demo.sakurupiah.id/system/CodeIgniter.php(943): App\Controllers\View->getFlashSale()
#8 /home/sakurupi/demo.sakurupiah.id/system/CodeIgniter.php(503): CodeIgniter\CodeIgniter->runController(Object(App\Controllers\View))
#9 /home/sakurupi/demo.sakurupiah.id/system/CodeIgniter.php(362): CodeIgniter\CodeIgniter->handleRequest(NULL, Object(Config\Cache), false)
#10 /home/sakurupi/demo.sakurupiah.id/index.php(79): CodeIgniter\CodeIgniter->run()
#11 {main}
CRITICAL - 2025-06-29 16:55:03 --> You have an error in your SQL syntax; check the manual that corresponds to your MySQL server version for the right syntax to use near ')' at line 3
in SYSTEMPATH/Database/BaseConnection.php on line 647.
 1 SYSTEMPATH/Database/BaseBuilder.php(1615): CodeIgniter\Database\BaseConnection->query('SELECT *
FROM `games`
WHERE `brand` IN :brand:', [...], false)
 2 SYSTEMPATH/Model.php(237): CodeIgniter\Database\BaseBuilder->get()
 3 SYSTEMPATH/BaseModel.php(624): CodeIgniter\Model->doFindAll(0, 0)
 4 APPPATH/Controllers/View.php(83): CodeIgniter\BaseModel->findAll()
 5 SYSTEMPATH/CodeIgniter.php(943): App\Controllers\View->getFlashSale()
 6 SYSTEMPATH/CodeIgniter.php(503): CodeIgniter\CodeIgniter->runController(Object(App\Controllers\View))
 7 SYSTEMPATH/CodeIgniter.php(362): CodeIgniter\CodeIgniter->handleRequest(null, Object(Config\Cache), false)
 8 FCPATH/index.php(79): CodeIgniter\CodeIgniter->run()
ERROR - 2025-06-29 16:56:03 --> mysqli_sql_exception: You have an error in your SQL syntax; check the manual that corresponds to your MySQL server version for the right syntax to use near ')' at line 3 in /home/sakurupi/demo.sakurupiah.id/system/Database/MySQLi/Connection.php:306
Stack trace:
#0 /home/sakurupi/demo.sakurupiah.id/system/Database/MySQLi/Connection.php(306): mysqli->query('SELECT *\nFROM `...', 0)
#1 /home/sakurupi/demo.sakurupiah.id/system/Database/BaseConnection.php(693): CodeIgniter\Database\MySQLi\Connection->execute('SELECT *\nFROM `...')
#2 /home/sakurupi/demo.sakurupiah.id/system/Database/BaseConnection.php(607): CodeIgniter\Database\BaseConnection->simpleQuery('SELECT *\nFROM `...')
#3 /home/sakurupi/demo.sakurupiah.id/system/Database/BaseBuilder.php(1615): CodeIgniter\Database\BaseConnection->query('SELECT *\nFROM `...', Array, false)
#4 /home/sakurupi/demo.sakurupiah.id/system/Model.php(237): CodeIgniter\Database\BaseBuilder->get()
#5 /home/sakurupi/demo.sakurupiah.id/system/BaseModel.php(624): CodeIgniter\Model->doFindAll(0, 0)
#6 /home/sakurupi/demo.sakurupiah.id/app/Controllers/View.php(83): CodeIgniter\BaseModel->findAll()
#7 /home/sakurupi/demo.sakurupiah.id/system/CodeIgniter.php(943): App\Controllers\View->getFlashSale()
#8 /home/sakurupi/demo.sakurupiah.id/system/CodeIgniter.php(503): CodeIgniter\CodeIgniter->runController(Object(App\Controllers\View))
#9 /home/sakurupi/demo.sakurupiah.id/system/CodeIgniter.php(362): CodeIgniter\CodeIgniter->handleRequest(NULL, Object(Config\Cache), false)
#10 /home/sakurupi/demo.sakurupiah.id/index.php(79): CodeIgniter\CodeIgniter->run()
#11 {main}
CRITICAL - 2025-06-29 16:56:03 --> You have an error in your SQL syntax; check the manual that corresponds to your MySQL server version for the right syntax to use near ')' at line 3
in SYSTEMPATH/Database/BaseConnection.php on line 647.
 1 SYSTEMPATH/Database/BaseBuilder.php(1615): CodeIgniter\Database\BaseConnection->query('SELECT *
FROM `games`
WHERE `brand` IN :brand:', [...], false)
 2 SYSTEMPATH/Model.php(237): CodeIgniter\Database\BaseBuilder->get()
 3 SYSTEMPATH/BaseModel.php(624): CodeIgniter\Model->doFindAll(0, 0)
 4 APPPATH/Controllers/View.php(83): CodeIgniter\BaseModel->findAll()
 5 SYSTEMPATH/CodeIgniter.php(943): App\Controllers\View->getFlashSale()
 6 SYSTEMPATH/CodeIgniter.php(503): CodeIgniter\CodeIgniter->runController(Object(App\Controllers\View))
 7 SYSTEMPATH/CodeIgniter.php(362): CodeIgniter\CodeIgniter->handleRequest(null, Object(Config\Cache), false)
 8 FCPATH/index.php(79): CodeIgniter\CodeIgniter->run()
ERROR - 2025-06-29 17:13:23 --> mysqli_sql_exception: You have an error in your SQL syntax; check the manual that corresponds to your MySQL server version for the right syntax to use near ')' at line 3 in /home/sakurupi/demo.sakurupiah.id/system/Database/MySQLi/Connection.php:306
Stack trace:
#0 /home/sakurupi/demo.sakurupiah.id/system/Database/MySQLi/Connection.php(306): mysqli->query('SELECT *\nFROM `...', 0)
#1 /home/sakurupi/demo.sakurupiah.id/system/Database/BaseConnection.php(693): CodeIgniter\Database\MySQLi\Connection->execute('SELECT *\nFROM `...')
#2 /home/sakurupi/demo.sakurupiah.id/system/Database/BaseConnection.php(607): CodeIgniter\Database\BaseConnection->simpleQuery('SELECT *\nFROM `...')
#3 /home/sakurupi/demo.sakurupiah.id/system/Database/BaseBuilder.php(1615): CodeIgniter\Database\BaseConnection->query('SELECT *\nFROM `...', Array, false)
#4 /home/sakurupi/demo.sakurupiah.id/system/Model.php(237): CodeIgniter\Database\BaseBuilder->get()
#5 /home/sakurupi/demo.sakurupiah.id/system/BaseModel.php(624): CodeIgniter\Model->doFindAll(0, 0)
#6 /home/sakurupi/demo.sakurupiah.id/app/Controllers/View.php(83): CodeIgniter\BaseModel->findAll()
#7 /home/sakurupi/demo.sakurupiah.id/system/CodeIgniter.php(943): App\Controllers\View->getFlashSale()
#8 /home/sakurupi/demo.sakurupiah.id/system/CodeIgniter.php(503): CodeIgniter\CodeIgniter->runController(Object(App\Controllers\View))
#9 /home/sakurupi/demo.sakurupiah.id/system/CodeIgniter.php(362): CodeIgniter\CodeIgniter->handleRequest(NULL, Object(Config\Cache), false)
#10 /home/sakurupi/demo.sakurupiah.id/index.php(79): CodeIgniter\CodeIgniter->run()
#11 {main}
CRITICAL - 2025-06-29 17:13:23 --> You have an error in your SQL syntax; check the manual that corresponds to your MySQL server version for the right syntax to use near ')' at line 3
in SYSTEMPATH/Database/BaseConnection.php on line 647.
 1 SYSTEMPATH/Database/BaseBuilder.php(1615): CodeIgniter\Database\BaseConnection->query('SELECT *
FROM `games`
WHERE `brand` IN :brand:', [...], false)
 2 SYSTEMPATH/Model.php(237): CodeIgniter\Database\BaseBuilder->get()
 3 SYSTEMPATH/BaseModel.php(624): CodeIgniter\Model->doFindAll(0, 0)
 4 APPPATH/Controllers/View.php(83): CodeIgniter\BaseModel->findAll()
 5 SYSTEMPATH/CodeIgniter.php(943): App\Controllers\View->getFlashSale()
 6 SYSTEMPATH/CodeIgniter.php(503): CodeIgniter\CodeIgniter->runController(Object(App\Controllers\View))
 7 SYSTEMPATH/CodeIgniter.php(362): CodeIgniter\CodeIgniter->handleRequest(null, Object(Config\Cache), false)
 8 FCPATH/index.php(79): CodeIgniter\CodeIgniter->run()
ERROR - 2025-06-29 17:15:51 --> mysqli_sql_exception: You have an error in your SQL syntax; check the manual that corresponds to your MySQL server version for the right syntax to use near ')' at line 3 in /home/sakurupi/demo.sakurupiah.id/system/Database/MySQLi/Connection.php:306
Stack trace:
#0 /home/sakurupi/demo.sakurupiah.id/system/Database/MySQLi/Connection.php(306): mysqli->query('SELECT *\nFROM `...', 0)
#1 /home/sakurupi/demo.sakurupiah.id/system/Database/BaseConnection.php(693): CodeIgniter\Database\MySQLi\Connection->execute('SELECT *\nFROM `...')
#2 /home/sakurupi/demo.sakurupiah.id/system/Database/BaseConnection.php(607): CodeIgniter\Database\BaseConnection->simpleQuery('SELECT *\nFROM `...')
#3 /home/sakurupi/demo.sakurupiah.id/system/Database/BaseBuilder.php(1615): CodeIgniter\Database\BaseConnection->query('SELECT *\nFROM `...', Array, false)
#4 /home/sakurupi/demo.sakurupiah.id/system/Model.php(237): CodeIgniter\Database\BaseBuilder->get()
#5 /home/sakurupi/demo.sakurupiah.id/system/BaseModel.php(624): CodeIgniter\Model->doFindAll(0, 0)
#6 /home/sakurupi/demo.sakurupiah.id/app/Controllers/View.php(83): CodeIgniter\BaseModel->findAll()
#7 /home/sakurupi/demo.sakurupiah.id/system/CodeIgniter.php(943): App\Controllers\View->getFlashSale()
#8 /home/sakurupi/demo.sakurupiah.id/system/CodeIgniter.php(503): CodeIgniter\CodeIgniter->runController(Object(App\Controllers\View))
#9 /home/sakurupi/demo.sakurupiah.id/system/CodeIgniter.php(362): CodeIgniter\CodeIgniter->handleRequest(NULL, Object(Config\Cache), false)
#10 /home/sakurupi/demo.sakurupiah.id/index.php(79): CodeIgniter\CodeIgniter->run()
#11 {main}
CRITICAL - 2025-06-29 17:15:51 --> You have an error in your SQL syntax; check the manual that corresponds to your MySQL server version for the right syntax to use near ')' at line 3
in SYSTEMPATH/Database/BaseConnection.php on line 647.
 1 SYSTEMPATH/Database/BaseBuilder.php(1615): CodeIgniter\Database\BaseConnection->query('SELECT *
FROM `games`
WHERE `brand` IN :brand:', [...], false)
 2 SYSTEMPATH/Model.php(237): CodeIgniter\Database\BaseBuilder->get()
 3 SYSTEMPATH/BaseModel.php(624): CodeIgniter\Model->doFindAll(0, 0)
 4 APPPATH/Controllers/View.php(83): CodeIgniter\BaseModel->findAll()
 5 SYSTEMPATH/CodeIgniter.php(943): App\Controllers\View->getFlashSale()
 6 SYSTEMPATH/CodeIgniter.php(503): CodeIgniter\CodeIgniter->runController(Object(App\Controllers\View))
 7 SYSTEMPATH/CodeIgniter.php(362): CodeIgniter\CodeIgniter->handleRequest(null, Object(Config\Cache), false)
 8 FCPATH/index.php(79): CodeIgniter\CodeIgniter->run()
ERROR - 2025-06-29 17:17:42 --> mysqli_sql_exception: You have an error in your SQL syntax; check the manual that corresponds to your MySQL server version for the right syntax to use near ')' at line 3 in /home/sakurupi/demo.sakurupiah.id/system/Database/MySQLi/Connection.php:306
Stack trace:
#0 /home/sakurupi/demo.sakurupiah.id/system/Database/MySQLi/Connection.php(306): mysqli->query('SELECT *\nFROM `...', 0)
#1 /home/sakurupi/demo.sakurupiah.id/system/Database/BaseConnection.php(693): CodeIgniter\Database\MySQLi\Connection->execute('SELECT *\nFROM `...')
#2 /home/sakurupi/demo.sakurupiah.id/system/Database/BaseConnection.php(607): CodeIgniter\Database\BaseConnection->simpleQuery('SELECT *\nFROM `...')
#3 /home/sakurupi/demo.sakurupiah.id/system/Database/BaseBuilder.php(1615): CodeIgniter\Database\BaseConnection->query('SELECT *\nFROM `...', Array, false)
#4 /home/sakurupi/demo.sakurupiah.id/system/Model.php(237): CodeIgniter\Database\BaseBuilder->get()
#5 /home/sakurupi/demo.sakurupiah.id/system/BaseModel.php(624): CodeIgniter\Model->doFindAll(0, 0)
#6 /home/sakurupi/demo.sakurupiah.id/app/Controllers/View.php(83): CodeIgniter\BaseModel->findAll()
#7 /home/sakurupi/demo.sakurupiah.id/system/CodeIgniter.php(943): App\Controllers\View->getFlashSale()
#8 /home/sakurupi/demo.sakurupiah.id/system/CodeIgniter.php(503): CodeIgniter\CodeIgniter->runController(Object(App\Controllers\View))
#9 /home/sakurupi/demo.sakurupiah.id/system/CodeIgniter.php(362): CodeIgniter\CodeIgniter->handleRequest(NULL, Object(Config\Cache), false)
#10 /home/sakurupi/demo.sakurupiah.id/index.php(79): CodeIgniter\CodeIgniter->run()
#11 {main}
CRITICAL - 2025-06-29 17:17:42 --> You have an error in your SQL syntax; check the manual that corresponds to your MySQL server version for the right syntax to use near ')' at line 3
in SYSTEMPATH/Database/BaseConnection.php on line 647.
 1 SYSTEMPATH/Database/BaseBuilder.php(1615): CodeIgniter\Database\BaseConnection->query('SELECT *
FROM `games`
WHERE `brand` IN :brand:', [...], false)
 2 SYSTEMPATH/Model.php(237): CodeIgniter\Database\BaseBuilder->get()
 3 SYSTEMPATH/BaseModel.php(624): CodeIgniter\Model->doFindAll(0, 0)
 4 APPPATH/Controllers/View.php(83): CodeIgniter\BaseModel->findAll()
 5 SYSTEMPATH/CodeIgniter.php(943): App\Controllers\View->getFlashSale()
 6 SYSTEMPATH/CodeIgniter.php(503): CodeIgniter\CodeIgniter->runController(Object(App\Controllers\View))
 7 SYSTEMPATH/CodeIgniter.php(362): CodeIgniter\CodeIgniter->handleRequest(null, Object(Config\Cache), false)
 8 FCPATH/index.php(79): CodeIgniter\CodeIgniter->run()
ERROR - 2025-06-29 17:17:52 --> mysqli_sql_exception: You have an error in your SQL syntax; check the manual that corresponds to your MySQL server version for the right syntax to use near ')' at line 3 in /home/sakurupi/demo.sakurupiah.id/system/Database/MySQLi/Connection.php:306
Stack trace:
#0 /home/sakurupi/demo.sakurupiah.id/system/Database/MySQLi/Connection.php(306): mysqli->query('SELECT *\nFROM `...', 0)
#1 /home/sakurupi/demo.sakurupiah.id/system/Database/BaseConnection.php(693): CodeIgniter\Database\MySQLi\Connection->execute('SELECT *\nFROM `...')
#2 /home/sakurupi/demo.sakurupiah.id/system/Database/BaseConnection.php(607): CodeIgniter\Database\BaseConnection->simpleQuery('SELECT *\nFROM `...')
#3 /home/sakurupi/demo.sakurupiah.id/system/Database/BaseBuilder.php(1615): CodeIgniter\Database\BaseConnection->query('SELECT *\nFROM `...', Array, false)
#4 /home/sakurupi/demo.sakurupiah.id/system/Model.php(237): CodeIgniter\Database\BaseBuilder->get()
#5 /home/sakurupi/demo.sakurupiah.id/system/BaseModel.php(624): CodeIgniter\Model->doFindAll(0, 0)
#6 /home/sakurupi/demo.sakurupiah.id/app/Controllers/View.php(83): CodeIgniter\BaseModel->findAll()
#7 /home/sakurupi/demo.sakurupiah.id/system/CodeIgniter.php(943): App\Controllers\View->getFlashSale()
#8 /home/sakurupi/demo.sakurupiah.id/system/CodeIgniter.php(503): CodeIgniter\CodeIgniter->runController(Object(App\Controllers\View))
#9 /home/sakurupi/demo.sakurupiah.id/system/CodeIgniter.php(362): CodeIgniter\CodeIgniter->handleRequest(NULL, Object(Config\Cache), false)
#10 /home/sakurupi/demo.sakurupiah.id/index.php(79): CodeIgniter\CodeIgniter->run()
#11 {main}
CRITICAL - 2025-06-29 17:17:52 --> You have an error in your SQL syntax; check the manual that corresponds to your MySQL server version for the right syntax to use near ')' at line 3
in SYSTEMPATH/Database/BaseConnection.php on line 647.
 1 SYSTEMPATH/Database/BaseBuilder.php(1615): CodeIgniter\Database\BaseConnection->query('SELECT *
FROM `games`
WHERE `brand` IN :brand:', [...], false)
 2 SYSTEMPATH/Model.php(237): CodeIgniter\Database\BaseBuilder->get()
 3 SYSTEMPATH/BaseModel.php(624): CodeIgniter\Model->doFindAll(0, 0)
 4 APPPATH/Controllers/View.php(83): CodeIgniter\BaseModel->findAll()
 5 SYSTEMPATH/CodeIgniter.php(943): App\Controllers\View->getFlashSale()
 6 SYSTEMPATH/CodeIgniter.php(503): CodeIgniter\CodeIgniter->runController(Object(App\Controllers\View))
 7 SYSTEMPATH/CodeIgniter.php(362): CodeIgniter\CodeIgniter->handleRequest(null, Object(Config\Cache), false)
 8 FCPATH/index.php(79): CodeIgniter\CodeIgniter->run()
ERROR - 2025-06-29 17:19:01 --> mysqli_sql_exception: You have an error in your SQL syntax; check the manual that corresponds to your MySQL server version for the right syntax to use near ')' at line 3 in /home/sakurupi/demo.sakurupiah.id/system/Database/MySQLi/Connection.php:306
Stack trace:
#0 /home/sakurupi/demo.sakurupiah.id/system/Database/MySQLi/Connection.php(306): mysqli->query('SELECT *\nFROM `...', 0)
#1 /home/sakurupi/demo.sakurupiah.id/system/Database/BaseConnection.php(693): CodeIgniter\Database\MySQLi\Connection->execute('SELECT *\nFROM `...')
#2 /home/sakurupi/demo.sakurupiah.id/system/Database/BaseConnection.php(607): CodeIgniter\Database\BaseConnection->simpleQuery('SELECT *\nFROM `...')
#3 /home/sakurupi/demo.sakurupiah.id/system/Database/BaseBuilder.php(1615): CodeIgniter\Database\BaseConnection->query('SELECT *\nFROM `...', Array, false)
#4 /home/sakurupi/demo.sakurupiah.id/system/Model.php(237): CodeIgniter\Database\BaseBuilder->get()
#5 /home/sakurupi/demo.sakurupiah.id/system/BaseModel.php(624): CodeIgniter\Model->doFindAll(0, 0)
#6 /home/sakurupi/demo.sakurupiah.id/app/Controllers/View.php(83): CodeIgniter\BaseModel->findAll()
#7 /home/sakurupi/demo.sakurupiah.id/system/CodeIgniter.php(943): App\Controllers\View->getFlashSale()
#8 /home/sakurupi/demo.sakurupiah.id/system/CodeIgniter.php(503): CodeIgniter\CodeIgniter->runController(Object(App\Controllers\View))
#9 /home/sakurupi/demo.sakurupiah.id/system/CodeIgniter.php(362): CodeIgniter\CodeIgniter->handleRequest(NULL, Object(Config\Cache), false)
#10 /home/sakurupi/demo.sakurupiah.id/index.php(79): CodeIgniter\CodeIgniter->run()
#11 {main}
CRITICAL - 2025-06-29 17:19:01 --> You have an error in your SQL syntax; check the manual that corresponds to your MySQL server version for the right syntax to use near ')' at line 3
in SYSTEMPATH/Database/BaseConnection.php on line 647.
 1 SYSTEMPATH/Database/BaseBuilder.php(1615): CodeIgniter\Database\BaseConnection->query('SELECT *
FROM `games`
WHERE `brand` IN :brand:', [...], false)
 2 SYSTEMPATH/Model.php(237): CodeIgniter\Database\BaseBuilder->get()
 3 SYSTEMPATH/BaseModel.php(624): CodeIgniter\Model->doFindAll(0, 0)
 4 APPPATH/Controllers/View.php(83): CodeIgniter\BaseModel->findAll()
 5 SYSTEMPATH/CodeIgniter.php(943): App\Controllers\View->getFlashSale()
 6 SYSTEMPATH/CodeIgniter.php(503): CodeIgniter\CodeIgniter->runController(Object(App\Controllers\View))
 7 SYSTEMPATH/CodeIgniter.php(362): CodeIgniter\CodeIgniter->handleRequest(null, Object(Config\Cache), false)
 8 FCPATH/index.php(79): CodeIgniter\CodeIgniter->run()
ERROR - 2025-06-29 17:21:59 --> mysqli_sql_exception: You have an error in your SQL syntax; check the manual that corresponds to your MySQL server version for the right syntax to use near ')' at line 3 in /home/sakurupi/demo.sakurupiah.id/system/Database/MySQLi/Connection.php:306
Stack trace:
#0 /home/sakurupi/demo.sakurupiah.id/system/Database/MySQLi/Connection.php(306): mysqli->query('SELECT *\nFROM `...', 0)
#1 /home/sakurupi/demo.sakurupiah.id/system/Database/BaseConnection.php(693): CodeIgniter\Database\MySQLi\Connection->execute('SELECT *\nFROM `...')
#2 /home/sakurupi/demo.sakurupiah.id/system/Database/BaseConnection.php(607): CodeIgniter\Database\BaseConnection->simpleQuery('SELECT *\nFROM `...')
#3 /home/sakurupi/demo.sakurupiah.id/system/Database/BaseBuilder.php(1615): CodeIgniter\Database\BaseConnection->query('SELECT *\nFROM `...', Array, false)
#4 /home/sakurupi/demo.sakurupiah.id/system/Model.php(237): CodeIgniter\Database\BaseBuilder->get()
#5 /home/sakurupi/demo.sakurupiah.id/system/BaseModel.php(624): CodeIgniter\Model->doFindAll(0, 0)
#6 /home/sakurupi/demo.sakurupiah.id/app/Controllers/View.php(83): CodeIgniter\BaseModel->findAll()
#7 /home/sakurupi/demo.sakurupiah.id/system/CodeIgniter.php(943): App\Controllers\View->getFlashSale()
#8 /home/sakurupi/demo.sakurupiah.id/system/CodeIgniter.php(503): CodeIgniter\CodeIgniter->runController(Object(App\Controllers\View))
#9 /home/sakurupi/demo.sakurupiah.id/system/CodeIgniter.php(362): CodeIgniter\CodeIgniter->handleRequest(NULL, Object(Config\Cache), false)
#10 /home/sakurupi/demo.sakurupiah.id/index.php(79): CodeIgniter\CodeIgniter->run()
#11 {main}
CRITICAL - 2025-06-29 17:21:59 --> You have an error in your SQL syntax; check the manual that corresponds to your MySQL server version for the right syntax to use near ')' at line 3
in SYSTEMPATH/Database/BaseConnection.php on line 647.
 1 SYSTEMPATH/Database/BaseBuilder.php(1615): CodeIgniter\Database\BaseConnection->query('SELECT *
FROM `games`
WHERE `brand` IN :brand:', [...], false)
 2 SYSTEMPATH/Model.php(237): CodeIgniter\Database\BaseBuilder->get()
 3 SYSTEMPATH/BaseModel.php(624): CodeIgniter\Model->doFindAll(0, 0)
 4 APPPATH/Controllers/View.php(83): CodeIgniter\BaseModel->findAll()
 5 SYSTEMPATH/CodeIgniter.php(943): App\Controllers\View->getFlashSale()
 6 SYSTEMPATH/CodeIgniter.php(503): CodeIgniter\CodeIgniter->runController(Object(App\Controllers\View))
 7 SYSTEMPATH/CodeIgniter.php(362): CodeIgniter\CodeIgniter->handleRequest(null, Object(Config\Cache), false)
 8 FCPATH/index.php(79): CodeIgniter\CodeIgniter->run()
ERROR - 2025-06-29 17:24:58 --> mysqli_sql_exception: You have an error in your SQL syntax; check the manual that corresponds to your MySQL server version for the right syntax to use near ')' at line 3 in /home/sakurupi/demo.sakurupiah.id/system/Database/MySQLi/Connection.php:306
Stack trace:
#0 /home/sakurupi/demo.sakurupiah.id/system/Database/MySQLi/Connection.php(306): mysqli->query('SELECT *\nFROM `...', 0)
#1 /home/sakurupi/demo.sakurupiah.id/system/Database/BaseConnection.php(693): CodeIgniter\Database\MySQLi\Connection->execute('SELECT *\nFROM `...')
#2 /home/sakurupi/demo.sakurupiah.id/system/Database/BaseConnection.php(607): CodeIgniter\Database\BaseConnection->simpleQuery('SELECT *\nFROM `...')
#3 /home/sakurupi/demo.sakurupiah.id/system/Database/BaseBuilder.php(1615): CodeIgniter\Database\BaseConnection->query('SELECT *\nFROM `...', Array, false)
#4 /home/sakurupi/demo.sakurupiah.id/system/Model.php(237): CodeIgniter\Database\BaseBuilder->get()
#5 /home/sakurupi/demo.sakurupiah.id/system/BaseModel.php(624): CodeIgniter\Model->doFindAll(0, 0)
#6 /home/sakurupi/demo.sakurupiah.id/app/Controllers/View.php(83): CodeIgniter\BaseModel->findAll()
#7 /home/sakurupi/demo.sakurupiah.id/system/CodeIgniter.php(943): App\Controllers\View->getFlashSale()
#8 /home/sakurupi/demo.sakurupiah.id/system/CodeIgniter.php(503): CodeIgniter\CodeIgniter->runController(Object(App\Controllers\View))
#9 /home/sakurupi/demo.sakurupiah.id/system/CodeIgniter.php(362): CodeIgniter\CodeIgniter->handleRequest(NULL, Object(Config\Cache), false)
#10 /home/sakurupi/demo.sakurupiah.id/index.php(79): CodeIgniter\CodeIgniter->run()
#11 {main}
CRITICAL - 2025-06-29 17:24:58 --> You have an error in your SQL syntax; check the manual that corresponds to your MySQL server version for the right syntax to use near ')' at line 3
in SYSTEMPATH/Database/BaseConnection.php on line 647.
 1 SYSTEMPATH/Database/BaseBuilder.php(1615): CodeIgniter\Database\BaseConnection->query('SELECT *
FROM `games`
WHERE `brand` IN :brand:', [...], false)
 2 SYSTEMPATH/Model.php(237): CodeIgniter\Database\BaseBuilder->get()
 3 SYSTEMPATH/BaseModel.php(624): CodeIgniter\Model->doFindAll(0, 0)
 4 APPPATH/Controllers/View.php(83): CodeIgniter\BaseModel->findAll()
 5 SYSTEMPATH/CodeIgniter.php(943): App\Controllers\View->getFlashSale()
 6 SYSTEMPATH/CodeIgniter.php(503): CodeIgniter\CodeIgniter->runController(Object(App\Controllers\View))
 7 SYSTEMPATH/CodeIgniter.php(362): CodeIgniter\CodeIgniter->handleRequest(null, Object(Config\Cache), false)
 8 FCPATH/index.php(79): CodeIgniter\CodeIgniter->run()
ERROR - 2025-06-29 17:25:18 --> mysqli_sql_exception: You have an error in your SQL syntax; check the manual that corresponds to your MySQL server version for the right syntax to use near ')' at line 3 in /home/sakurupi/demo.sakurupiah.id/system/Database/MySQLi/Connection.php:306
Stack trace:
#0 /home/sakurupi/demo.sakurupiah.id/system/Database/MySQLi/Connection.php(306): mysqli->query('SELECT *\nFROM `...', 0)
#1 /home/sakurupi/demo.sakurupiah.id/system/Database/BaseConnection.php(693): CodeIgniter\Database\MySQLi\Connection->execute('SELECT *\nFROM `...')
#2 /home/sakurupi/demo.sakurupiah.id/system/Database/BaseConnection.php(607): CodeIgniter\Database\BaseConnection->simpleQuery('SELECT *\nFROM `...')
#3 /home/sakurupi/demo.sakurupiah.id/system/Database/BaseBuilder.php(1615): CodeIgniter\Database\BaseConnection->query('SELECT *\nFROM `...', Array, false)
#4 /home/sakurupi/demo.sakurupiah.id/system/Model.php(237): CodeIgniter\Database\BaseBuilder->get()
#5 /home/sakurupi/demo.sakurupiah.id/system/BaseModel.php(624): CodeIgniter\Model->doFindAll(0, 0)
#6 /home/sakurupi/demo.sakurupiah.id/app/Controllers/View.php(83): CodeIgniter\BaseModel->findAll()
#7 /home/sakurupi/demo.sakurupiah.id/system/CodeIgniter.php(943): App\Controllers\View->getFlashSale()
#8 /home/sakurupi/demo.sakurupiah.id/system/CodeIgniter.php(503): CodeIgniter\CodeIgniter->runController(Object(App\Controllers\View))
#9 /home/sakurupi/demo.sakurupiah.id/system/CodeIgniter.php(362): CodeIgniter\CodeIgniter->handleRequest(NULL, Object(Config\Cache), false)
#10 /home/sakurupi/demo.sakurupiah.id/index.php(79): CodeIgniter\CodeIgniter->run()
#11 {main}
CRITICAL - 2025-06-29 17:25:18 --> You have an error in your SQL syntax; check the manual that corresponds to your MySQL server version for the right syntax to use near ')' at line 3
in SYSTEMPATH/Database/BaseConnection.php on line 647.
 1 SYSTEMPATH/Database/BaseBuilder.php(1615): CodeIgniter\Database\BaseConnection->query('SELECT *
FROM `games`
WHERE `brand` IN :brand:', [...], false)
 2 SYSTEMPATH/Model.php(237): CodeIgniter\Database\BaseBuilder->get()
 3 SYSTEMPATH/BaseModel.php(624): CodeIgniter\Model->doFindAll(0, 0)
 4 APPPATH/Controllers/View.php(83): CodeIgniter\BaseModel->findAll()
 5 SYSTEMPATH/CodeIgniter.php(943): App\Controllers\View->getFlashSale()
 6 SYSTEMPATH/CodeIgniter.php(503): CodeIgniter\CodeIgniter->runController(Object(App\Controllers\View))
 7 SYSTEMPATH/CodeIgniter.php(362): CodeIgniter\CodeIgniter->handleRequest(null, Object(Config\Cache), false)
 8 FCPATH/index.php(79): CodeIgniter\CodeIgniter->run()
ERROR - 2025-06-29 17:27:52 --> mysqli_sql_exception: You have an error in your SQL syntax; check the manual that corresponds to your MySQL server version for the right syntax to use near ')' at line 3 in /home/sakurupi/demo.sakurupiah.id/system/Database/MySQLi/Connection.php:306
Stack trace:
#0 /home/sakurupi/demo.sakurupiah.id/system/Database/MySQLi/Connection.php(306): mysqli->query('SELECT *\nFROM `...', 0)
#1 /home/sakurupi/demo.sakurupiah.id/system/Database/BaseConnection.php(693): CodeIgniter\Database\MySQLi\Connection->execute('SELECT *\nFROM `...')
#2 /home/sakurupi/demo.sakurupiah.id/system/Database/BaseConnection.php(607): CodeIgniter\Database\BaseConnection->simpleQuery('SELECT *\nFROM `...')
#3 /home/sakurupi/demo.sakurupiah.id/system/Database/BaseBuilder.php(1615): CodeIgniter\Database\BaseConnection->query('SELECT *\nFROM `...', Array, false)
#4 /home/sakurupi/demo.sakurupiah.id/system/Model.php(237): CodeIgniter\Database\BaseBuilder->get()
#5 /home/sakurupi/demo.sakurupiah.id/system/BaseModel.php(624): CodeIgniter\Model->doFindAll(0, 0)
#6 /home/sakurupi/demo.sakurupiah.id/app/Controllers/View.php(83): CodeIgniter\BaseModel->findAll()
#7 /home/sakurupi/demo.sakurupiah.id/system/CodeIgniter.php(943): App\Controllers\View->getFlashSale()
#8 /home/sakurupi/demo.sakurupiah.id/system/CodeIgniter.php(503): CodeIgniter\CodeIgniter->runController(Object(App\Controllers\View))
#9 /home/sakurupi/demo.sakurupiah.id/system/CodeIgniter.php(362): CodeIgniter\CodeIgniter->handleRequest(NULL, Object(Config\Cache), false)
#10 /home/sakurupi/demo.sakurupiah.id/index.php(79): CodeIgniter\CodeIgniter->run()
#11 {main}
CRITICAL - 2025-06-29 17:27:52 --> You have an error in your SQL syntax; check the manual that corresponds to your MySQL server version for the right syntax to use near ')' at line 3
in SYSTEMPATH/Database/BaseConnection.php on line 647.
 1 SYSTEMPATH/Database/BaseBuilder.php(1615): CodeIgniter\Database\BaseConnection->query('SELECT *
FROM `games`
WHERE `brand` IN :brand:', [...], false)
 2 SYSTEMPATH/Model.php(237): CodeIgniter\Database\BaseBuilder->get()
 3 SYSTEMPATH/BaseModel.php(624): CodeIgniter\Model->doFindAll(0, 0)
 4 APPPATH/Controllers/View.php(83): CodeIgniter\BaseModel->findAll()
 5 SYSTEMPATH/CodeIgniter.php(943): App\Controllers\View->getFlashSale()
 6 SYSTEMPATH/CodeIgniter.php(503): CodeIgniter\CodeIgniter->runController(Object(App\Controllers\View))
 7 SYSTEMPATH/CodeIgniter.php(362): CodeIgniter\CodeIgniter->handleRequest(null, Object(Config\Cache), false)
 8 FCPATH/index.php(79): CodeIgniter\CodeIgniter->run()
ERROR - 2025-06-29 17:27:55 --> mysqli_sql_exception: You have an error in your SQL syntax; check the manual that corresponds to your MySQL server version for the right syntax to use near ')' at line 3 in /home/sakurupi/demo.sakurupiah.id/system/Database/MySQLi/Connection.php:306
Stack trace:
#0 /home/sakurupi/demo.sakurupiah.id/system/Database/MySQLi/Connection.php(306): mysqli->query('SELECT *\nFROM `...', 0)
#1 /home/sakurupi/demo.sakurupiah.id/system/Database/BaseConnection.php(693): CodeIgniter\Database\MySQLi\Connection->execute('SELECT *\nFROM `...')
#2 /home/sakurupi/demo.sakurupiah.id/system/Database/BaseConnection.php(607): CodeIgniter\Database\BaseConnection->simpleQuery('SELECT *\nFROM `...')
#3 /home/sakurupi/demo.sakurupiah.id/system/Database/BaseBuilder.php(1615): CodeIgniter\Database\BaseConnection->query('SELECT *\nFROM `...', Array, false)
#4 /home/sakurupi/demo.sakurupiah.id/system/Model.php(237): CodeIgniter\Database\BaseBuilder->get()
#5 /home/sakurupi/demo.sakurupiah.id/system/BaseModel.php(624): CodeIgniter\Model->doFindAll(0, 0)
#6 /home/sakurupi/demo.sakurupiah.id/app/Controllers/View.php(83): CodeIgniter\BaseModel->findAll()
#7 /home/sakurupi/demo.sakurupiah.id/system/CodeIgniter.php(943): App\Controllers\View->getFlashSale()
#8 /home/sakurupi/demo.sakurupiah.id/system/CodeIgniter.php(503): CodeIgniter\CodeIgniter->runController(Object(App\Controllers\View))
#9 /home/sakurupi/demo.sakurupiah.id/system/CodeIgniter.php(362): CodeIgniter\CodeIgniter->handleRequest(NULL, Object(Config\Cache), false)
#10 /home/sakurupi/demo.sakurupiah.id/index.php(79): CodeIgniter\CodeIgniter->run()
#11 {main}
CRITICAL - 2025-06-29 17:27:55 --> You have an error in your SQL syntax; check the manual that corresponds to your MySQL server version for the right syntax to use near ')' at line 3
in SYSTEMPATH/Database/BaseConnection.php on line 647.
 1 SYSTEMPATH/Database/BaseBuilder.php(1615): CodeIgniter\Database\BaseConnection->query('SELECT *
FROM `games`
WHERE `brand` IN :brand:', [...], false)
 2 SYSTEMPATH/Model.php(237): CodeIgniter\Database\BaseBuilder->get()
 3 SYSTEMPATH/BaseModel.php(624): CodeIgniter\Model->doFindAll(0, 0)
 4 APPPATH/Controllers/View.php(83): CodeIgniter\BaseModel->findAll()
 5 SYSTEMPATH/CodeIgniter.php(943): App\Controllers\View->getFlashSale()
 6 SYSTEMPATH/CodeIgniter.php(503): CodeIgniter\CodeIgniter->runController(Object(App\Controllers\View))
 7 SYSTEMPATH/CodeIgniter.php(362): CodeIgniter\CodeIgniter->handleRequest(null, Object(Config\Cache), false)
 8 FCPATH/index.php(79): CodeIgniter\CodeIgniter->run()
CRITICAL - 2025-06-29 17:36:24 --> Class 'App\Filters\TimezoneFilter' not found
in SYSTEMPATH/Filters/Filters.php on line 177.
 1 SYSTEMPATH/CodeIgniter.php(475): CodeIgniter\Filters\Filters->run('dashboard/topup/invoice/9989176', 'before')
 2 SYSTEMPATH/CodeIgniter.php(362): CodeIgniter\CodeIgniter->handleRequest(null, Object(Config\Cache), false)
 3 FCPATH/index.php(79): CodeIgniter\CodeIgniter->run()
