ERROR - 2025-06-30 01:07:11 --> mysqli_sql_exception: Column 'username' cannot be null in /home/sakurupi/demo.sakurupiah.id/system/Database/MySQLi/Connection.php:306
Stack trace:
#0 /home/sakurupi/demo.sakurupiah.id/system/Database/MySQLi/Connection.php(306): mysqli->query('INSERT INTO `to...', 0)
#1 /home/sakurupi/demo.sakurupiah.id/system/Database/BaseConnection.php(693): CodeIgniter\Database\MySQLi\Connection->execute('INSERT INTO `to...')
#2 /home/sakurupi/demo.sakurupiah.id/system/Database/BaseConnection.php(607): CodeIgniter\Database\BaseConnection->simpleQuery('INSERT INTO `to...')
#3 /home/sakurupi/demo.sakurupiah.id/system/Database/BaseBuilder.php(2308): CodeIgniter\Database\BaseConnection->query('INSERT INTO `to...', Array, false)
#4 /home/sakurupi/demo.sakurupiah.id/system/Model.php(319): CodeIgniter\Database\BaseBuilder->insert()
#5 /home/sakurupi/demo.sakurupiah.id/system/BaseModel.php(788): CodeIgniter\Model->doInsert(Array)
#6 /home/sakurupi/demo.sakurupiah.id/system/Model.php(715): CodeIgniter\BaseModel->insert(Array, true)
#7 /home/sakurupi/demo.sakurupiah.id/app/Controllers/User/Topup.php(131): CodeIgniter\Model->insert(Array)
#8 /home/sakurupi/demo.sakurupiah.id/system/CodeIgniter.php(943): App\Controllers\User\Topup->prosesPayment()
#9 /home/sakurupi/demo.sakurupiah.id/system/CodeIgniter.php(503): CodeIgniter\CodeIgniter->runController(Object(App\Controllers\User\Topup))
#10 /home/sakurupi/demo.sakurupiah.id/system/CodeIgniter.php(362): CodeIgniter\CodeIgniter->handleRequest(NULL, Object(Config\Cache), false)
#11 /home/sakurupi/demo.sakurupiah.id/index.php(79): CodeIgniter\CodeIgniter->run()
#12 {main}
CRITICAL - 2025-06-30 01:07:11 --> Column 'username' cannot be null
in SYSTEMPATH/Database/BaseConnection.php on line 647.
 1 SYSTEMPATH/Database/BaseBuilder.php(2308): CodeIgniter\Database\BaseConnection->query('INSERT INTO `topup` (`user_id`, `username`, `topup_id`, `nominal`, `fee`, `total_pembayaran`, `metode`, `kode_pembayaran`, `status`, `batas_pembayaran`, `cara_bayar`, `created_at`, `updated_at`) VALUES (:user_id:, :username:, :topup_id:, :nominal:, :fee:, :total_pembayaran:, :metode:, :kode_pembayaran:, :status:, :batas_pembayaran:, :cara_bayar:, :created_at:, :updated_at:)', [...], false)
 2 SYSTEMPATH/Model.php(319): CodeIgniter\Database\BaseBuilder->insert()
 3 SYSTEMPATH/BaseModel.php(788): CodeIgniter\Model->doInsert([...])
 4 SYSTEMPATH/Model.php(715): CodeIgniter\BaseModel->insert([...], true)
 5 APPPATH/Controllers/User/Topup.php(131): CodeIgniter\Model->insert([...])
 6 SYSTEMPATH/CodeIgniter.php(943): App\Controllers\User\Topup->prosesPayment()
 7 SYSTEMPATH/CodeIgniter.php(503): CodeIgniter\CodeIgniter->runController(Object(App\Controllers\User\Topup))
 8 SYSTEMPATH/CodeIgniter.php(362): CodeIgniter\CodeIgniter->handleRequest(null, Object(Config\Cache), false)
 9 FCPATH/index.php(79): CodeIgniter\CodeIgniter->run()
ERROR - 2025-06-30 01:16:06 --> mysqli_sql_exception: Column 'username' cannot be null in /home/sakurupi/demo.sakurupiah.id/system/Database/MySQLi/Connection.php:306
Stack trace:
#0 /home/sakurupi/demo.sakurupiah.id/system/Database/MySQLi/Connection.php(306): mysqli->query('INSERT INTO `to...', 0)
#1 /home/sakurupi/demo.sakurupiah.id/system/Database/BaseConnection.php(693): CodeIgniter\Database\MySQLi\Connection->execute('INSERT INTO `to...')
#2 /home/sakurupi/demo.sakurupiah.id/system/Database/BaseConnection.php(607): CodeIgniter\Database\BaseConnection->simpleQuery('INSERT INTO `to...')
#3 /home/sakurupi/demo.sakurupiah.id/system/Database/BaseBuilder.php(2308): CodeIgniter\Database\BaseConnection->query('INSERT INTO `to...', Array, false)
#4 /home/sakurupi/demo.sakurupiah.id/system/Model.php(319): CodeIgniter\Database\BaseBuilder->insert()
#5 /home/sakurupi/demo.sakurupiah.id/system/BaseModel.php(788): CodeIgniter\Model->doInsert(Array)
#6 /home/sakurupi/demo.sakurupiah.id/system/Model.php(715): CodeIgniter\BaseModel->insert(Array, true)
#7 /home/sakurupi/demo.sakurupiah.id/app/Controllers/User/Topup.php(132): CodeIgniter\Model->insert(Array)
#8 /home/sakurupi/demo.sakurupiah.id/system/CodeIgniter.php(943): App\Controllers\User\Topup->prosesPayment()
#9 /home/sakurupi/demo.sakurupiah.id/system/CodeIgniter.php(503): CodeIgniter\CodeIgniter->runController(Object(App\Controllers\User\Topup))
#10 /home/sakurupi/demo.sakurupiah.id/system/CodeIgniter.php(362): CodeIgniter\CodeIgniter->handleRequest(NULL, Object(Config\Cache), false)
#11 /home/sakurupi/demo.sakurupiah.id/index.php(79): CodeIgniter\CodeIgniter->run()
#12 {main}
CRITICAL - 2025-06-30 01:16:06 --> Column 'username' cannot be null
in SYSTEMPATH/Database/BaseConnection.php on line 647.
 1 SYSTEMPATH/Database/BaseBuilder.php(2308): CodeIgniter\Database\BaseConnection->query('INSERT INTO `topup` (`user_id`, `username`, `topup_id`, `nominal`, `fee`, `total_pembayaran`, `metode`, `kode_pembayaran`, `status`, `batas_pembayaran`, `cara_bayar`, `created_at`, `updated_at`) VALUES (:user_id:, :username:, :topup_id:, :nominal:, :fee:, :total_pembayaran:, :metode:, :kode_pembayaran:, :status:, :batas_pembayaran:, :cara_bayar:, :created_at:, :updated_at:)', [...], false)
 2 SYSTEMPATH/Model.php(319): CodeIgniter\Database\BaseBuilder->insert()
 3 SYSTEMPATH/BaseModel.php(788): CodeIgniter\Model->doInsert([...])
 4 SYSTEMPATH/Model.php(715): CodeIgniter\BaseModel->insert([...], true)
 5 APPPATH/Controllers/User/Topup.php(132): CodeIgniter\Model->insert([...])
 6 SYSTEMPATH/CodeIgniter.php(943): App\Controllers\User\Topup->prosesPayment()
 7 SYSTEMPATH/CodeIgniter.php(503): CodeIgniter\CodeIgniter->runController(Object(App\Controllers\User\Topup))
 8 SYSTEMPATH/CodeIgniter.php(362): CodeIgniter\CodeIgniter->handleRequest(null, Object(Config\Cache), false)
 9 FCPATH/index.php(79): CodeIgniter\CodeIgniter->run()
ERROR - 2025-06-30 01:17:30 --> mysqli_sql_exception: Column 'username' cannot be null in /home/sakurupi/demo.sakurupiah.id/system/Database/MySQLi/Connection.php:306
Stack trace:
#0 /home/sakurupi/demo.sakurupiah.id/system/Database/MySQLi/Connection.php(306): mysqli->query('INSERT INTO `to...', 0)
#1 /home/sakurupi/demo.sakurupiah.id/system/Database/BaseConnection.php(693): CodeIgniter\Database\MySQLi\Connection->execute('INSERT INTO `to...')
#2 /home/sakurupi/demo.sakurupiah.id/system/Database/BaseConnection.php(607): CodeIgniter\Database\BaseConnection->simpleQuery('INSERT INTO `to...')
#3 /home/sakurupi/demo.sakurupiah.id/system/Database/BaseBuilder.php(2308): CodeIgniter\Database\BaseConnection->query('INSERT INTO `to...', Array, false)
#4 /home/sakurupi/demo.sakurupiah.id/system/Model.php(319): CodeIgniter\Database\BaseBuilder->insert()
#5 /home/sakurupi/demo.sakurupiah.id/system/BaseModel.php(788): CodeIgniter\Model->doInsert(Array)
#6 /home/sakurupi/demo.sakurupiah.id/system/Model.php(715): CodeIgniter\BaseModel->insert(Array, true)
#7 /home/sakurupi/demo.sakurupiah.id/app/Controllers/User/Topup.php(132): CodeIgniter\Model->insert(Array)
#8 /home/sakurupi/demo.sakurupiah.id/system/CodeIgniter.php(943): App\Controllers\User\Topup->prosesPayment()
#9 /home/sakurupi/demo.sakurupiah.id/system/CodeIgniter.php(503): CodeIgniter\CodeIgniter->runController(Object(App\Controllers\User\Topup))
#10 /home/sakurupi/demo.sakurupiah.id/system/CodeIgniter.php(362): CodeIgniter\CodeIgniter->handleRequest(NULL, Object(Config\Cache), false)
#11 /home/sakurupi/demo.sakurupiah.id/index.php(79): CodeIgniter\CodeIgniter->run()
#12 {main}
CRITICAL - 2025-06-30 01:17:30 --> Column 'username' cannot be null
in SYSTEMPATH/Database/BaseConnection.php on line 647.
 1 SYSTEMPATH/Database/BaseBuilder.php(2308): CodeIgniter\Database\BaseConnection->query('INSERT INTO `topup` (`user_id`, `username`, `topup_id`, `nominal`, `fee`, `total_pembayaran`, `metode`, `kode_pembayaran`, `status`, `batas_pembayaran`, `cara_bayar`, `created_at`, `updated_at`) VALUES (:user_id:, :username:, :topup_id:, :nominal:, :fee:, :total_pembayaran:, :metode:, :kode_pembayaran:, :status:, :batas_pembayaran:, :cara_bayar:, :created_at:, :updated_at:)', [...], false)
 2 SYSTEMPATH/Model.php(319): CodeIgniter\Database\BaseBuilder->insert()
 3 SYSTEMPATH/BaseModel.php(788): CodeIgniter\Model->doInsert([...])
 4 SYSTEMPATH/Model.php(715): CodeIgniter\BaseModel->insert([...], true)
 5 APPPATH/Controllers/User/Topup.php(132): CodeIgniter\Model->insert([...])
 6 SYSTEMPATH/CodeIgniter.php(943): App\Controllers\User\Topup->prosesPayment()
 7 SYSTEMPATH/CodeIgniter.php(503): CodeIgniter\CodeIgniter->runController(Object(App\Controllers\User\Topup))
 8 SYSTEMPATH/CodeIgniter.php(362): CodeIgniter\CodeIgniter->handleRequest(null, Object(Config\Cache), false)
 9 FCPATH/index.php(79): CodeIgniter\CodeIgniter->run()
ERROR - 2025-06-30 01:18:46 --> mysqli_sql_exception: Column 'username' cannot be null in /home/sakurupi/demo.sakurupiah.id/system/Database/MySQLi/Connection.php:306
Stack trace:
#0 /home/sakurupi/demo.sakurupiah.id/system/Database/MySQLi/Connection.php(306): mysqli->query('INSERT INTO `to...', 0)
#1 /home/sakurupi/demo.sakurupiah.id/system/Database/BaseConnection.php(693): CodeIgniter\Database\MySQLi\Connection->execute('INSERT INTO `to...')
#2 /home/sakurupi/demo.sakurupiah.id/system/Database/BaseConnection.php(607): CodeIgniter\Database\BaseConnection->simpleQuery('INSERT INTO `to...')
#3 /home/sakurupi/demo.sakurupiah.id/system/Database/BaseBuilder.php(2308): CodeIgniter\Database\BaseConnection->query('INSERT INTO `to...', Array, false)
#4 /home/sakurupi/demo.sakurupiah.id/system/Model.php(319): CodeIgniter\Database\BaseBuilder->insert()
#5 /home/sakurupi/demo.sakurupiah.id/system/BaseModel.php(788): CodeIgniter\Model->doInsert(Array)
#6 /home/sakurupi/demo.sakurupiah.id/system/Model.php(715): CodeIgniter\BaseModel->insert(Array, true)
#7 /home/sakurupi/demo.sakurupiah.id/app/Controllers/User/Topup.php(132): CodeIgniter\Model->insert(Array)
#8 /home/sakurupi/demo.sakurupiah.id/system/CodeIgniter.php(943): App\Controllers\User\Topup->prosesPayment()
#9 /home/sakurupi/demo.sakurupiah.id/system/CodeIgniter.php(503): CodeIgniter\CodeIgniter->runController(Object(App\Controllers\User\Topup))
#10 /home/sakurupi/demo.sakurupiah.id/system/CodeIgniter.php(362): CodeIgniter\CodeIgniter->handleRequest(NULL, Object(Config\Cache), false)
#11 /home/sakurupi/demo.sakurupiah.id/index.php(79): CodeIgniter\CodeIgniter->run()
#12 {main}
CRITICAL - 2025-06-30 01:18:46 --> Column 'username' cannot be null
in SYSTEMPATH/Database/BaseConnection.php on line 647.
 1 SYSTEMPATH/Database/BaseBuilder.php(2308): CodeIgniter\Database\BaseConnection->query('INSERT INTO `topup` (`user_id`, `username`, `topup_id`, `nominal`, `fee`, `total_pembayaran`, `metode`, `kode_pembayaran`, `status`, `batas_pembayaran`, `cara_bayar`, `created_at`, `updated_at`) VALUES (:user_id:, :username:, :topup_id:, :nominal:, :fee:, :total_pembayaran:, :metode:, :kode_pembayaran:, :status:, :batas_pembayaran:, :cara_bayar:, :created_at:, :updated_at:)', [...], false)
 2 SYSTEMPATH/Model.php(319): CodeIgniter\Database\BaseBuilder->insert()
 3 SYSTEMPATH/BaseModel.php(788): CodeIgniter\Model->doInsert([...])
 4 SYSTEMPATH/Model.php(715): CodeIgniter\BaseModel->insert([...], true)
 5 APPPATH/Controllers/User/Topup.php(132): CodeIgniter\Model->insert([...])
 6 SYSTEMPATH/CodeIgniter.php(943): App\Controllers\User\Topup->prosesPayment()
 7 SYSTEMPATH/CodeIgniter.php(503): CodeIgniter\CodeIgniter->runController(Object(App\Controllers\User\Topup))
 8 SYSTEMPATH/CodeIgniter.php(362): CodeIgniter\CodeIgniter->handleRequest(null, Object(Config\Cache), false)
 9 FCPATH/index.php(79): CodeIgniter\CodeIgniter->run()
ERROR - 2025-06-30 01:22:28 --> mysqli_sql_exception: Column 'username' cannot be null in /home/sakurupi/demo.sakurupiah.id/system/Database/MySQLi/Connection.php:306
Stack trace:
#0 /home/sakurupi/demo.sakurupiah.id/system/Database/MySQLi/Connection.php(306): mysqli->query('INSERT INTO `to...', 0)
#1 /home/sakurupi/demo.sakurupiah.id/system/Database/BaseConnection.php(693): CodeIgniter\Database\MySQLi\Connection->execute('INSERT INTO `to...')
#2 /home/sakurupi/demo.sakurupiah.id/system/Database/BaseConnection.php(607): CodeIgniter\Database\BaseConnection->simpleQuery('INSERT INTO `to...')
#3 /home/sakurupi/demo.sakurupiah.id/system/Database/BaseBuilder.php(2308): CodeIgniter\Database\BaseConnection->query('INSERT INTO `to...', Array, false)
#4 /home/sakurupi/demo.sakurupiah.id/system/Model.php(319): CodeIgniter\Database\BaseBuilder->insert()
#5 /home/sakurupi/demo.sakurupiah.id/system/BaseModel.php(788): CodeIgniter\Model->doInsert(Array)
#6 /home/sakurupi/demo.sakurupiah.id/system/Model.php(715): CodeIgniter\BaseModel->insert(Array, true)
#7 /home/sakurupi/demo.sakurupiah.id/app/Controllers/User/Topup.php(132): CodeIgniter\Model->insert(Array)
#8 /home/sakurupi/demo.sakurupiah.id/system/CodeIgniter.php(943): App\Controllers\User\Topup->prosesPayment()
#9 /home/sakurupi/demo.sakurupiah.id/system/CodeIgniter.php(503): CodeIgniter\CodeIgniter->runController(Object(App\Controllers\User\Topup))
#10 /home/sakurupi/demo.sakurupiah.id/system/CodeIgniter.php(362): CodeIgniter\CodeIgniter->handleRequest(NULL, Object(Config\Cache), false)
#11 /home/sakurupi/demo.sakurupiah.id/index.php(79): CodeIgniter\CodeIgniter->run()
#12 {main}
CRITICAL - 2025-06-30 01:22:28 --> Column 'username' cannot be null
in SYSTEMPATH/Database/BaseConnection.php on line 647.
 1 SYSTEMPATH/Database/BaseBuilder.php(2308): CodeIgniter\Database\BaseConnection->query('INSERT INTO `topup` (`user_id`, `username`, `topup_id`, `nominal`, `fee`, `total_pembayaran`, `metode`, `kode_pembayaran`, `status`, `batas_pembayaran`, `cara_bayar`, `created_at`, `updated_at`) VALUES (:user_id:, :username:, :topup_id:, :nominal:, :fee:, :total_pembayaran:, :metode:, :kode_pembayaran:, :status:, :batas_pembayaran:, :cara_bayar:, :created_at:, :updated_at:)', [...], false)
 2 SYSTEMPATH/Model.php(319): CodeIgniter\Database\BaseBuilder->insert()
 3 SYSTEMPATH/BaseModel.php(788): CodeIgniter\Model->doInsert([...])
 4 SYSTEMPATH/Model.php(715): CodeIgniter\BaseModel->insert([...], true)
 5 APPPATH/Controllers/User/Topup.php(132): CodeIgniter\Model->insert([...])
 6 SYSTEMPATH/CodeIgniter.php(943): App\Controllers\User\Topup->prosesPayment()
 7 SYSTEMPATH/CodeIgniter.php(503): CodeIgniter\CodeIgniter->runController(Object(App\Controllers\User\Topup))
 8 SYSTEMPATH/CodeIgniter.php(362): CodeIgniter\CodeIgniter->handleRequest(null, Object(Config\Cache), false)
 9 FCPATH/index.php(79): CodeIgniter\CodeIgniter->run()
ERROR - 2025-06-30 01:27:16 --> mysqli_sql_exception: Column 'username' cannot be null in /home/sakurupi/demo.sakurupiah.id/system/Database/MySQLi/Connection.php:306
Stack trace:
#0 /home/sakurupi/demo.sakurupiah.id/system/Database/MySQLi/Connection.php(306): mysqli->query('INSERT INTO `to...', 0)
#1 /home/sakurupi/demo.sakurupiah.id/system/Database/BaseConnection.php(693): CodeIgniter\Database\MySQLi\Connection->execute('INSERT INTO `to...')
#2 /home/sakurupi/demo.sakurupiah.id/system/Database/BaseConnection.php(607): CodeIgniter\Database\BaseConnection->simpleQuery('INSERT INTO `to...')
#3 /home/sakurupi/demo.sakurupiah.id/system/Database/BaseBuilder.php(2308): CodeIgniter\Database\BaseConnection->query('INSERT INTO `to...', Array, false)
#4 /home/sakurupi/demo.sakurupiah.id/system/Model.php(319): CodeIgniter\Database\BaseBuilder->insert()
#5 /home/sakurupi/demo.sakurupiah.id/system/BaseModel.php(788): CodeIgniter\Model->doInsert(Array)
#6 /home/sakurupi/demo.sakurupiah.id/system/Model.php(715): CodeIgniter\BaseModel->insert(Array, true)
#7 /home/sakurupi/demo.sakurupiah.id/app/Controllers/User/Topup.php(132): CodeIgniter\Model->insert(Array)
#8 /home/sakurupi/demo.sakurupiah.id/system/CodeIgniter.php(943): App\Controllers\User\Topup->prosesPayment()
#9 /home/sakurupi/demo.sakurupiah.id/system/CodeIgniter.php(503): CodeIgniter\CodeIgniter->runController(Object(App\Controllers\User\Topup))
#10 /home/sakurupi/demo.sakurupiah.id/system/CodeIgniter.php(362): CodeIgniter\CodeIgniter->handleRequest(NULL, Object(Config\Cache), false)
#11 /home/sakurupi/demo.sakurupiah.id/index.php(79): CodeIgniter\CodeIgniter->run()
#12 {main}
CRITICAL - 2025-06-30 01:27:16 --> Column 'username' cannot be null
in SYSTEMPATH/Database/BaseConnection.php on line 647.
 1 SYSTEMPATH/Database/BaseBuilder.php(2308): CodeIgniter\Database\BaseConnection->query('INSERT INTO `topup` (`user_id`, `username`, `topup_id`, `nominal`, `fee`, `total_pembayaran`, `metode`, `kode_pembayaran`, `status`, `batas_pembayaran`, `cara_bayar`, `created_at`, `updated_at`) VALUES (:user_id:, :username:, :topup_id:, :nominal:, :fee:, :total_pembayaran:, :metode:, :kode_pembayaran:, :status:, :batas_pembayaran:, :cara_bayar:, :created_at:, :updated_at:)', [...], false)
 2 SYSTEMPATH/Model.php(319): CodeIgniter\Database\BaseBuilder->insert()
 3 SYSTEMPATH/BaseModel.php(788): CodeIgniter\Model->doInsert([...])
 4 SYSTEMPATH/Model.php(715): CodeIgniter\BaseModel->insert([...], true)
 5 APPPATH/Controllers/User/Topup.php(132): CodeIgniter\Model->insert([...])
 6 SYSTEMPATH/CodeIgniter.php(943): App\Controllers\User\Topup->prosesPayment()
 7 SYSTEMPATH/CodeIgniter.php(503): CodeIgniter\CodeIgniter->runController(Object(App\Controllers\User\Topup))
 8 SYSTEMPATH/CodeIgniter.php(362): CodeIgniter\CodeIgniter->handleRequest(null, Object(Config\Cache), false)
 9 FCPATH/index.php(79): CodeIgniter\CodeIgniter->run()
ERROR - 2025-06-30 01:35:36 --> mysqli_sql_exception: Column 'username' cannot be null in /home/sakurupi/demo.sakurupiah.id/system/Database/MySQLi/Connection.php:306
Stack trace:
#0 /home/sakurupi/demo.sakurupiah.id/system/Database/MySQLi/Connection.php(306): mysqli->query('INSERT INTO `to...', 0)
#1 /home/sakurupi/demo.sakurupiah.id/system/Database/BaseConnection.php(693): CodeIgniter\Database\MySQLi\Connection->execute('INSERT INTO `to...')
#2 /home/sakurupi/demo.sakurupiah.id/system/Database/BaseConnection.php(607): CodeIgniter\Database\BaseConnection->simpleQuery('INSERT INTO `to...')
#3 /home/sakurupi/demo.sakurupiah.id/system/Database/BaseBuilder.php(2308): CodeIgniter\Database\BaseConnection->query('INSERT INTO `to...', Array, false)
#4 /home/sakurupi/demo.sakurupiah.id/system/Model.php(319): CodeIgniter\Database\BaseBuilder->insert()
#5 /home/sakurupi/demo.sakurupiah.id/system/BaseModel.php(788): CodeIgniter\Model->doInsert(Array)
#6 /home/sakurupi/demo.sakurupiah.id/system/Model.php(715): CodeIgniter\BaseModel->insert(Array, true)
#7 /home/sakurupi/demo.sakurupiah.id/app/Controllers/User/Topup.php(132): CodeIgniter\Model->insert(Array)
#8 /home/sakurupi/demo.sakurupiah.id/system/CodeIgniter.php(943): App\Controllers\User\Topup->prosesPayment()
#9 /home/sakurupi/demo.sakurupiah.id/system/CodeIgniter.php(503): CodeIgniter\CodeIgniter->runController(Object(App\Controllers\User\Topup))
#10 /home/sakurupi/demo.sakurupiah.id/system/CodeIgniter.php(362): CodeIgniter\CodeIgniter->handleRequest(NULL, Object(Config\Cache), false)
#11 /home/sakurupi/demo.sakurupiah.id/index.php(79): CodeIgniter\CodeIgniter->run()
#12 {main}
CRITICAL - 2025-06-30 01:35:36 --> Column 'username' cannot be null
in SYSTEMPATH/Database/BaseConnection.php on line 647.
 1 SYSTEMPATH/Database/BaseBuilder.php(2308): CodeIgniter\Database\BaseConnection->query('INSERT INTO `topup` (`user_id`, `username`, `topup_id`, `nominal`, `fee`, `total_pembayaran`, `metode`, `kode_pembayaran`, `status`, `batas_pembayaran`, `cara_bayar`, `created_at`, `updated_at`) VALUES (:user_id:, :username:, :topup_id:, :nominal:, :fee:, :total_pembayaran:, :metode:, :kode_pembayaran:, :status:, :batas_pembayaran:, :cara_bayar:, :created_at:, :updated_at:)', [...], false)
 2 SYSTEMPATH/Model.php(319): CodeIgniter\Database\BaseBuilder->insert()
 3 SYSTEMPATH/BaseModel.php(788): CodeIgniter\Model->doInsert([...])
 4 SYSTEMPATH/Model.php(715): CodeIgniter\BaseModel->insert([...], true)
 5 APPPATH/Controllers/User/Topup.php(132): CodeIgniter\Model->insert([...])
 6 SYSTEMPATH/CodeIgniter.php(943): App\Controllers\User\Topup->prosesPayment()
 7 SYSTEMPATH/CodeIgniter.php(503): CodeIgniter\CodeIgniter->runController(Object(App\Controllers\User\Topup))
 8 SYSTEMPATH/CodeIgniter.php(362): CodeIgniter\CodeIgniter->handleRequest(null, Object(Config\Cache), false)
 9 FCPATH/index.php(79): CodeIgniter\CodeIgniter->run()
ERROR - 2025-06-30 01:36:24 --> mysqli_sql_exception: You have an error in your SQL syntax; check the manual that corresponds to your MySQL server version for the right syntax to use near ')' at line 3 in /home/sakurupi/demo.sakurupiah.id/system/Database/MySQLi/Connection.php:306
Stack trace:
#0 /home/sakurupi/demo.sakurupiah.id/system/Database/MySQLi/Connection.php(306): mysqli->query('SELECT *\nFROM `...', 0)
#1 /home/sakurupi/demo.sakurupiah.id/system/Database/BaseConnection.php(693): CodeIgniter\Database\MySQLi\Connection->execute('SELECT *\nFROM `...')
#2 /home/sakurupi/demo.sakurupiah.id/system/Database/BaseConnection.php(607): CodeIgniter\Database\BaseConnection->simpleQuery('SELECT *\nFROM `...')
#3 /home/sakurupi/demo.sakurupiah.id/system/Database/BaseBuilder.php(1615): CodeIgniter\Database\BaseConnection->query('SELECT *\nFROM `...', Array, false)
#4 /home/sakurupi/demo.sakurupiah.id/system/Model.php(237): CodeIgniter\Database\BaseBuilder->get()
#5 /home/sakurupi/demo.sakurupiah.id/system/BaseModel.php(624): CodeIgniter\Model->doFindAll(0, 0)
#6 /home/sakurupi/demo.sakurupiah.id/app/Controllers/View.php(83): CodeIgniter\BaseModel->findAll()
#7 /home/sakurupi/demo.sakurupiah.id/system/CodeIgniter.php(943): App\Controllers\View->getFlashSale()
#8 /home/sakurupi/demo.sakurupiah.id/system/CodeIgniter.php(503): CodeIgniter\CodeIgniter->runController(Object(App\Controllers\View))
#9 /home/sakurupi/demo.sakurupiah.id/system/CodeIgniter.php(362): CodeIgniter\CodeIgniter->handleRequest(NULL, Object(Config\Cache), false)
#10 /home/sakurupi/demo.sakurupiah.id/index.php(79): CodeIgniter\CodeIgniter->run()
#11 {main}
CRITICAL - 2025-06-30 01:36:24 --> You have an error in your SQL syntax; check the manual that corresponds to your MySQL server version for the right syntax to use near ')' at line 3
in SYSTEMPATH/Database/BaseConnection.php on line 647.
 1 SYSTEMPATH/Database/BaseBuilder.php(1615): CodeIgniter\Database\BaseConnection->query('SELECT *
FROM `games`
WHERE `brand` IN :brand:', [...], false)
 2 SYSTEMPATH/Model.php(237): CodeIgniter\Database\BaseBuilder->get()
 3 SYSTEMPATH/BaseModel.php(624): CodeIgniter\Model->doFindAll(0, 0)
 4 APPPATH/Controllers/View.php(83): CodeIgniter\BaseModel->findAll()
 5 SYSTEMPATH/CodeIgniter.php(943): App\Controllers\View->getFlashSale()
 6 SYSTEMPATH/CodeIgniter.php(503): CodeIgniter\CodeIgniter->runController(Object(App\Controllers\View))
 7 SYSTEMPATH/CodeIgniter.php(362): CodeIgniter\CodeIgniter->handleRequest(null, Object(Config\Cache), false)
 8 FCPATH/index.php(79): CodeIgniter\CodeIgniter->run()
ERROR - 2025-06-30 01:39:05 --> mysqli_sql_exception: You have an error in your SQL syntax; check the manual that corresponds to your MySQL server version for the right syntax to use near ')' at line 3 in /home/sakurupi/demo.sakurupiah.id/system/Database/MySQLi/Connection.php:306
Stack trace:
#0 /home/sakurupi/demo.sakurupiah.id/system/Database/MySQLi/Connection.php(306): mysqli->query('SELECT *\nFROM `...', 0)
#1 /home/sakurupi/demo.sakurupiah.id/system/Database/BaseConnection.php(693): CodeIgniter\Database\MySQLi\Connection->execute('SELECT *\nFROM `...')
#2 /home/sakurupi/demo.sakurupiah.id/system/Database/BaseConnection.php(607): CodeIgniter\Database\BaseConnection->simpleQuery('SELECT *\nFROM `...')
#3 /home/sakurupi/demo.sakurupiah.id/system/Database/BaseBuilder.php(1615): CodeIgniter\Database\BaseConnection->query('SELECT *\nFROM `...', Array, false)
#4 /home/sakurupi/demo.sakurupiah.id/system/Model.php(237): CodeIgniter\Database\BaseBuilder->get()
#5 /home/sakurupi/demo.sakurupiah.id/system/BaseModel.php(624): CodeIgniter\Model->doFindAll(0, 0)
#6 /home/sakurupi/demo.sakurupiah.id/app/Controllers/View.php(83): CodeIgniter\BaseModel->findAll()
#7 /home/sakurupi/demo.sakurupiah.id/system/CodeIgniter.php(943): App\Controllers\View->getFlashSale()
#8 /home/sakurupi/demo.sakurupiah.id/system/CodeIgniter.php(503): CodeIgniter\CodeIgniter->runController(Object(App\Controllers\View))
#9 /home/sakurupi/demo.sakurupiah.id/system/CodeIgniter.php(362): CodeIgniter\CodeIgniter->handleRequest(NULL, Object(Config\Cache), false)
#10 /home/sakurupi/demo.sakurupiah.id/index.php(79): CodeIgniter\CodeIgniter->run()
#11 {main}
CRITICAL - 2025-06-30 01:39:05 --> You have an error in your SQL syntax; check the manual that corresponds to your MySQL server version for the right syntax to use near ')' at line 3
in SYSTEMPATH/Database/BaseConnection.php on line 647.
 1 SYSTEMPATH/Database/BaseBuilder.php(1615): CodeIgniter\Database\BaseConnection->query('SELECT *
FROM `games`
WHERE `brand` IN :brand:', [...], false)
 2 SYSTEMPATH/Model.php(237): CodeIgniter\Database\BaseBuilder->get()
 3 SYSTEMPATH/BaseModel.php(624): CodeIgniter\Model->doFindAll(0, 0)
 4 APPPATH/Controllers/View.php(83): CodeIgniter\BaseModel->findAll()
 5 SYSTEMPATH/CodeIgniter.php(943): App\Controllers\View->getFlashSale()
 6 SYSTEMPATH/CodeIgniter.php(503): CodeIgniter\CodeIgniter->runController(Object(App\Controllers\View))
 7 SYSTEMPATH/CodeIgniter.php(362): CodeIgniter\CodeIgniter->handleRequest(null, Object(Config\Cache), false)
 8 FCPATH/index.php(79): CodeIgniter\CodeIgniter->run()
ERROR - 2025-06-30 01:39:17 --> mysqli_sql_exception: You have an error in your SQL syntax; check the manual that corresponds to your MySQL server version for the right syntax to use near ')' at line 3 in /home/sakurupi/demo.sakurupiah.id/system/Database/MySQLi/Connection.php:306
Stack trace:
#0 /home/sakurupi/demo.sakurupiah.id/system/Database/MySQLi/Connection.php(306): mysqli->query('SELECT *\nFROM `...', 0)
#1 /home/sakurupi/demo.sakurupiah.id/system/Database/BaseConnection.php(693): CodeIgniter\Database\MySQLi\Connection->execute('SELECT *\nFROM `...')
#2 /home/sakurupi/demo.sakurupiah.id/system/Database/BaseConnection.php(607): CodeIgniter\Database\BaseConnection->simpleQuery('SELECT *\nFROM `...')
#3 /home/sakurupi/demo.sakurupiah.id/system/Database/BaseBuilder.php(1615): CodeIgniter\Database\BaseConnection->query('SELECT *\nFROM `...', Array, false)
#4 /home/sakurupi/demo.sakurupiah.id/system/Model.php(237): CodeIgniter\Database\BaseBuilder->get()
#5 /home/sakurupi/demo.sakurupiah.id/system/BaseModel.php(624): CodeIgniter\Model->doFindAll(0, 0)
#6 /home/sakurupi/demo.sakurupiah.id/app/Controllers/View.php(83): CodeIgniter\BaseModel->findAll()
#7 /home/sakurupi/demo.sakurupiah.id/system/CodeIgniter.php(943): App\Controllers\View->getFlashSale()
#8 /home/sakurupi/demo.sakurupiah.id/system/CodeIgniter.php(503): CodeIgniter\CodeIgniter->runController(Object(App\Controllers\View))
#9 /home/sakurupi/demo.sakurupiah.id/system/CodeIgniter.php(362): CodeIgniter\CodeIgniter->handleRequest(NULL, Object(Config\Cache), false)
#10 /home/sakurupi/demo.sakurupiah.id/index.php(79): CodeIgniter\CodeIgniter->run()
#11 {main}
CRITICAL - 2025-06-30 01:39:17 --> You have an error in your SQL syntax; check the manual that corresponds to your MySQL server version for the right syntax to use near ')' at line 3
in SYSTEMPATH/Database/BaseConnection.php on line 647.
 1 SYSTEMPATH/Database/BaseBuilder.php(1615): CodeIgniter\Database\BaseConnection->query('SELECT *
FROM `games`
WHERE `brand` IN :brand:', [...], false)
 2 SYSTEMPATH/Model.php(237): CodeIgniter\Database\BaseBuilder->get()
 3 SYSTEMPATH/BaseModel.php(624): CodeIgniter\Model->doFindAll(0, 0)
 4 APPPATH/Controllers/View.php(83): CodeIgniter\BaseModel->findAll()
 5 SYSTEMPATH/CodeIgniter.php(943): App\Controllers\View->getFlashSale()
 6 SYSTEMPATH/CodeIgniter.php(503): CodeIgniter\CodeIgniter->runController(Object(App\Controllers\View))
 7 SYSTEMPATH/CodeIgniter.php(362): CodeIgniter\CodeIgniter->handleRequest(null, Object(Config\Cache), false)
 8 FCPATH/index.php(79): CodeIgniter\CodeIgniter->run()
ERROR - 2025-06-30 01:42:47 --> mysqli_sql_exception: Column 'username' cannot be null in /home/sakurupi/demo.sakurupiah.id/system/Database/MySQLi/Connection.php:306
Stack trace:
#0 /home/sakurupi/demo.sakurupiah.id/system/Database/MySQLi/Connection.php(306): mysqli->query('INSERT INTO `to...', 0)
#1 /home/sakurupi/demo.sakurupiah.id/system/Database/BaseConnection.php(693): CodeIgniter\Database\MySQLi\Connection->execute('INSERT INTO `to...')
#2 /home/sakurupi/demo.sakurupiah.id/system/Database/BaseConnection.php(607): CodeIgniter\Database\BaseConnection->simpleQuery('INSERT INTO `to...')
#3 /home/sakurupi/demo.sakurupiah.id/system/Database/BaseBuilder.php(2308): CodeIgniter\Database\BaseConnection->query('INSERT INTO `to...', Array, false)
#4 /home/sakurupi/demo.sakurupiah.id/system/Model.php(319): CodeIgniter\Database\BaseBuilder->insert()
#5 /home/sakurupi/demo.sakurupiah.id/system/BaseModel.php(788): CodeIgniter\Model->doInsert(Array)
#6 /home/sakurupi/demo.sakurupiah.id/system/Model.php(715): CodeIgniter\BaseModel->insert(Array, true)
#7 /home/sakurupi/demo.sakurupiah.id/app/Controllers/User/Topup.php(132): CodeIgniter\Model->insert(Array)
#8 /home/sakurupi/demo.sakurupiah.id/system/CodeIgniter.php(943): App\Controllers\User\Topup->prosesPayment()
#9 /home/sakurupi/demo.sakurupiah.id/system/CodeIgniter.php(503): CodeIgniter\CodeIgniter->runController(Object(App\Controllers\User\Topup))
#10 /home/sakurupi/demo.sakurupiah.id/system/CodeIgniter.php(362): CodeIgniter\CodeIgniter->handleRequest(NULL, Object(Config\Cache), false)
#11 /home/sakurupi/demo.sakurupiah.id/index.php(79): CodeIgniter\CodeIgniter->run()
#12 {main}
CRITICAL - 2025-06-30 01:42:47 --> Column 'username' cannot be null
in SYSTEMPATH/Database/BaseConnection.php on line 647.
 1 SYSTEMPATH/Database/BaseBuilder.php(2308): CodeIgniter\Database\BaseConnection->query('INSERT INTO `topup` (`user_id`, `username`, `topup_id`, `nominal`, `fee`, `total_pembayaran`, `metode`, `kode_pembayaran`, `status`, `batas_pembayaran`, `cara_bayar`, `created_at`, `updated_at`) VALUES (:user_id:, :username:, :topup_id:, :nominal:, :fee:, :total_pembayaran:, :metode:, :kode_pembayaran:, :status:, :batas_pembayaran:, :cara_bayar:, :created_at:, :updated_at:)', [...], false)
 2 SYSTEMPATH/Model.php(319): CodeIgniter\Database\BaseBuilder->insert()
 3 SYSTEMPATH/BaseModel.php(788): CodeIgniter\Model->doInsert([...])
 4 SYSTEMPATH/Model.php(715): CodeIgniter\BaseModel->insert([...], true)
 5 APPPATH/Controllers/User/Topup.php(132): CodeIgniter\Model->insert([...])
 6 SYSTEMPATH/CodeIgniter.php(943): App\Controllers\User\Topup->prosesPayment()
 7 SYSTEMPATH/CodeIgniter.php(503): CodeIgniter\CodeIgniter->runController(Object(App\Controllers\User\Topup))
 8 SYSTEMPATH/CodeIgniter.php(362): CodeIgniter\CodeIgniter->handleRequest(null, Object(Config\Cache), false)
 9 FCPATH/index.php(79): CodeIgniter\CodeIgniter->run()
ERROR - 2025-06-30 01:44:02 --> mysqli_sql_exception: You have an error in your SQL syntax; check the manual that corresponds to your MySQL server version for the right syntax to use near ')' at line 3 in /home/sakurupi/demo.sakurupiah.id/system/Database/MySQLi/Connection.php:306
Stack trace:
#0 /home/sakurupi/demo.sakurupiah.id/system/Database/MySQLi/Connection.php(306): mysqli->query('SELECT *\nFROM `...', 0)
#1 /home/sakurupi/demo.sakurupiah.id/system/Database/BaseConnection.php(693): CodeIgniter\Database\MySQLi\Connection->execute('SELECT *\nFROM `...')
#2 /home/sakurupi/demo.sakurupiah.id/system/Database/BaseConnection.php(607): CodeIgniter\Database\BaseConnection->simpleQuery('SELECT *\nFROM `...')
#3 /home/sakurupi/demo.sakurupiah.id/system/Database/BaseBuilder.php(1615): CodeIgniter\Database\BaseConnection->query('SELECT *\nFROM `...', Array, false)
#4 /home/sakurupi/demo.sakurupiah.id/system/Model.php(237): CodeIgniter\Database\BaseBuilder->get()
#5 /home/sakurupi/demo.sakurupiah.id/system/BaseModel.php(624): CodeIgniter\Model->doFindAll(0, 0)
#6 /home/sakurupi/demo.sakurupiah.id/app/Controllers/View.php(83): CodeIgniter\BaseModel->findAll()
#7 /home/sakurupi/demo.sakurupiah.id/system/CodeIgniter.php(943): App\Controllers\View->getFlashSale()
#8 /home/sakurupi/demo.sakurupiah.id/system/CodeIgniter.php(503): CodeIgniter\CodeIgniter->runController(Object(App\Controllers\View))
#9 /home/sakurupi/demo.sakurupiah.id/system/CodeIgniter.php(362): CodeIgniter\CodeIgniter->handleRequest(NULL, Object(Config\Cache), false)
#10 /home/sakurupi/demo.sakurupiah.id/index.php(79): CodeIgniter\CodeIgniter->run()
#11 {main}
CRITICAL - 2025-06-30 01:44:02 --> You have an error in your SQL syntax; check the manual that corresponds to your MySQL server version for the right syntax to use near ')' at line 3
in SYSTEMPATH/Database/BaseConnection.php on line 647.
 1 SYSTEMPATH/Database/BaseBuilder.php(1615): CodeIgniter\Database\BaseConnection->query('SELECT *
FROM `games`
WHERE `brand` IN :brand:', [...], false)
 2 SYSTEMPATH/Model.php(237): CodeIgniter\Database\BaseBuilder->get()
 3 SYSTEMPATH/BaseModel.php(624): CodeIgniter\Model->doFindAll(0, 0)
 4 APPPATH/Controllers/View.php(83): CodeIgniter\BaseModel->findAll()
 5 SYSTEMPATH/CodeIgniter.php(943): App\Controllers\View->getFlashSale()
 6 SYSTEMPATH/CodeIgniter.php(503): CodeIgniter\CodeIgniter->runController(Object(App\Controllers\View))
 7 SYSTEMPATH/CodeIgniter.php(362): CodeIgniter\CodeIgniter->handleRequest(null, Object(Config\Cache), false)
 8 FCPATH/index.php(79): CodeIgniter\CodeIgniter->run()
ERROR - 2025-06-30 01:50:47 --> mysqli_sql_exception: Column 'username' cannot be null in /home/sakurupi/demo.sakurupiah.id/system/Database/MySQLi/Connection.php:306
Stack trace:
#0 /home/sakurupi/demo.sakurupiah.id/system/Database/MySQLi/Connection.php(306): mysqli->query('INSERT INTO `to...', 0)
#1 /home/sakurupi/demo.sakurupiah.id/system/Database/BaseConnection.php(693): CodeIgniter\Database\MySQLi\Connection->execute('INSERT INTO `to...')
#2 /home/sakurupi/demo.sakurupiah.id/system/Database/BaseConnection.php(607): CodeIgniter\Database\BaseConnection->simpleQuery('INSERT INTO `to...')
#3 /home/sakurupi/demo.sakurupiah.id/system/Database/BaseBuilder.php(2308): CodeIgniter\Database\BaseConnection->query('INSERT INTO `to...', Array, false)
#4 /home/sakurupi/demo.sakurupiah.id/system/Model.php(319): CodeIgniter\Database\BaseBuilder->insert()
#5 /home/sakurupi/demo.sakurupiah.id/system/BaseModel.php(788): CodeIgniter\Model->doInsert(Array)
#6 /home/sakurupi/demo.sakurupiah.id/system/Model.php(715): CodeIgniter\BaseModel->insert(Array, true)
#7 /home/sakurupi/demo.sakurupiah.id/app/Controllers/User/Topup.php(132): CodeIgniter\Model->insert(Array)
#8 /home/sakurupi/demo.sakurupiah.id/system/CodeIgniter.php(943): App\Controllers\User\Topup->prosesPayment()
#9 /home/sakurupi/demo.sakurupiah.id/system/CodeIgniter.php(503): CodeIgniter\CodeIgniter->runController(Object(App\Controllers\User\Topup))
#10 /home/sakurupi/demo.sakurupiah.id/system/CodeIgniter.php(362): CodeIgniter\CodeIgniter->handleRequest(NULL, Object(Config\Cache), false)
#11 /home/sakurupi/demo.sakurupiah.id/index.php(79): CodeIgniter\CodeIgniter->run()
#12 {main}
CRITICAL - 2025-06-30 01:50:47 --> Column 'username' cannot be null
in SYSTEMPATH/Database/BaseConnection.php on line 647.
 1 SYSTEMPATH/Database/BaseBuilder.php(2308): CodeIgniter\Database\BaseConnection->query('INSERT INTO `topup` (`user_id`, `username`, `topup_id`, `nominal`, `fee`, `total_pembayaran`, `metode`, `kode_pembayaran`, `status`, `batas_pembayaran`, `cara_bayar`, `created_at`, `updated_at`) VALUES (:user_id:, :username:, :topup_id:, :nominal:, :fee:, :total_pembayaran:, :metode:, :kode_pembayaran:, :status:, :batas_pembayaran:, :cara_bayar:, :created_at:, :updated_at:)', [...], false)
 2 SYSTEMPATH/Model.php(319): CodeIgniter\Database\BaseBuilder->insert()
 3 SYSTEMPATH/BaseModel.php(788): CodeIgniter\Model->doInsert([...])
 4 SYSTEMPATH/Model.php(715): CodeIgniter\BaseModel->insert([...], true)
 5 APPPATH/Controllers/User/Topup.php(132): CodeIgniter\Model->insert([...])
 6 SYSTEMPATH/CodeIgniter.php(943): App\Controllers\User\Topup->prosesPayment()
 7 SYSTEMPATH/CodeIgniter.php(503): CodeIgniter\CodeIgniter->runController(Object(App\Controllers\User\Topup))
 8 SYSTEMPATH/CodeIgniter.php(362): CodeIgniter\CodeIgniter->handleRequest(null, Object(Config\Cache), false)
 9 FCPATH/index.php(79): CodeIgniter\CodeIgniter->run()
ERROR - 2025-06-30 01:52:05 --> mysqli_sql_exception: Column 'username' cannot be null in /home/sakurupi/demo.sakurupiah.id/system/Database/MySQLi/Connection.php:306
Stack trace:
#0 /home/sakurupi/demo.sakurupiah.id/system/Database/MySQLi/Connection.php(306): mysqli->query('INSERT INTO `to...', 0)
#1 /home/sakurupi/demo.sakurupiah.id/system/Database/BaseConnection.php(693): CodeIgniter\Database\MySQLi\Connection->execute('INSERT INTO `to...')
#2 /home/sakurupi/demo.sakurupiah.id/system/Database/BaseConnection.php(607): CodeIgniter\Database\BaseConnection->simpleQuery('INSERT INTO `to...')
#3 /home/sakurupi/demo.sakurupiah.id/system/Database/BaseBuilder.php(2308): CodeIgniter\Database\BaseConnection->query('INSERT INTO `to...', Array, false)
#4 /home/sakurupi/demo.sakurupiah.id/system/Model.php(319): CodeIgniter\Database\BaseBuilder->insert()
#5 /home/sakurupi/demo.sakurupiah.id/system/BaseModel.php(788): CodeIgniter\Model->doInsert(Array)
#6 /home/sakurupi/demo.sakurupiah.id/system/Model.php(715): CodeIgniter\BaseModel->insert(Array, true)
#7 /home/sakurupi/demo.sakurupiah.id/app/Controllers/User/Topup.php(132): CodeIgniter\Model->insert(Array)
#8 /home/sakurupi/demo.sakurupiah.id/system/CodeIgniter.php(943): App\Controllers\User\Topup->prosesPayment()
#9 /home/sakurupi/demo.sakurupiah.id/system/CodeIgniter.php(503): CodeIgniter\CodeIgniter->runController(Object(App\Controllers\User\Topup))
#10 /home/sakurupi/demo.sakurupiah.id/system/CodeIgniter.php(362): CodeIgniter\CodeIgniter->handleRequest(NULL, Object(Config\Cache), false)
#11 /home/sakurupi/demo.sakurupiah.id/index.php(79): CodeIgniter\CodeIgniter->run()
#12 {main}
CRITICAL - 2025-06-30 01:52:05 --> Column 'username' cannot be null
in SYSTEMPATH/Database/BaseConnection.php on line 647.
 1 SYSTEMPATH/Database/BaseBuilder.php(2308): CodeIgniter\Database\BaseConnection->query('INSERT INTO `topup` (`user_id`, `username`, `topup_id`, `nominal`, `fee`, `total_pembayaran`, `metode`, `kode_pembayaran`, `status`, `batas_pembayaran`, `cara_bayar`, `created_at`, `updated_at`) VALUES (:user_id:, :username:, :topup_id:, :nominal:, :fee:, :total_pembayaran:, :metode:, :kode_pembayaran:, :status:, :batas_pembayaran:, :cara_bayar:, :created_at:, :updated_at:)', [...], false)
 2 SYSTEMPATH/Model.php(319): CodeIgniter\Database\BaseBuilder->insert()
 3 SYSTEMPATH/BaseModel.php(788): CodeIgniter\Model->doInsert([...])
 4 SYSTEMPATH/Model.php(715): CodeIgniter\BaseModel->insert([...], true)
 5 APPPATH/Controllers/User/Topup.php(132): CodeIgniter\Model->insert([...])
 6 SYSTEMPATH/CodeIgniter.php(943): App\Controllers\User\Topup->prosesPayment()
 7 SYSTEMPATH/CodeIgniter.php(503): CodeIgniter\CodeIgniter->runController(Object(App\Controllers\User\Topup))
 8 SYSTEMPATH/CodeIgniter.php(362): CodeIgniter\CodeIgniter->handleRequest(null, Object(Config\Cache), false)
 9 FCPATH/index.php(79): CodeIgniter\CodeIgniter->run()
ERROR - 2025-06-30 01:54:40 --> mysqli_sql_exception: Column 'username' cannot be null in /home/sakurupi/demo.sakurupiah.id/system/Database/MySQLi/Connection.php:306
Stack trace:
#0 /home/sakurupi/demo.sakurupiah.id/system/Database/MySQLi/Connection.php(306): mysqli->query('INSERT INTO `to...', 0)
#1 /home/sakurupi/demo.sakurupiah.id/system/Database/BaseConnection.php(693): CodeIgniter\Database\MySQLi\Connection->execute('INSERT INTO `to...')
#2 /home/sakurupi/demo.sakurupiah.id/system/Database/BaseConnection.php(607): CodeIgniter\Database\BaseConnection->simpleQuery('INSERT INTO `to...')
#3 /home/sakurupi/demo.sakurupiah.id/system/Database/BaseBuilder.php(2308): CodeIgniter\Database\BaseConnection->query('INSERT INTO `to...', Array, false)
#4 /home/sakurupi/demo.sakurupiah.id/system/Model.php(319): CodeIgniter\Database\BaseBuilder->insert()
#5 /home/sakurupi/demo.sakurupiah.id/system/BaseModel.php(788): CodeIgniter\Model->doInsert(Array)
#6 /home/sakurupi/demo.sakurupiah.id/system/Model.php(715): CodeIgniter\BaseModel->insert(Array, true)
#7 /home/sakurupi/demo.sakurupiah.id/app/Controllers/User/Topup.php(130): CodeIgniter\Model->insert(Array)
#8 /home/sakurupi/demo.sakurupiah.id/system/CodeIgniter.php(943): App\Controllers\User\Topup->prosesPayment()
#9 /home/sakurupi/demo.sakurupiah.id/system/CodeIgniter.php(503): CodeIgniter\CodeIgniter->runController(Object(App\Controllers\User\Topup))
#10 /home/sakurupi/demo.sakurupiah.id/system/CodeIgniter.php(362): CodeIgniter\CodeIgniter->handleRequest(NULL, Object(Config\Cache), false)
#11 /home/sakurupi/demo.sakurupiah.id/index.php(79): CodeIgniter\CodeIgniter->run()
#12 {main}
CRITICAL - 2025-06-30 01:54:40 --> Column 'username' cannot be null
in SYSTEMPATH/Database/BaseConnection.php on line 647.
 1 SYSTEMPATH/Database/BaseBuilder.php(2308): CodeIgniter\Database\BaseConnection->query('INSERT INTO `topup` (`user_id`, `username`, `topup_id`, `nominal`, `fee`, `total_pembayaran`, `metode`, `kode_pembayaran`, `status`, `batas_pembayaran`, `cara_bayar`, `created_at`, `updated_at`) VALUES (:user_id:, :username:, :topup_id:, :nominal:, :fee:, :total_pembayaran:, :metode:, :kode_pembayaran:, :status:, :batas_pembayaran:, :cara_bayar:, :created_at:, :updated_at:)', [...], false)
 2 SYSTEMPATH/Model.php(319): CodeIgniter\Database\BaseBuilder->insert()
 3 SYSTEMPATH/BaseModel.php(788): CodeIgniter\Model->doInsert([...])
 4 SYSTEMPATH/Model.php(715): CodeIgniter\BaseModel->insert([...], true)
 5 APPPATH/Controllers/User/Topup.php(130): CodeIgniter\Model->insert([...])
 6 SYSTEMPATH/CodeIgniter.php(943): App\Controllers\User\Topup->prosesPayment()
 7 SYSTEMPATH/CodeIgniter.php(503): CodeIgniter\CodeIgniter->runController(Object(App\Controllers\User\Topup))
 8 SYSTEMPATH/CodeIgniter.php(362): CodeIgniter\CodeIgniter->handleRequest(null, Object(Config\Cache), false)
 9 FCPATH/index.php(79): CodeIgniter\CodeIgniter->run()
ERROR - 2025-06-30 01:58:51 --> mysqli_sql_exception: Column 'username' cannot be null in /home/sakurupi/demo.sakurupiah.id/system/Database/MySQLi/Connection.php:306
Stack trace:
#0 /home/sakurupi/demo.sakurupiah.id/system/Database/MySQLi/Connection.php(306): mysqli->query('INSERT INTO `to...', 0)
#1 /home/sakurupi/demo.sakurupiah.id/system/Database/BaseConnection.php(693): CodeIgniter\Database\MySQLi\Connection->execute('INSERT INTO `to...')
#2 /home/sakurupi/demo.sakurupiah.id/system/Database/BaseConnection.php(607): CodeIgniter\Database\BaseConnection->simpleQuery('INSERT INTO `to...')
#3 /home/sakurupi/demo.sakurupiah.id/system/Database/BaseBuilder.php(2308): CodeIgniter\Database\BaseConnection->query('INSERT INTO `to...', Array, false)
#4 /home/sakurupi/demo.sakurupiah.id/system/Model.php(319): CodeIgniter\Database\BaseBuilder->insert()
#5 /home/sakurupi/demo.sakurupiah.id/system/BaseModel.php(788): CodeIgniter\Model->doInsert(Array)
#6 /home/sakurupi/demo.sakurupiah.id/system/Model.php(715): CodeIgniter\BaseModel->insert(Array, true)
#7 /home/sakurupi/demo.sakurupiah.id/app/Controllers/User/Topup.php(130): CodeIgniter\Model->insert(Array)
#8 /home/sakurupi/demo.sakurupiah.id/system/CodeIgniter.php(943): App\Controllers\User\Topup->prosesPayment()
#9 /home/sakurupi/demo.sakurupiah.id/system/CodeIgniter.php(503): CodeIgniter\CodeIgniter->runController(Object(App\Controllers\User\Topup))
#10 /home/sakurupi/demo.sakurupiah.id/system/CodeIgniter.php(362): CodeIgniter\CodeIgniter->handleRequest(NULL, Object(Config\Cache), false)
#11 /home/sakurupi/demo.sakurupiah.id/index.php(79): CodeIgniter\CodeIgniter->run()
#12 {main}
CRITICAL - 2025-06-30 01:58:51 --> Column 'username' cannot be null
in SYSTEMPATH/Database/BaseConnection.php on line 647.
 1 SYSTEMPATH/Database/BaseBuilder.php(2308): CodeIgniter\Database\BaseConnection->query('INSERT INTO `topup` (`user_id`, `username`, `topup_id`, `nominal`, `fee`, `total_pembayaran`, `metode`, `kode_pembayaran`, `status`, `batas_pembayaran`, `cara_bayar`, `created_at`, `updated_at`) VALUES (:user_id:, :username:, :topup_id:, :nominal:, :fee:, :total_pembayaran:, :metode:, :kode_pembayaran:, :status:, :batas_pembayaran:, :cara_bayar:, :created_at:, :updated_at:)', [...], false)
 2 SYSTEMPATH/Model.php(319): CodeIgniter\Database\BaseBuilder->insert()
 3 SYSTEMPATH/BaseModel.php(788): CodeIgniter\Model->doInsert([...])
 4 SYSTEMPATH/Model.php(715): CodeIgniter\BaseModel->insert([...], true)
 5 APPPATH/Controllers/User/Topup.php(130): CodeIgniter\Model->insert([...])
 6 SYSTEMPATH/CodeIgniter.php(943): App\Controllers\User\Topup->prosesPayment()
 7 SYSTEMPATH/CodeIgniter.php(503): CodeIgniter\CodeIgniter->runController(Object(App\Controllers\User\Topup))
 8 SYSTEMPATH/CodeIgniter.php(362): CodeIgniter\CodeIgniter->handleRequest(null, Object(Config\Cache), false)
 9 FCPATH/index.php(79): CodeIgniter\CodeIgniter->run()
ERROR - 2025-06-30 02:00:02 --> mysqli_sql_exception: You have an error in your SQL syntax; check the manual that corresponds to your MySQL server version for the right syntax to use near ')' at line 3 in /home/sakurupi/demo.sakurupiah.id/system/Database/MySQLi/Connection.php:306
Stack trace:
#0 /home/sakurupi/demo.sakurupiah.id/system/Database/MySQLi/Connection.php(306): mysqli->query('SELECT *\nFROM `...', 0)
#1 /home/sakurupi/demo.sakurupiah.id/system/Database/BaseConnection.php(693): CodeIgniter\Database\MySQLi\Connection->execute('SELECT *\nFROM `...')
#2 /home/sakurupi/demo.sakurupiah.id/system/Database/BaseConnection.php(607): CodeIgniter\Database\BaseConnection->simpleQuery('SELECT *\nFROM `...')
#3 /home/sakurupi/demo.sakurupiah.id/system/Database/BaseBuilder.php(1615): CodeIgniter\Database\BaseConnection->query('SELECT *\nFROM `...', Array, false)
#4 /home/sakurupi/demo.sakurupiah.id/system/Model.php(237): CodeIgniter\Database\BaseBuilder->get()
#5 /home/sakurupi/demo.sakurupiah.id/system/BaseModel.php(624): CodeIgniter\Model->doFindAll(0, 0)
#6 /home/sakurupi/demo.sakurupiah.id/app/Controllers/View.php(83): CodeIgniter\BaseModel->findAll()
#7 /home/sakurupi/demo.sakurupiah.id/system/CodeIgniter.php(943): App\Controllers\View->getFlashSale()
#8 /home/sakurupi/demo.sakurupiah.id/system/CodeIgniter.php(503): CodeIgniter\CodeIgniter->runController(Object(App\Controllers\View))
#9 /home/sakurupi/demo.sakurupiah.id/system/CodeIgniter.php(362): CodeIgniter\CodeIgniter->handleRequest(NULL, Object(Config\Cache), false)
#10 /home/sakurupi/demo.sakurupiah.id/index.php(79): CodeIgniter\CodeIgniter->run()
#11 {main}
CRITICAL - 2025-06-30 02:00:02 --> You have an error in your SQL syntax; check the manual that corresponds to your MySQL server version for the right syntax to use near ')' at line 3
in SYSTEMPATH/Database/BaseConnection.php on line 647.
 1 SYSTEMPATH/Database/BaseBuilder.php(1615): CodeIgniter\Database\BaseConnection->query('SELECT *
FROM `games`
WHERE `brand` IN :brand:', [...], false)
 2 SYSTEMPATH/Model.php(237): CodeIgniter\Database\BaseBuilder->get()
 3 SYSTEMPATH/BaseModel.php(624): CodeIgniter\Model->doFindAll(0, 0)
 4 APPPATH/Controllers/View.php(83): CodeIgniter\BaseModel->findAll()
 5 SYSTEMPATH/CodeIgniter.php(943): App\Controllers\View->getFlashSale()
 6 SYSTEMPATH/CodeIgniter.php(503): CodeIgniter\CodeIgniter->runController(Object(App\Controllers\View))
 7 SYSTEMPATH/CodeIgniter.php(362): CodeIgniter\CodeIgniter->handleRequest(null, Object(Config\Cache), false)
 8 FCPATH/index.php(79): CodeIgniter\CodeIgniter->run()
ERROR - 2025-06-30 02:02:00 --> mysqli_sql_exception: You have an error in your SQL syntax; check the manual that corresponds to your MySQL server version for the right syntax to use near ')' at line 3 in /home/sakurupi/demo.sakurupiah.id/system/Database/MySQLi/Connection.php:306
Stack trace:
#0 /home/sakurupi/demo.sakurupiah.id/system/Database/MySQLi/Connection.php(306): mysqli->query('SELECT *\nFROM `...', 0)
#1 /home/sakurupi/demo.sakurupiah.id/system/Database/BaseConnection.php(693): CodeIgniter\Database\MySQLi\Connection->execute('SELECT *\nFROM `...')
#2 /home/sakurupi/demo.sakurupiah.id/system/Database/BaseConnection.php(607): CodeIgniter\Database\BaseConnection->simpleQuery('SELECT *\nFROM `...')
#3 /home/sakurupi/demo.sakurupiah.id/system/Database/BaseBuilder.php(1615): CodeIgniter\Database\BaseConnection->query('SELECT *\nFROM `...', Array, false)
#4 /home/sakurupi/demo.sakurupiah.id/system/Model.php(237): CodeIgniter\Database\BaseBuilder->get()
#5 /home/sakurupi/demo.sakurupiah.id/system/BaseModel.php(624): CodeIgniter\Model->doFindAll(0, 0)
#6 /home/sakurupi/demo.sakurupiah.id/app/Controllers/View.php(83): CodeIgniter\BaseModel->findAll()
#7 /home/sakurupi/demo.sakurupiah.id/system/CodeIgniter.php(943): App\Controllers\View->getFlashSale()
#8 /home/sakurupi/demo.sakurupiah.id/system/CodeIgniter.php(503): CodeIgniter\CodeIgniter->runController(Object(App\Controllers\View))
#9 /home/sakurupi/demo.sakurupiah.id/system/CodeIgniter.php(362): CodeIgniter\CodeIgniter->handleRequest(NULL, Object(Config\Cache), false)
#10 /home/sakurupi/demo.sakurupiah.id/index.php(79): CodeIgniter\CodeIgniter->run()
#11 {main}
CRITICAL - 2025-06-30 02:02:00 --> You have an error in your SQL syntax; check the manual that corresponds to your MySQL server version for the right syntax to use near ')' at line 3
in SYSTEMPATH/Database/BaseConnection.php on line 647.
 1 SYSTEMPATH/Database/BaseBuilder.php(1615): CodeIgniter\Database\BaseConnection->query('SELECT *
FROM `games`
WHERE `brand` IN :brand:', [...], false)
 2 SYSTEMPATH/Model.php(237): CodeIgniter\Database\BaseBuilder->get()
 3 SYSTEMPATH/BaseModel.php(624): CodeIgniter\Model->doFindAll(0, 0)
 4 APPPATH/Controllers/View.php(83): CodeIgniter\BaseModel->findAll()
 5 SYSTEMPATH/CodeIgniter.php(943): App\Controllers\View->getFlashSale()
 6 SYSTEMPATH/CodeIgniter.php(503): CodeIgniter\CodeIgniter->runController(Object(App\Controllers\View))
 7 SYSTEMPATH/CodeIgniter.php(362): CodeIgniter\CodeIgniter->handleRequest(null, Object(Config\Cache), false)
 8 FCPATH/index.php(79): CodeIgniter\CodeIgniter->run()
ERROR - 2025-06-30 02:02:10 --> mysqli_sql_exception: You have an error in your SQL syntax; check the manual that corresponds to your MySQL server version for the right syntax to use near ')' at line 3 in /home/sakurupi/demo.sakurupiah.id/system/Database/MySQLi/Connection.php:306
Stack trace:
#0 /home/sakurupi/demo.sakurupiah.id/system/Database/MySQLi/Connection.php(306): mysqli->query('SELECT *\nFROM `...', 0)
#1 /home/sakurupi/demo.sakurupiah.id/system/Database/BaseConnection.php(693): CodeIgniter\Database\MySQLi\Connection->execute('SELECT *\nFROM `...')
#2 /home/sakurupi/demo.sakurupiah.id/system/Database/BaseConnection.php(607): CodeIgniter\Database\BaseConnection->simpleQuery('SELECT *\nFROM `...')
#3 /home/sakurupi/demo.sakurupiah.id/system/Database/BaseBuilder.php(1615): CodeIgniter\Database\BaseConnection->query('SELECT *\nFROM `...', Array, false)
#4 /home/sakurupi/demo.sakurupiah.id/system/Model.php(237): CodeIgniter\Database\BaseBuilder->get()
#5 /home/sakurupi/demo.sakurupiah.id/system/BaseModel.php(624): CodeIgniter\Model->doFindAll(0, 0)
#6 /home/sakurupi/demo.sakurupiah.id/app/Controllers/View.php(83): CodeIgniter\BaseModel->findAll()
#7 /home/sakurupi/demo.sakurupiah.id/system/CodeIgniter.php(943): App\Controllers\View->getFlashSale()
#8 /home/sakurupi/demo.sakurupiah.id/system/CodeIgniter.php(503): CodeIgniter\CodeIgniter->runController(Object(App\Controllers\View))
#9 /home/sakurupi/demo.sakurupiah.id/system/CodeIgniter.php(362): CodeIgniter\CodeIgniter->handleRequest(NULL, Object(Config\Cache), false)
#10 /home/sakurupi/demo.sakurupiah.id/index.php(79): CodeIgniter\CodeIgniter->run()
#11 {main}
CRITICAL - 2025-06-30 02:02:10 --> You have an error in your SQL syntax; check the manual that corresponds to your MySQL server version for the right syntax to use near ')' at line 3
in SYSTEMPATH/Database/BaseConnection.php on line 647.
 1 SYSTEMPATH/Database/BaseBuilder.php(1615): CodeIgniter\Database\BaseConnection->query('SELECT *
FROM `games`
WHERE `brand` IN :brand:', [...], false)
 2 SYSTEMPATH/Model.php(237): CodeIgniter\Database\BaseBuilder->get()
 3 SYSTEMPATH/BaseModel.php(624): CodeIgniter\Model->doFindAll(0, 0)
 4 APPPATH/Controllers/View.php(83): CodeIgniter\BaseModel->findAll()
 5 SYSTEMPATH/CodeIgniter.php(943): App\Controllers\View->getFlashSale()
 6 SYSTEMPATH/CodeIgniter.php(503): CodeIgniter\CodeIgniter->runController(Object(App\Controllers\View))
 7 SYSTEMPATH/CodeIgniter.php(362): CodeIgniter\CodeIgniter->handleRequest(null, Object(Config\Cache), false)
 8 FCPATH/index.php(79): CodeIgniter\CodeIgniter->run()
CRITICAL - 2025-06-30 02:02:58 --> Call to undefined method App\Controllers\Callback::respond()
in APPPATH/Controllers/Callback.php on line 269.
 1 SYSTEMPATH/CodeIgniter.php(943): App\Controllers\Callback->callbackTokopay()
 2 SYSTEMPATH/CodeIgniter.php(503): CodeIgniter\CodeIgniter->runController(Object(App\Controllers\Callback))
 3 SYSTEMPATH/CodeIgniter.php(362): CodeIgniter\CodeIgniter->handleRequest(null, Object(Config\Cache), false)
 4 FCPATH/index.php(79): CodeIgniter\CodeIgniter->run()
ERROR - 2025-06-30 02:03:09 --> mysqli_sql_exception: You have an error in your SQL syntax; check the manual that corresponds to your MySQL server version for the right syntax to use near ')' at line 3 in /home/sakurupi/demo.sakurupiah.id/system/Database/MySQLi/Connection.php:306
Stack trace:
#0 /home/sakurupi/demo.sakurupiah.id/system/Database/MySQLi/Connection.php(306): mysqli->query('SELECT *\nFROM `...', 0)
#1 /home/sakurupi/demo.sakurupiah.id/system/Database/BaseConnection.php(693): CodeIgniter\Database\MySQLi\Connection->execute('SELECT *\nFROM `...')
#2 /home/sakurupi/demo.sakurupiah.id/system/Database/BaseConnection.php(607): CodeIgniter\Database\BaseConnection->simpleQuery('SELECT *\nFROM `...')
#3 /home/sakurupi/demo.sakurupiah.id/system/Database/BaseBuilder.php(1615): CodeIgniter\Database\BaseConnection->query('SELECT *\nFROM `...', Array, false)
#4 /home/sakurupi/demo.sakurupiah.id/system/Model.php(237): CodeIgniter\Database\BaseBuilder->get()
#5 /home/sakurupi/demo.sakurupiah.id/system/BaseModel.php(624): CodeIgniter\Model->doFindAll(0, 0)
#6 /home/sakurupi/demo.sakurupiah.id/app/Controllers/View.php(83): CodeIgniter\BaseModel->findAll()
#7 /home/sakurupi/demo.sakurupiah.id/system/CodeIgniter.php(943): App\Controllers\View->getFlashSale()
#8 /home/sakurupi/demo.sakurupiah.id/system/CodeIgniter.php(503): CodeIgniter\CodeIgniter->runController(Object(App\Controllers\View))
#9 /home/sakurupi/demo.sakurupiah.id/system/CodeIgniter.php(362): CodeIgniter\CodeIgniter->handleRequest(NULL, Object(Config\Cache), false)
#10 /home/sakurupi/demo.sakurupiah.id/index.php(79): CodeIgniter\CodeIgniter->run()
#11 {main}
CRITICAL - 2025-06-30 02:03:09 --> You have an error in your SQL syntax; check the manual that corresponds to your MySQL server version for the right syntax to use near ')' at line 3
in SYSTEMPATH/Database/BaseConnection.php on line 647.
 1 SYSTEMPATH/Database/BaseBuilder.php(1615): CodeIgniter\Database\BaseConnection->query('SELECT *
FROM `games`
WHERE `brand` IN :brand:', [...], false)
 2 SYSTEMPATH/Model.php(237): CodeIgniter\Database\BaseBuilder->get()
 3 SYSTEMPATH/BaseModel.php(624): CodeIgniter\Model->doFindAll(0, 0)
 4 APPPATH/Controllers/View.php(83): CodeIgniter\BaseModel->findAll()
 5 SYSTEMPATH/CodeIgniter.php(943): App\Controllers\View->getFlashSale()
 6 SYSTEMPATH/CodeIgniter.php(503): CodeIgniter\CodeIgniter->runController(Object(App\Controllers\View))
 7 SYSTEMPATH/CodeIgniter.php(362): CodeIgniter\CodeIgniter->handleRequest(null, Object(Config\Cache), false)
 8 FCPATH/index.php(79): CodeIgniter\CodeIgniter->run()
ERROR - 2025-06-30 02:03:29 --> mysqli_sql_exception: You have an error in your SQL syntax; check the manual that corresponds to your MySQL server version for the right syntax to use near ')' at line 3 in /home/sakurupi/demo.sakurupiah.id/system/Database/MySQLi/Connection.php:306
Stack trace:
#0 /home/sakurupi/demo.sakurupiah.id/system/Database/MySQLi/Connection.php(306): mysqli->query('SELECT *\nFROM `...', 0)
#1 /home/sakurupi/demo.sakurupiah.id/system/Database/BaseConnection.php(693): CodeIgniter\Database\MySQLi\Connection->execute('SELECT *\nFROM `...')
#2 /home/sakurupi/demo.sakurupiah.id/system/Database/BaseConnection.php(607): CodeIgniter\Database\BaseConnection->simpleQuery('SELECT *\nFROM `...')
#3 /home/sakurupi/demo.sakurupiah.id/system/Database/BaseBuilder.php(1615): CodeIgniter\Database\BaseConnection->query('SELECT *\nFROM `...', Array, false)
#4 /home/sakurupi/demo.sakurupiah.id/system/Model.php(237): CodeIgniter\Database\BaseBuilder->get()
#5 /home/sakurupi/demo.sakurupiah.id/system/BaseModel.php(624): CodeIgniter\Model->doFindAll(0, 0)
#6 /home/sakurupi/demo.sakurupiah.id/app/Controllers/View.php(83): CodeIgniter\BaseModel->findAll()
#7 /home/sakurupi/demo.sakurupiah.id/system/CodeIgniter.php(943): App\Controllers\View->getFlashSale()
#8 /home/sakurupi/demo.sakurupiah.id/system/CodeIgniter.php(503): CodeIgniter\CodeIgniter->runController(Object(App\Controllers\View))
#9 /home/sakurupi/demo.sakurupiah.id/system/CodeIgniter.php(362): CodeIgniter\CodeIgniter->handleRequest(NULL, Object(Config\Cache), false)
#10 /home/sakurupi/demo.sakurupiah.id/index.php(79): CodeIgniter\CodeIgniter->run()
#11 {main}
CRITICAL - 2025-06-30 02:03:29 --> You have an error in your SQL syntax; check the manual that corresponds to your MySQL server version for the right syntax to use near ')' at line 3
in SYSTEMPATH/Database/BaseConnection.php on line 647.
 1 SYSTEMPATH/Database/BaseBuilder.php(1615): CodeIgniter\Database\BaseConnection->query('SELECT *
FROM `games`
WHERE `brand` IN :brand:', [...], false)
 2 SYSTEMPATH/Model.php(237): CodeIgniter\Database\BaseBuilder->get()
 3 SYSTEMPATH/BaseModel.php(624): CodeIgniter\Model->doFindAll(0, 0)
 4 APPPATH/Controllers/View.php(83): CodeIgniter\BaseModel->findAll()
 5 SYSTEMPATH/CodeIgniter.php(943): App\Controllers\View->getFlashSale()
 6 SYSTEMPATH/CodeIgniter.php(503): CodeIgniter\CodeIgniter->runController(Object(App\Controllers\View))
 7 SYSTEMPATH/CodeIgniter.php(362): CodeIgniter\CodeIgniter->handleRequest(null, Object(Config\Cache), false)
 8 FCPATH/index.php(79): CodeIgniter\CodeIgniter->run()
ERROR - 2025-06-30 02:04:47 --> mysqli_sql_exception: You have an error in your SQL syntax; check the manual that corresponds to your MySQL server version for the right syntax to use near ')' at line 3 in /home/sakurupi/demo.sakurupiah.id/system/Database/MySQLi/Connection.php:306
Stack trace:
#0 /home/sakurupi/demo.sakurupiah.id/system/Database/MySQLi/Connection.php(306): mysqli->query('SELECT *\nFROM `...', 0)
#1 /home/sakurupi/demo.sakurupiah.id/system/Database/BaseConnection.php(693): CodeIgniter\Database\MySQLi\Connection->execute('SELECT *\nFROM `...')
#2 /home/sakurupi/demo.sakurupiah.id/system/Database/BaseConnection.php(607): CodeIgniter\Database\BaseConnection->simpleQuery('SELECT *\nFROM `...')
#3 /home/sakurupi/demo.sakurupiah.id/system/Database/BaseBuilder.php(1615): CodeIgniter\Database\BaseConnection->query('SELECT *\nFROM `...', Array, false)
#4 /home/sakurupi/demo.sakurupiah.id/system/Model.php(237): CodeIgniter\Database\BaseBuilder->get()
#5 /home/sakurupi/demo.sakurupiah.id/system/BaseModel.php(624): CodeIgniter\Model->doFindAll(0, 0)
#6 /home/sakurupi/demo.sakurupiah.id/app/Controllers/View.php(83): CodeIgniter\BaseModel->findAll()
#7 /home/sakurupi/demo.sakurupiah.id/system/CodeIgniter.php(943): App\Controllers\View->getFlashSale()
#8 /home/sakurupi/demo.sakurupiah.id/system/CodeIgniter.php(503): CodeIgniter\CodeIgniter->runController(Object(App\Controllers\View))
#9 /home/sakurupi/demo.sakurupiah.id/system/CodeIgniter.php(362): CodeIgniter\CodeIgniter->handleRequest(NULL, Object(Config\Cache), false)
#10 /home/sakurupi/demo.sakurupiah.id/index.php(79): CodeIgniter\CodeIgniter->run()
#11 {main}
CRITICAL - 2025-06-30 02:04:47 --> You have an error in your SQL syntax; check the manual that corresponds to your MySQL server version for the right syntax to use near ')' at line 3
in SYSTEMPATH/Database/BaseConnection.php on line 647.
 1 SYSTEMPATH/Database/BaseBuilder.php(1615): CodeIgniter\Database\BaseConnection->query('SELECT *
FROM `games`
WHERE `brand` IN :brand:', [...], false)
 2 SYSTEMPATH/Model.php(237): CodeIgniter\Database\BaseBuilder->get()
 3 SYSTEMPATH/BaseModel.php(624): CodeIgniter\Model->doFindAll(0, 0)
 4 APPPATH/Controllers/View.php(83): CodeIgniter\BaseModel->findAll()
 5 SYSTEMPATH/CodeIgniter.php(943): App\Controllers\View->getFlashSale()
 6 SYSTEMPATH/CodeIgniter.php(503): CodeIgniter\CodeIgniter->runController(Object(App\Controllers\View))
 7 SYSTEMPATH/CodeIgniter.php(362): CodeIgniter\CodeIgniter->handleRequest(null, Object(Config\Cache), false)
 8 FCPATH/index.php(79): CodeIgniter\CodeIgniter->run()
CRITICAL - 2025-06-30 02:07:48 --> Call to undefined method App\Controllers\Callback::respond()
in APPPATH/Controllers/Callback.php on line 269.
 1 SYSTEMPATH/CodeIgniter.php(943): App\Controllers\Callback->callbackTokopay()
 2 SYSTEMPATH/CodeIgniter.php(503): CodeIgniter\CodeIgniter->runController(Object(App\Controllers\Callback))
 3 SYSTEMPATH/CodeIgniter.php(362): CodeIgniter\CodeIgniter->handleRequest(null, Object(Config\Cache), false)
 4 FCPATH/index.php(79): CodeIgniter\CodeIgniter->run()
ERROR - 2025-06-30 02:16:49 --> mysqli_sql_exception: Column 'total_pembayaran' cannot be null in /home/sakurupi/demo.sakurupiah.id/system/Database/MySQLi/Connection.php:306
Stack trace:
#0 /home/sakurupi/demo.sakurupiah.id/system/Database/MySQLi/Connection.php(306): mysqli->query('INSERT INTO `pe...', 0)
#1 /home/sakurupi/demo.sakurupiah.id/system/Database/BaseConnection.php(693): CodeIgniter\Database\MySQLi\Connection->execute('INSERT INTO `pe...')
#2 /home/sakurupi/demo.sakurupiah.id/system/Database/BaseConnection.php(607): CodeIgniter\Database\BaseConnection->simpleQuery('INSERT INTO `pe...')
#3 /home/sakurupi/demo.sakurupiah.id/system/Database/BaseBuilder.php(2308): CodeIgniter\Database\BaseConnection->query('INSERT INTO `pe...', Array, false)
#4 /home/sakurupi/demo.sakurupiah.id/system/Model.php(319): CodeIgniter\Database\BaseBuilder->insert()
#5 /home/sakurupi/demo.sakurupiah.id/system/BaseModel.php(788): CodeIgniter\Model->doInsert(Array)
#6 /home/sakurupi/demo.sakurupiah.id/system/Model.php(715): CodeIgniter\BaseModel->insert(Array, true)
#7 /home/sakurupi/demo.sakurupiah.id/app/Controllers/Order.php(619): CodeIgniter\Model->insert(Array)
#8 /home/sakurupi/demo.sakurupiah.id/system/CodeIgniter.php(943): App\Controllers\Order->payment()
#9 /home/sakurupi/demo.sakurupiah.id/system/CodeIgniter.php(503): CodeIgniter\CodeIgniter->runController(Object(App\Controllers\Order))
#10 /home/sakurupi/demo.sakurupiah.id/system/CodeIgniter.php(362): CodeIgniter\CodeIgniter->handleRequest(NULL, Object(Config\Cache), false)
#11 /home/sakurupi/demo.sakurupiah.id/index.php(79): CodeIgniter\CodeIgniter->run()
#12 {main}
CRITICAL - 2025-06-30 02:16:49 --> Column 'total_pembayaran' cannot be null
in SYSTEMPATH/Database/BaseConnection.php on line 647.
 1 SYSTEMPATH/Database/BaseBuilder.php(2308): CodeIgniter\Database\BaseConnection->query('INSERT INTO `pembelian` (`user_id`, `order_id`, `games`, `produk`, `kode_produk`, `uid`, `server`, `nama_target`, `harga_provider`, `harga_jual`, `keuntungan`, `fee`, `total_pembayaran`, `provider`, `metode_pembayaran`, `kode_pembayaran`, `status_pembayaran`, `batas_pembayaran`, `cara_bayar`, `status_pembelian`, `nomor_whatsapp`, `note`, `created_at`, `updated_at`) VALUES (:user_id:, :order_id:, :games:, :produk:, :kode_produk:, :uid:, :server:, :nama_target:, :harga_provider:, :harga_jual:, :keuntungan:, :fee:, :total_pembayaran:, :provider:, :metode_pembayaran:, :kode_pembayaran:, :status_pembayaran:, :batas_pembayaran:, :cara_bayar:, :status_pembelian:, :nomor_whatsapp:, :note:, :created_at:, :updated_at:)', [...], false)
 2 SYSTEMPATH/Model.php(319): CodeIgniter\Database\BaseBuilder->insert()
 3 SYSTEMPATH/BaseModel.php(788): CodeIgniter\Model->doInsert([...])
 4 SYSTEMPATH/Model.php(715): CodeIgniter\BaseModel->insert([...], true)
 5 APPPATH/Controllers/Order.php(619): CodeIgniter\Model->insert([...])
 6 SYSTEMPATH/CodeIgniter.php(943): App\Controllers\Order->payment()
 7 SYSTEMPATH/CodeIgniter.php(503): CodeIgniter\CodeIgniter->runController(Object(App\Controllers\Order))
 8 SYSTEMPATH/CodeIgniter.php(362): CodeIgniter\CodeIgniter->handleRequest(null, Object(Config\Cache), false)
 9 FCPATH/index.php(79): CodeIgniter\CodeIgniter->run()
CRITICAL - 2025-06-30 02:21:02 --> Call to undefined method App\Controllers\Callback::respond()
in APPPATH/Controllers/Callback.php on line 269.
 1 SYSTEMPATH/CodeIgniter.php(943): App\Controllers\Callback->callbackTokopay()
 2 SYSTEMPATH/CodeIgniter.php(503): CodeIgniter\CodeIgniter->runController(Object(App\Controllers\Callback))
 3 SYSTEMPATH/CodeIgniter.php(362): CodeIgniter\CodeIgniter->handleRequest(null, Object(Config\Cache), false)
 4 FCPATH/index.php(79): CodeIgniter\CodeIgniter->run()
CRITICAL - 2025-06-30 02:26:44 --> Call to undefined method App\Controllers\Callback::respond()
in APPPATH/Controllers/Callback.php on line 269.
 1 SYSTEMPATH/CodeIgniter.php(943): App\Controllers\Callback->callbackYabgroup()
 2 SYSTEMPATH/CodeIgniter.php(503): CodeIgniter\CodeIgniter->runController(Object(App\Controllers\Callback))
 3 SYSTEMPATH/CodeIgniter.php(362): CodeIgniter\CodeIgniter->handleRequest(null, Object(Config\Cache), false)
 4 FCPATH/index.php(79): CodeIgniter\CodeIgniter->run()
ERROR - 2025-06-30 02:33:27 --> mysqli_sql_exception: You have an error in your SQL syntax; check the manual that corresponds to your MySQL server version for the right syntax to use near ')' at line 3 in /home/sakurupi/demo.sakurupiah.id/system/Database/MySQLi/Connection.php:306
Stack trace:
#0 /home/sakurupi/demo.sakurupiah.id/system/Database/MySQLi/Connection.php(306): mysqli->query('SELECT *\nFROM `...', 0)
#1 /home/sakurupi/demo.sakurupiah.id/system/Database/BaseConnection.php(693): CodeIgniter\Database\MySQLi\Connection->execute('SELECT *\nFROM `...')
#2 /home/sakurupi/demo.sakurupiah.id/system/Database/BaseConnection.php(607): CodeIgniter\Database\BaseConnection->simpleQuery('SELECT *\nFROM `...')
#3 /home/sakurupi/demo.sakurupiah.id/system/Database/BaseBuilder.php(1615): CodeIgniter\Database\BaseConnection->query('SELECT *\nFROM `...', Array, false)
#4 /home/sakurupi/demo.sakurupiah.id/system/Model.php(237): CodeIgniter\Database\BaseBuilder->get()
#5 /home/sakurupi/demo.sakurupiah.id/system/BaseModel.php(624): CodeIgniter\Model->doFindAll(0, 0)
#6 /home/sakurupi/demo.sakurupiah.id/app/Controllers/View.php(83): CodeIgniter\BaseModel->findAll()
#7 /home/sakurupi/demo.sakurupiah.id/system/CodeIgniter.php(943): App\Controllers\View->getFlashSale()
#8 /home/sakurupi/demo.sakurupiah.id/system/CodeIgniter.php(503): CodeIgniter\CodeIgniter->runController(Object(App\Controllers\View))
#9 /home/sakurupi/demo.sakurupiah.id/system/CodeIgniter.php(362): CodeIgniter\CodeIgniter->handleRequest(NULL, Object(Config\Cache), false)
#10 /home/sakurupi/demo.sakurupiah.id/index.php(79): CodeIgniter\CodeIgniter->run()
#11 {main}
CRITICAL - 2025-06-30 02:33:27 --> You have an error in your SQL syntax; check the manual that corresponds to your MySQL server version for the right syntax to use near ')' at line 3
in SYSTEMPATH/Database/BaseConnection.php on line 647.
 1 SYSTEMPATH/Database/BaseBuilder.php(1615): CodeIgniter\Database\BaseConnection->query('SELECT *
FROM `games`
WHERE `brand` IN :brand:', [...], false)
 2 SYSTEMPATH/Model.php(237): CodeIgniter\Database\BaseBuilder->get()
 3 SYSTEMPATH/BaseModel.php(624): CodeIgniter\Model->doFindAll(0, 0)
 4 APPPATH/Controllers/View.php(83): CodeIgniter\BaseModel->findAll()
 5 SYSTEMPATH/CodeIgniter.php(943): App\Controllers\View->getFlashSale()
 6 SYSTEMPATH/CodeIgniter.php(503): CodeIgniter\CodeIgniter->runController(Object(App\Controllers\View))
 7 SYSTEMPATH/CodeIgniter.php(362): CodeIgniter\CodeIgniter->handleRequest(null, Object(Config\Cache), false)
 8 FCPATH/index.php(79): CodeIgniter\CodeIgniter->run()
ERROR - 2025-06-30 02:33:31 --> mysqli_sql_exception: You have an error in your SQL syntax; check the manual that corresponds to your MySQL server version for the right syntax to use near ')' at line 3 in /home/sakurupi/demo.sakurupiah.id/system/Database/MySQLi/Connection.php:306
Stack trace:
#0 /home/sakurupi/demo.sakurupiah.id/system/Database/MySQLi/Connection.php(306): mysqli->query('SELECT *\nFROM `...', 0)
#1 /home/sakurupi/demo.sakurupiah.id/system/Database/BaseConnection.php(693): CodeIgniter\Database\MySQLi\Connection->execute('SELECT *\nFROM `...')
#2 /home/sakurupi/demo.sakurupiah.id/system/Database/BaseConnection.php(607): CodeIgniter\Database\BaseConnection->simpleQuery('SELECT *\nFROM `...')
#3 /home/sakurupi/demo.sakurupiah.id/system/Database/BaseBuilder.php(1615): CodeIgniter\Database\BaseConnection->query('SELECT *\nFROM `...', Array, false)
#4 /home/sakurupi/demo.sakurupiah.id/system/Model.php(237): CodeIgniter\Database\BaseBuilder->get()
#5 /home/sakurupi/demo.sakurupiah.id/system/BaseModel.php(624): CodeIgniter\Model->doFindAll(0, 0)
#6 /home/sakurupi/demo.sakurupiah.id/app/Controllers/View.php(83): CodeIgniter\BaseModel->findAll()
#7 /home/sakurupi/demo.sakurupiah.id/system/CodeIgniter.php(943): App\Controllers\View->getFlashSale()
#8 /home/sakurupi/demo.sakurupiah.id/system/CodeIgniter.php(503): CodeIgniter\CodeIgniter->runController(Object(App\Controllers\View))
#9 /home/sakurupi/demo.sakurupiah.id/system/CodeIgniter.php(362): CodeIgniter\CodeIgniter->handleRequest(NULL, Object(Config\Cache), false)
#10 /home/sakurupi/demo.sakurupiah.id/index.php(79): CodeIgniter\CodeIgniter->run()
#11 {main}
CRITICAL - 2025-06-30 02:33:31 --> You have an error in your SQL syntax; check the manual that corresponds to your MySQL server version for the right syntax to use near ')' at line 3
in SYSTEMPATH/Database/BaseConnection.php on line 647.
 1 SYSTEMPATH/Database/BaseBuilder.php(1615): CodeIgniter\Database\BaseConnection->query('SELECT *
FROM `games`
WHERE `brand` IN :brand:', [...], false)
 2 SYSTEMPATH/Model.php(237): CodeIgniter\Database\BaseBuilder->get()
 3 SYSTEMPATH/BaseModel.php(624): CodeIgniter\Model->doFindAll(0, 0)
 4 APPPATH/Controllers/View.php(83): CodeIgniter\BaseModel->findAll()
 5 SYSTEMPATH/CodeIgniter.php(943): App\Controllers\View->getFlashSale()
 6 SYSTEMPATH/CodeIgniter.php(503): CodeIgniter\CodeIgniter->runController(Object(App\Controllers\View))
 7 SYSTEMPATH/CodeIgniter.php(362): CodeIgniter\CodeIgniter->handleRequest(null, Object(Config\Cache), false)
 8 FCPATH/index.php(79): CodeIgniter\CodeIgniter->run()
CRITICAL - 2025-06-30 03:09:03 --> Call to undefined method App\Controllers\Callback::respond()
in APPPATH/Controllers/Callback.php on line 271.
 1 SYSTEMPATH/CodeIgniter.php(943): App\Controllers\Callback->callbackYabgroup()
 2 SYSTEMPATH/CodeIgniter.php(503): CodeIgniter\CodeIgniter->runController(Object(App\Controllers\Callback))
 3 SYSTEMPATH/CodeIgniter.php(362): CodeIgniter\CodeIgniter->handleRequest(null, Object(Config\Cache), false)
 4 FCPATH/index.php(79): CodeIgniter\CodeIgniter->run()
CRITICAL - 2025-06-30 03:18:04 --> Call to undefined method App\Controllers\Callback::respond()
in APPPATH/Controllers/Callback.php on line 271.
 1 SYSTEMPATH/CodeIgniter.php(943): App\Controllers\Callback->callbackYabgroup()
 2 SYSTEMPATH/CodeIgniter.php(503): CodeIgniter\CodeIgniter->runController(Object(App\Controllers\Callback))
 3 SYSTEMPATH/CodeIgniter.php(362): CodeIgniter\CodeIgniter->handleRequest(null, Object(Config\Cache), false)
 4 FCPATH/index.php(79): CodeIgniter\CodeIgniter->run()
CRITICAL - 2025-06-30 03:24:02 --> Call to undefined method App\Controllers\Callback::respond()
in APPPATH/Controllers/Callback.php on line 271.
 1 SYSTEMPATH/CodeIgniter.php(943): App\Controllers\Callback->callbackYabgroup()
 2 SYSTEMPATH/CodeIgniter.php(503): CodeIgniter\CodeIgniter->runController(Object(App\Controllers\Callback))
 3 SYSTEMPATH/CodeIgniter.php(362): CodeIgniter\CodeIgniter->handleRequest(null, Object(Config\Cache), false)
 4 FCPATH/index.php(79): CodeIgniter\CodeIgniter->run()
CRITICAL - 2025-06-30 03:30:10 --> Call to undefined method App\Controllers\Callback::respond()
in APPPATH/Controllers/Callback.php on line 271.
 1 SYSTEMPATH/CodeIgniter.php(943): App\Controllers\Callback->callbackYabgroup()
 2 SYSTEMPATH/CodeIgniter.php(503): CodeIgniter\CodeIgniter->runController(Object(App\Controllers\Callback))
 3 SYSTEMPATH/CodeIgniter.php(362): CodeIgniter\CodeIgniter->handleRequest(null, Object(Config\Cache), false)
 4 FCPATH/index.php(79): CodeIgniter\CodeIgniter->run()
CRITICAL - 2025-06-30 03:36:02 --> Call to undefined method App\Controllers\Callback::respond()
in APPPATH/Controllers/Callback.php on line 271.
 1 SYSTEMPATH/CodeIgniter.php(943): App\Controllers\Callback->callbackYabgroup()
 2 SYSTEMPATH/CodeIgniter.php(503): CodeIgniter\CodeIgniter->runController(Object(App\Controllers\Callback))
 3 SYSTEMPATH/CodeIgniter.php(362): CodeIgniter\CodeIgniter->handleRequest(null, Object(Config\Cache), false)
 4 FCPATH/index.php(79): CodeIgniter\CodeIgniter->run()
CRITICAL - 2025-06-30 03:45:03 --> Call to undefined method App\Controllers\Callback::respond()
in APPPATH/Controllers/Callback.php on line 271.
 1 SYSTEMPATH/CodeIgniter.php(943): App\Controllers\Callback->callbackYabgroup()
 2 SYSTEMPATH/CodeIgniter.php(503): CodeIgniter\CodeIgniter->runController(Object(App\Controllers\Callback))
 3 SYSTEMPATH/CodeIgniter.php(362): CodeIgniter\CodeIgniter->handleRequest(null, Object(Config\Cache), false)
 4 FCPATH/index.php(79): CodeIgniter\CodeIgniter->run()
CRITICAL - 2025-06-30 03:51:03 --> Call to undefined method App\Controllers\Callback::respond()
in APPPATH/Controllers/Callback.php on line 271.
 1 SYSTEMPATH/CodeIgniter.php(943): App\Controllers\Callback->callbackYabgroup()
 2 SYSTEMPATH/CodeIgniter.php(503): CodeIgniter\CodeIgniter->runController(Object(App\Controllers\Callback))
 3 SYSTEMPATH/CodeIgniter.php(362): CodeIgniter\CodeIgniter->handleRequest(null, Object(Config\Cache), false)
 4 FCPATH/index.php(79): CodeIgniter\CodeIgniter->run()
CRITICAL - 2025-06-30 03:54:03 --> Call to undefined method App\Controllers\Callback::respond()
in APPPATH/Controllers/Callback.php on line 271.
 1 SYSTEMPATH/CodeIgniter.php(943): App\Controllers\Callback->callbackYabgroup()
 2 SYSTEMPATH/CodeIgniter.php(503): CodeIgniter\CodeIgniter->runController(Object(App\Controllers\Callback))
 3 SYSTEMPATH/CodeIgniter.php(362): CodeIgniter\CodeIgniter->handleRequest(null, Object(Config\Cache), false)
 4 FCPATH/index.php(79): CodeIgniter\CodeIgniter->run()
CRITICAL - 2025-06-30 04:15:04 --> Call to undefined method App\Controllers\Callback::respond()
in APPPATH/Controllers/Callback.php on line 271.
 1 SYSTEMPATH/CodeIgniter.php(943): App\Controllers\Callback->callbackYabgroup()
 2 SYSTEMPATH/CodeIgniter.php(503): CodeIgniter\CodeIgniter->runController(Object(App\Controllers\Callback))
 3 SYSTEMPATH/CodeIgniter.php(362): CodeIgniter\CodeIgniter->handleRequest(null, Object(Config\Cache), false)
 4 FCPATH/index.php(79): CodeIgniter\CodeIgniter->run()
CRITICAL - 2025-06-30 18:21:03 --> Call to undefined method App\Controllers\Callback::respond()
in APPPATH/Controllers/Callback.php on line 271.
 1 SYSTEMPATH/CodeIgniter.php(943): App\Controllers\Callback->callbackYabgroup()
 2 SYSTEMPATH/CodeIgniter.php(503): CodeIgniter\CodeIgniter->runController(Object(App\Controllers\Callback))
 3 SYSTEMPATH/CodeIgniter.php(362): CodeIgniter\CodeIgniter->handleRequest(null, Object(Config\Cache), false)
 4 FCPATH/index.php(79): CodeIgniter\CodeIgniter->run()
CRITICAL - 2025-06-30 18:24:03 --> Call to undefined method App\Controllers\Callback::respond()
in APPPATH/Controllers/Callback.php on line 271.
 1 SYSTEMPATH/CodeIgniter.php(943): App\Controllers\Callback->callbackYabgroup()
 2 SYSTEMPATH/CodeIgniter.php(503): CodeIgniter\CodeIgniter->runController(Object(App\Controllers\Callback))
 3 SYSTEMPATH/CodeIgniter.php(362): CodeIgniter\CodeIgniter->handleRequest(null, Object(Config\Cache), false)
 4 FCPATH/index.php(79): CodeIgniter\CodeIgniter->run()
CRITICAL - 2025-06-30 18:24:03 --> Call to undefined method App\Controllers\Callback::respond()
in APPPATH/Controllers/Callback.php on line 271.
 1 SYSTEMPATH/CodeIgniter.php(943): App\Controllers\Callback->callbackYabgroup()
 2 SYSTEMPATH/CodeIgniter.php(503): CodeIgniter\CodeIgniter->runController(Object(App\Controllers\Callback))
 3 SYSTEMPATH/CodeIgniter.php(362): CodeIgniter\CodeIgniter->handleRequest(null, Object(Config\Cache), false)
 4 FCPATH/index.php(79): CodeIgniter\CodeIgniter->run()
CRITICAL - 2025-06-30 18:24:05 --> Call to undefined method App\Controllers\Callback::respond()
in APPPATH/Controllers/Callback.php on line 271.
 1 SYSTEMPATH/CodeIgniter.php(943): App\Controllers\Callback->callbackYabgroup()
 2 SYSTEMPATH/CodeIgniter.php(503): CodeIgniter\CodeIgniter->runController(Object(App\Controllers\Callback))
 3 SYSTEMPATH/CodeIgniter.php(362): CodeIgniter\CodeIgniter->handleRequest(null, Object(Config\Cache), false)
 4 FCPATH/index.php(79): CodeIgniter\CodeIgniter->run()
CRITICAL - 2025-06-30 18:27:03 --> Call to undefined method App\Controllers\Callback::respond()
in APPPATH/Controllers/Callback.php on line 271.
 1 SYSTEMPATH/CodeIgniter.php(943): App\Controllers\Callback->callbackYabgroup()
 2 SYSTEMPATH/CodeIgniter.php(503): CodeIgniter\CodeIgniter->runController(Object(App\Controllers\Callback))
 3 SYSTEMPATH/CodeIgniter.php(362): CodeIgniter\CodeIgniter->handleRequest(null, Object(Config\Cache), false)
 4 FCPATH/index.php(79): CodeIgniter\CodeIgniter->run()
CRITICAL - 2025-06-30 18:27:03 --> Call to undefined method App\Controllers\Callback::respond()
in APPPATH/Controllers/Callback.php on line 271.
 1 SYSTEMPATH/CodeIgniter.php(943): App\Controllers\Callback->callbackYabgroup()
 2 SYSTEMPATH/CodeIgniter.php(503): CodeIgniter\CodeIgniter->runController(Object(App\Controllers\Callback))
 3 SYSTEMPATH/CodeIgniter.php(362): CodeIgniter\CodeIgniter->handleRequest(null, Object(Config\Cache), false)
 4 FCPATH/index.php(79): CodeIgniter\CodeIgniter->run()
CRITICAL - 2025-06-30 18:30:04 --> Call to undefined method App\Controllers\Callback::respond()
in APPPATH/Controllers/Callback.php on line 271.
 1 SYSTEMPATH/CodeIgniter.php(943): App\Controllers\Callback->callbackYabgroup()
 2 SYSTEMPATH/CodeIgniter.php(503): CodeIgniter\CodeIgniter->runController(Object(App\Controllers\Callback))
 3 SYSTEMPATH/CodeIgniter.php(362): CodeIgniter\CodeIgniter->handleRequest(null, Object(Config\Cache), false)
 4 FCPATH/index.php(79): CodeIgniter\CodeIgniter->run()
CRITICAL - 2025-06-30 18:36:03 --> Call to undefined method App\Controllers\Callback::respond()
in APPPATH/Controllers/Callback.php on line 271.
 1 SYSTEMPATH/CodeIgniter.php(943): App\Controllers\Callback->callbackYabgroup()
 2 SYSTEMPATH/CodeIgniter.php(503): CodeIgniter\CodeIgniter->runController(Object(App\Controllers\Callback))
 3 SYSTEMPATH/CodeIgniter.php(362): CodeIgniter\CodeIgniter->handleRequest(null, Object(Config\Cache), false)
 4 FCPATH/index.php(79): CodeIgniter\CodeIgniter->run()
