CRITICAL - 2026-03-24 18:00:39 --> Declaration of CodeIgniter\I18n\TimeTrait::createFromTimestamp(int $timestamp, $timezone = null, ?string $locale = null) must be compatible with DateTimeImmutable::createFromTimestamp(int|float $timestamp): CodeIgniter\Autoloader\Autoloader
in SYSTEMPATH\I18n\TimeTrait.php on line 258.
 1 [internal function]: CodeIgniter\Debug\Exceptions->shutdownHandler()
CRITICAL - 2026-03-24 18:00:40 --> Declaration of CodeIgniter\I18n\TimeTrait::createFromTimestamp(int $timestamp, $timezone = null, ?string $locale = null) must be compatible with DateTimeImmutable::createFromTimestamp(int|float $timestamp): CodeIgniter\Autoloader\Autoloader
in SYSTEMPATH\I18n\TimeTrait.php on line 258.
 1 [internal function]: CodeIgniter\Debug\Exceptions->shutdownHandler()
CRITICAL - 2026-03-24 18:00:40 --> Declaration of CodeIgniter\I18n\TimeTrait::createFromTimestamp(int $timestamp, $timezone = null, ?string $locale = null) must be compatible with DateTimeImmutable::createFromTimestamp(int|float $timestamp): CodeIgniter\Autoloader\Autoloader
in SYSTEMPATH\I18n\TimeTrait.php on line 258.
 1 [internal function]: CodeIgniter\Debug\Exceptions->shutdownHandler()
CRITICAL - 2026-03-24 18:00:40 --> Declaration of CodeIgniter\I18n\TimeTrait::createFromTimestamp(int $timestamp, $timezone = null, ?string $locale = null) must be compatible with DateTimeImmutable::createFromTimestamp(int|float $timestamp): CodeIgniter\Autoloader\Autoloader
in SYSTEMPATH\I18n\TimeTrait.php on line 258.
 1 [internal function]: CodeIgniter\Debug\Exceptions->shutdownHandler()
CRITICAL - 2026-03-24 18:00:40 --> Declaration of CodeIgniter\I18n\TimeTrait::createFromTimestamp(int $timestamp, $timezone = null, ?string $locale = null) must be compatible with DateTimeImmutable::createFromTimestamp(int|float $timestamp): CodeIgniter\Autoloader\Autoloader
in SYSTEMPATH\I18n\TimeTrait.php on line 258.
 1 [internal function]: CodeIgniter\Debug\Exceptions->shutdownHandler()
ERROR - 2026-03-24 18:05:48 --> Error connecting to the database: mysqli_sql_exception: Access denied for user 'namausername'@'localhost' (using password: YES) in C:\Codingan\TOPUP-GAMES-PG-SAKURUPIAH+DB\system\Database\MySQLi\Connection.php:185
Stack trace:
#0 C:\Codingan\TOPUP-GAMES-PG-SAKURUPIAH+DB\system\Database\MySQLi\Connection.php(185): mysqli->real_connect('localhost', 'namausername', 'passwordnya', 'namadatabase', 3306, '', 0)
#1 C:\Codingan\TOPUP-GAMES-PG-SAKURUPIAH+DB\system\Database\BaseConnection.php(392): CodeIgniter\Database\MySQLi\Connection->connect(false)
#2 C:\Codingan\TOPUP-GAMES-PG-SAKURUPIAH+DB\system\Session\Handlers\DatabaseHandler.php(98): CodeIgniter\Database\BaseConnection->initialize()
#3 [internal function]: CodeIgniter\Session\Handlers\DatabaseHandler->open('ci_sessions', 'ci_session')
#4 C:\Codingan\TOPUP-GAMES-PG-SAKURUPIAH+DB\system\Session\Session.php(919): session_start()
#5 C:\Codingan\TOPUP-GAMES-PG-SAKURUPIAH+DB\system\Session\Session.php(241): CodeIgniter\Session\Session->startSession()
#6 C:\Codingan\TOPUP-GAMES-PG-SAKURUPIAH+DB\system\Config\Services.php(693): CodeIgniter\Session\Session->start()
#7 C:\Codingan\TOPUP-GAMES-PG-SAKURUPIAH+DB\system\Config\BaseService.php(258): CodeIgniter\Config\Services::session(Object(Config\Session), false)
#8 C:\Codingan\TOPUP-GAMES-PG-SAKURUPIAH+DB\system\Config\BaseService.php(199): CodeIgniter\Config\BaseService::__callStatic('session', Array)
#9 C:\Codingan\TOPUP-GAMES-PG-SAKURUPIAH+DB\system\Config\Services.php(664): CodeIgniter\Config\BaseService::getSharedInstance('session', NULL)
#10 C:\Codingan\TOPUP-GAMES-PG-SAKURUPIAH+DB\system\Config\BaseService.php(258): CodeIgniter\Config\Services::session()
#11 C:\Codingan\TOPUP-GAMES-PG-SAKURUPIAH+DB\system\Common.php(996): CodeIgniter\Config\BaseService::__callStatic('session', Array)
#12 C:\Codingan\TOPUP-GAMES-PG-SAKURUPIAH+DB\app\Controllers\View.php(26): session()
#13 C:\Codingan\TOPUP-GAMES-PG-SAKURUPIAH+DB\system\CodeIgniter.php(915): App\Controllers\View->__construct()
#14 C:\Codingan\TOPUP-GAMES-PG-SAKURUPIAH+DB\system\CodeIgniter.php(494): CodeIgniter\CodeIgniter->createController()
#15 C:\Codingan\TOPUP-GAMES-PG-SAKURUPIAH+DB\system\CodeIgniter.php(362): CodeIgniter\CodeIgniter->handleRequest(NULL, Object(Config\Cache), false)
#16 C:\Codingan\TOPUP-GAMES-PG-SAKURUPIAH+DB\public\index.php(79): CodeIgniter\CodeIgniter->run()
#17 C:\Codingan\TOPUP-GAMES-PG-SAKURUPIAH+DB\system\Commands\Server\rewrite.php(47): require_once('C:\\Codingan\\TOP...')
#18 {main}

Next CodeIgniter\Database\Exceptions\DatabaseException: Access denied for user '****'@'localhost' (using password: YES) in C:\Codingan\TOPUP-GAMES-PG-SAKURUPIAH+DB\system\Database\MySQLi\Connection.php:229
Stack trace:
#0 C:\Codingan\TOPUP-GAMES-PG-SAKURUPIAH+DB\system\Database\BaseConnection.php(392): CodeIgniter\Database\MySQLi\Connection->connect(false)
#1 C:\Codingan\TOPUP-GAMES-PG-SAKURUPIAH+DB\system\Session\Handlers\DatabaseHandler.php(98): CodeIgniter\Database\BaseConnection->initialize()
#2 [internal function]: CodeIgniter\Session\Handlers\DatabaseHandler->open('ci_sessions', 'ci_session')
#3 C:\Codingan\TOPUP-GAMES-PG-SAKURUPIAH+DB\system\Session\Session.php(919): session_start()
#4 C:\Codingan\TOPUP-GAMES-PG-SAKURUPIAH+DB\system\Session\Session.php(241): CodeIgniter\Session\Session->startSession()
#5 C:\Codingan\TOPUP-GAMES-PG-SAKURUPIAH+DB\system\Config\Services.php(693): CodeIgniter\Session\Session->start()
#6 C:\Codingan\TOPUP-GAMES-PG-SAKURUPIAH+DB\system\Config\BaseService.php(258): CodeIgniter\Config\Services::session(Object(Config\Session), false)
#7 C:\Codingan\TOPUP-GAMES-PG-SAKURUPIAH+DB\system\Config\BaseService.php(199): CodeIgniter\Config\BaseService::__callStatic('session', Array)
#8 C:\Codingan\TOPUP-GAMES-PG-SAKURUPIAH+DB\system\Config\Services.php(664): CodeIgniter\Config\BaseService::getSharedInstance('session', NULL)
#9 C:\Codingan\TOPUP-GAMES-PG-SAKURUPIAH+DB\system\Config\BaseService.php(258): CodeIgniter\Config\Services::session()
#10 C:\Codingan\TOPUP-GAMES-PG-SAKURUPIAH+DB\system\Common.php(996): CodeIgniter\Config\BaseService::__callStatic('session', Array)
#11 C:\Codingan\TOPUP-GAMES-PG-SAKURUPIAH+DB\app\Controllers\View.php(26): session()
#12 C:\Codingan\TOPUP-GAMES-PG-SAKURUPIAH+DB\system\CodeIgniter.php(915): App\Controllers\View->__construct()
#13 C:\Codingan\TOPUP-GAMES-PG-SAKURUPIAH+DB\system\CodeIgniter.php(494): CodeIgniter\CodeIgniter->createController()
#14 C:\Codingan\TOPUP-GAMES-PG-SAKURUPIAH+DB\system\CodeIgniter.php(362): CodeIgniter\CodeIgniter->handleRequest(NULL, Object(Config\Cache), false)
#15 C:\Codingan\TOPUP-GAMES-PG-SAKURUPIAH+DB\public\index.php(79): CodeIgniter\CodeIgniter->run()
#16 C:\Codingan\TOPUP-GAMES-PG-SAKURUPIAH+DB\system\Commands\Server\rewrite.php(47): require_once('C:\\Codingan\\TOP...')
#17 {main}
CRITICAL - 2026-03-24 18:05:48 --> Unable to connect to the database.
Main connection [MySQLi]: Access denied for user '****'@'localhost' (using password: YES)
in SYSTEMPATH\Database\BaseConnection.php on line 428.
 1 SYSTEMPATH\Session\Handlers\DatabaseHandler.php(98): CodeIgniter\Database\BaseConnection->initialize()
 2 [internal function]: CodeIgniter\Session\Handlers\DatabaseHandler->open('ci_sessions', 'ci_session')
 3 SYSTEMPATH\Session\Session.php(919): session_start()
 4 SYSTEMPATH\Session\Session.php(241): CodeIgniter\Session\Session->startSession()
 5 SYSTEMPATH\Config\Services.php(693): CodeIgniter\Session\Session->start()
 6 SYSTEMPATH\Config\BaseService.php(258): CodeIgniter\Config\Services::session(Object(Config\Session), false)
 7 SYSTEMPATH\Config\BaseService.php(199): CodeIgniter\Config\BaseService::__callStatic('session', [...])
 8 SYSTEMPATH\Config\Services.php(664): CodeIgniter\Config\BaseService::getSharedInstance('session', null)
 9 SYSTEMPATH\Config\BaseService.php(258): CodeIgniter\Config\Services::session()
10 SYSTEMPATH\Common.php(996): CodeIgniter\Config\BaseService::__callStatic('session', [])
11 APPPATH\Controllers\View.php(26): session()
12 SYSTEMPATH\CodeIgniter.php(915): App\Controllers\View->__construct()
13 SYSTEMPATH\CodeIgniter.php(494): CodeIgniter\CodeIgniter->createController()
14 SYSTEMPATH\CodeIgniter.php(362): CodeIgniter\CodeIgniter->handleRequest(null, Object(Config\Cache), false)
15 FCPATH\index.php(79): CodeIgniter\CodeIgniter->run()
16 SYSTEMPATH\Commands\Server\rewrite.php(47): require_once('C:\\Codingan\\TOPUP-GAMES-PG-SAKURUPIAH+DB\\public\\index.php')
ERROR - 2026-03-24 18:05:48 --> Error connecting to the database: mysqli_sql_exception: Access denied for user 'namausername'@'localhost' (using password: YES) in C:\Codingan\TOPUP-GAMES-PG-SAKURUPIAH+DB\system\Database\MySQLi\Connection.php:185
Stack trace:
#0 C:\Codingan\TOPUP-GAMES-PG-SAKURUPIAH+DB\system\Database\MySQLi\Connection.php(185): mysqli->real_connect('localhost', 'namausername', 'passwordnya', 'namadatabase', 3306, '', 0)
#1 C:\Codingan\TOPUP-GAMES-PG-SAKURUPIAH+DB\system\Database\BaseConnection.php(392): CodeIgniter\Database\MySQLi\Connection->connect(false)
#2 C:\Codingan\TOPUP-GAMES-PG-SAKURUPIAH+DB\system\Session\Handlers\DatabaseHandler.php(98): CodeIgniter\Database\BaseConnection->initialize()
#3 [internal function]: CodeIgniter\Session\Handlers\DatabaseHandler->open('ci_sessions', 'ci_session')
#4 C:\Codingan\TOPUP-GAMES-PG-SAKURUPIAH+DB\system\Session\Session.php(919): session_start()
#5 C:\Codingan\TOPUP-GAMES-PG-SAKURUPIAH+DB\system\Session\Session.php(241): CodeIgniter\Session\Session->startSession()
#6 C:\Codingan\TOPUP-GAMES-PG-SAKURUPIAH+DB\system\Config\Services.php(693): CodeIgniter\Session\Session->start()
#7 C:\Codingan\TOPUP-GAMES-PG-SAKURUPIAH+DB\system\Config\BaseService.php(258): CodeIgniter\Config\Services::session(Object(Config\Session), false)
#8 C:\Codingan\TOPUP-GAMES-PG-SAKURUPIAH+DB\system\Config\BaseService.php(199): CodeIgniter\Config\BaseService::__callStatic('session', Array)
#9 C:\Codingan\TOPUP-GAMES-PG-SAKURUPIAH+DB\system\Config\Services.php(664): CodeIgniter\Config\BaseService::getSharedInstance('session', NULL)
#10 C:\Codingan\TOPUP-GAMES-PG-SAKURUPIAH+DB\system\Config\BaseService.php(258): CodeIgniter\Config\Services::session()
#11 C:\Codingan\TOPUP-GAMES-PG-SAKURUPIAH+DB\app\Controllers\Autentikasi\Autentikasi.php(19): CodeIgniter\Config\BaseService::__callStatic('session', Array)
#12 C:\Codingan\TOPUP-GAMES-PG-SAKURUPIAH+DB\system\CodeIgniter.php(915): App\Controllers\Autentikasi\Autentikasi->__construct()
#13 C:\Codingan\TOPUP-GAMES-PG-SAKURUPIAH+DB\system\CodeIgniter.php(494): CodeIgniter\CodeIgniter->createController()
#14 C:\Codingan\TOPUP-GAMES-PG-SAKURUPIAH+DB\system\CodeIgniter.php(362): CodeIgniter\CodeIgniter->handleRequest(NULL, Object(Config\Cache), false)
#15 C:\Codingan\TOPUP-GAMES-PG-SAKURUPIAH+DB\public\index.php(79): CodeIgniter\CodeIgniter->run()
#16 C:\Codingan\TOPUP-GAMES-PG-SAKURUPIAH+DB\system\Commands\Server\rewrite.php(47): require_once('C:\\Codingan\\TOP...')
#17 {main}

Next CodeIgniter\Database\Exceptions\DatabaseException: Access denied for user '****'@'localhost' (using password: YES) in C:\Codingan\TOPUP-GAMES-PG-SAKURUPIAH+DB\system\Database\MySQLi\Connection.php:229
Stack trace:
#0 C:\Codingan\TOPUP-GAMES-PG-SAKURUPIAH+DB\system\Database\BaseConnection.php(392): CodeIgniter\Database\MySQLi\Connection->connect(false)
#1 C:\Codingan\TOPUP-GAMES-PG-SAKURUPIAH+DB\system\Session\Handlers\DatabaseHandler.php(98): CodeIgniter\Database\BaseConnection->initialize()
#2 [internal function]: CodeIgniter\Session\Handlers\DatabaseHandler->open('ci_sessions', 'ci_session')
#3 C:\Codingan\TOPUP-GAMES-PG-SAKURUPIAH+DB\system\Session\Session.php(919): session_start()
#4 C:\Codingan\TOPUP-GAMES-PG-SAKURUPIAH+DB\system\Session\Session.php(241): CodeIgniter\Session\Session->startSession()
#5 C:\Codingan\TOPUP-GAMES-PG-SAKURUPIAH+DB\system\Config\Services.php(693): CodeIgniter\Session\Session->start()
#6 C:\Codingan\TOPUP-GAMES-PG-SAKURUPIAH+DB\system\Config\BaseService.php(258): CodeIgniter\Config\Services::session(Object(Config\Session), false)
#7 C:\Codingan\TOPUP-GAMES-PG-SAKURUPIAH+DB\system\Config\BaseService.php(199): CodeIgniter\Config\BaseService::__callStatic('session', Array)
#8 C:\Codingan\TOPUP-GAMES-PG-SAKURUPIAH+DB\system\Config\Services.php(664): CodeIgniter\Config\BaseService::getSharedInstance('session', NULL)
#9 C:\Codingan\TOPUP-GAMES-PG-SAKURUPIAH+DB\system\Config\BaseService.php(258): CodeIgniter\Config\Services::session()
#10 C:\Codingan\TOPUP-GAMES-PG-SAKURUPIAH+DB\app\Controllers\Autentikasi\Autentikasi.php(19): CodeIgniter\Config\BaseService::__callStatic('session', Array)
#11 C:\Codingan\TOPUP-GAMES-PG-SAKURUPIAH+DB\system\CodeIgniter.php(915): App\Controllers\Autentikasi\Autentikasi->__construct()
#12 C:\Codingan\TOPUP-GAMES-PG-SAKURUPIAH+DB\system\CodeIgniter.php(494): CodeIgniter\CodeIgniter->createController()
#13 C:\Codingan\TOPUP-GAMES-PG-SAKURUPIAH+DB\system\CodeIgniter.php(362): CodeIgniter\CodeIgniter->handleRequest(NULL, Object(Config\Cache), false)
#14 C:\Codingan\TOPUP-GAMES-PG-SAKURUPIAH+DB\public\index.php(79): CodeIgniter\CodeIgniter->run()
#15 C:\Codingan\TOPUP-GAMES-PG-SAKURUPIAH+DB\system\Commands\Server\rewrite.php(47): require_once('C:\\Codingan\\TOP...')
#16 {main}
CRITICAL - 2026-03-24 18:05:48 --> Unable to connect to the database.
Main connection [MySQLi]: Access denied for user '****'@'localhost' (using password: YES)
in SYSTEMPATH\Database\BaseConnection.php on line 428.
 1 SYSTEMPATH\Session\Handlers\DatabaseHandler.php(98): CodeIgniter\Database\BaseConnection->initialize()
 2 [internal function]: CodeIgniter\Session\Handlers\DatabaseHandler->open('ci_sessions', 'ci_session')
 3 SYSTEMPATH\Session\Session.php(919): session_start()
 4 SYSTEMPATH\Session\Session.php(241): CodeIgniter\Session\Session->startSession()
 5 SYSTEMPATH\Config\Services.php(693): CodeIgniter\Session\Session->start()
 6 SYSTEMPATH\Config\BaseService.php(258): CodeIgniter\Config\Services::session(Object(Config\Session), false)
 7 SYSTEMPATH\Config\BaseService.php(199): CodeIgniter\Config\BaseService::__callStatic('session', [...])
 8 SYSTEMPATH\Config\Services.php(664): CodeIgniter\Config\BaseService::getSharedInstance('session', null)
 9 SYSTEMPATH\Config\BaseService.php(258): CodeIgniter\Config\Services::session()
10 APPPATH\Controllers\Autentikasi\Autentikasi.php(19): CodeIgniter\Config\BaseService::__callStatic('session', [])
11 SYSTEMPATH\CodeIgniter.php(915): App\Controllers\Autentikasi\Autentikasi->__construct()
12 SYSTEMPATH\CodeIgniter.php(494): CodeIgniter\CodeIgniter->createController()
13 SYSTEMPATH\CodeIgniter.php(362): CodeIgniter\CodeIgniter->handleRequest(null, Object(Config\Cache), false)
14 FCPATH\index.php(79): CodeIgniter\CodeIgniter->run()
15 SYSTEMPATH\Commands\Server\rewrite.php(47): require_once('C:\\Codingan\\TOPUP-GAMES-PG-SAKURUPIAH+DB\\public\\index.php')
ERROR - 2026-03-24 18:05:48 --> Error connecting to the database: mysqli_sql_exception: Access denied for user 'namausername'@'localhost' (using password: YES) in C:\Codingan\TOPUP-GAMES-PG-SAKURUPIAH+DB\system\Database\MySQLi\Connection.php:185
Stack trace:
#0 C:\Codingan\TOPUP-GAMES-PG-SAKURUPIAH+DB\system\Database\MySQLi\Connection.php(185): mysqli->real_connect('localhost', 'namausername', 'passwordnya', 'namadatabase', 3306, '', 0)
#1 C:\Codingan\TOPUP-GAMES-PG-SAKURUPIAH+DB\system\Database\BaseConnection.php(392): CodeIgniter\Database\MySQLi\Connection->connect(false)
#2 C:\Codingan\TOPUP-GAMES-PG-SAKURUPIAH+DB\system\Session\Handlers\DatabaseHandler.php(98): CodeIgniter\Database\BaseConnection->initialize()
#3 [internal function]: CodeIgniter\Session\Handlers\DatabaseHandler->open('ci_sessions', 'ci_session')
#4 C:\Codingan\TOPUP-GAMES-PG-SAKURUPIAH+DB\system\Session\Session.php(919): session_start()
#5 C:\Codingan\TOPUP-GAMES-PG-SAKURUPIAH+DB\system\Session\Session.php(241): CodeIgniter\Session\Session->startSession()
#6 C:\Codingan\TOPUP-GAMES-PG-SAKURUPIAH+DB\system\Config\Services.php(693): CodeIgniter\Session\Session->start()
#7 C:\Codingan\TOPUP-GAMES-PG-SAKURUPIAH+DB\system\Config\BaseService.php(258): CodeIgniter\Config\Services::session(Object(Config\Session), false)
#8 C:\Codingan\TOPUP-GAMES-PG-SAKURUPIAH+DB\system\Config\BaseService.php(199): CodeIgniter\Config\BaseService::__callStatic('session', Array)
#9 C:\Codingan\TOPUP-GAMES-PG-SAKURUPIAH+DB\system\Config\Services.php(664): CodeIgniter\Config\BaseService::getSharedInstance('session', NULL)
#10 C:\Codingan\TOPUP-GAMES-PG-SAKURUPIAH+DB\system\Config\BaseService.php(258): CodeIgniter\Config\Services::session()
#11 C:\Codingan\TOPUP-GAMES-PG-SAKURUPIAH+DB\app\Controllers\Autentikasi\Autentikasi.php(19): CodeIgniter\Config\BaseService::__callStatic('session', Array)
#12 C:\Codingan\TOPUP-GAMES-PG-SAKURUPIAH+DB\system\CodeIgniter.php(915): App\Controllers\Autentikasi\Autentikasi->__construct()
#13 C:\Codingan\TOPUP-GAMES-PG-SAKURUPIAH+DB\system\CodeIgniter.php(494): CodeIgniter\CodeIgniter->createController()
#14 C:\Codingan\TOPUP-GAMES-PG-SAKURUPIAH+DB\system\CodeIgniter.php(362): CodeIgniter\CodeIgniter->handleRequest(NULL, Object(Config\Cache), false)
#15 C:\Codingan\TOPUP-GAMES-PG-SAKURUPIAH+DB\public\index.php(79): CodeIgniter\CodeIgniter->run()
#16 C:\Codingan\TOPUP-GAMES-PG-SAKURUPIAH+DB\system\Commands\Server\rewrite.php(47): require_once('C:\\Codingan\\TOP...')
#17 {main}

Next CodeIgniter\Database\Exceptions\DatabaseException: Access denied for user '****'@'localhost' (using password: YES) in C:\Codingan\TOPUP-GAMES-PG-SAKURUPIAH+DB\system\Database\MySQLi\Connection.php:229
Stack trace:
#0 C:\Codingan\TOPUP-GAMES-PG-SAKURUPIAH+DB\system\Database\BaseConnection.php(392): CodeIgniter\Database\MySQLi\Connection->connect(false)
#1 C:\Codingan\TOPUP-GAMES-PG-SAKURUPIAH+DB\system\Session\Handlers\DatabaseHandler.php(98): CodeIgniter\Database\BaseConnection->initialize()
#2 [internal function]: CodeIgniter\Session\Handlers\DatabaseHandler->open('ci_sessions', 'ci_session')
#3 C:\Codingan\TOPUP-GAMES-PG-SAKURUPIAH+DB\system\Session\Session.php(919): session_start()
#4 C:\Codingan\TOPUP-GAMES-PG-SAKURUPIAH+DB\system\Session\Session.php(241): CodeIgniter\Session\Session->startSession()
#5 C:\Codingan\TOPUP-GAMES-PG-SAKURUPIAH+DB\system\Config\Services.php(693): CodeIgniter\Session\Session->start()
#6 C:\Codingan\TOPUP-GAMES-PG-SAKURUPIAH+DB\system\Config\BaseService.php(258): CodeIgniter\Config\Services::session(Object(Config\Session), false)
#7 C:\Codingan\TOPUP-GAMES-PG-SAKURUPIAH+DB\system\Config\BaseService.php(199): CodeIgniter\Config\BaseService::__callStatic('session', Array)
#8 C:\Codingan\TOPUP-GAMES-PG-SAKURUPIAH+DB\system\Config\Services.php(664): CodeIgniter\Config\BaseService::getSharedInstance('session', NULL)
#9 C:\Codingan\TOPUP-GAMES-PG-SAKURUPIAH+DB\system\Config\BaseService.php(258): CodeIgniter\Config\Services::session()
#10 C:\Codingan\TOPUP-GAMES-PG-SAKURUPIAH+DB\app\Controllers\Autentikasi\Autentikasi.php(19): CodeIgniter\Config\BaseService::__callStatic('session', Array)
#11 C:\Codingan\TOPUP-GAMES-PG-SAKURUPIAH+DB\system\CodeIgniter.php(915): App\Controllers\Autentikasi\Autentikasi->__construct()
#12 C:\Codingan\TOPUP-GAMES-PG-SAKURUPIAH+DB\system\CodeIgniter.php(494): CodeIgniter\CodeIgniter->createController()
#13 C:\Codingan\TOPUP-GAMES-PG-SAKURUPIAH+DB\system\CodeIgniter.php(362): CodeIgniter\CodeIgniter->handleRequest(NULL, Object(Config\Cache), false)
#14 C:\Codingan\TOPUP-GAMES-PG-SAKURUPIAH+DB\public\index.php(79): CodeIgniter\CodeIgniter->run()
#15 C:\Codingan\TOPUP-GAMES-PG-SAKURUPIAH+DB\system\Commands\Server\rewrite.php(47): require_once('C:\\Codingan\\TOP...')
#16 {main}
CRITICAL - 2026-03-24 18:05:48 --> Unable to connect to the database.
Main connection [MySQLi]: Access denied for user '****'@'localhost' (using password: YES)
in SYSTEMPATH\Database\BaseConnection.php on line 428.
 1 SYSTEMPATH\Session\Handlers\DatabaseHandler.php(98): CodeIgniter\Database\BaseConnection->initialize()
 2 [internal function]: CodeIgniter\Session\Handlers\DatabaseHandler->open('ci_sessions', 'ci_session')
 3 SYSTEMPATH\Session\Session.php(919): session_start()
 4 SYSTEMPATH\Session\Session.php(241): CodeIgniter\Session\Session->startSession()
 5 SYSTEMPATH\Config\Services.php(693): CodeIgniter\Session\Session->start()
 6 SYSTEMPATH\Config\BaseService.php(258): CodeIgniter\Config\Services::session(Object(Config\Session), false)
 7 SYSTEMPATH\Config\BaseService.php(199): CodeIgniter\Config\BaseService::__callStatic('session', [...])
 8 SYSTEMPATH\Config\Services.php(664): CodeIgniter\Config\BaseService::getSharedInstance('session', null)
 9 SYSTEMPATH\Config\BaseService.php(258): CodeIgniter\Config\Services::session()
10 APPPATH\Controllers\Autentikasi\Autentikasi.php(19): CodeIgniter\Config\BaseService::__callStatic('session', [])
11 SYSTEMPATH\CodeIgniter.php(915): App\Controllers\Autentikasi\Autentikasi->__construct()
12 SYSTEMPATH\CodeIgniter.php(494): CodeIgniter\CodeIgniter->createController()
13 SYSTEMPATH\CodeIgniter.php(362): CodeIgniter\CodeIgniter->handleRequest(null, Object(Config\Cache), false)
14 FCPATH\index.php(79): CodeIgniter\CodeIgniter->run()
15 SYSTEMPATH\Commands\Server\rewrite.php(47): require_once('C:\\Codingan\\TOPUP-GAMES-PG-SAKURUPIAH+DB\\public\\index.php')
ERROR - 2026-03-24 18:05:48 --> Error connecting to the database: mysqli_sql_exception: Access denied for user 'namausername'@'localhost' (using password: YES) in C:\Codingan\TOPUP-GAMES-PG-SAKURUPIAH+DB\system\Database\MySQLi\Connection.php:185
Stack trace:
#0 C:\Codingan\TOPUP-GAMES-PG-SAKURUPIAH+DB\system\Database\MySQLi\Connection.php(185): mysqli->real_connect('localhost', 'namausername', 'passwordnya', 'namadatabase', 3306, '', 0)
#1 C:\Codingan\TOPUP-GAMES-PG-SAKURUPIAH+DB\system\Database\BaseConnection.php(392): CodeIgniter\Database\MySQLi\Connection->connect(false)
#2 C:\Codingan\TOPUP-GAMES-PG-SAKURUPIAH+DB\system\Session\Handlers\DatabaseHandler.php(98): CodeIgniter\Database\BaseConnection->initialize()
#3 [internal function]: CodeIgniter\Session\Handlers\DatabaseHandler->open('ci_sessions', 'ci_session')
#4 C:\Codingan\TOPUP-GAMES-PG-SAKURUPIAH+DB\system\Session\Session.php(919): session_start()
#5 C:\Codingan\TOPUP-GAMES-PG-SAKURUPIAH+DB\system\Session\Session.php(241): CodeIgniter\Session\Session->startSession()
#6 C:\Codingan\TOPUP-GAMES-PG-SAKURUPIAH+DB\system\Config\Services.php(693): CodeIgniter\Session\Session->start()
#7 C:\Codingan\TOPUP-GAMES-PG-SAKURUPIAH+DB\system\Config\BaseService.php(258): CodeIgniter\Config\Services::session(Object(Config\Session), false)
#8 C:\Codingan\TOPUP-GAMES-PG-SAKURUPIAH+DB\system\Config\BaseService.php(199): CodeIgniter\Config\BaseService::__callStatic('session', Array)
#9 C:\Codingan\TOPUP-GAMES-PG-SAKURUPIAH+DB\system\Config\Services.php(664): CodeIgniter\Config\BaseService::getSharedInstance('session', NULL)
#10 C:\Codingan\TOPUP-GAMES-PG-SAKURUPIAH+DB\system\Config\BaseService.php(258): CodeIgniter\Config\Services::session()
#11 C:\Codingan\TOPUP-GAMES-PG-SAKURUPIAH+DB\system\Common.php(996): CodeIgniter\Config\BaseService::__callStatic('session', Array)
#12 C:\Codingan\TOPUP-GAMES-PG-SAKURUPIAH+DB\app\Controllers\View.php(26): session()
#13 C:\Codingan\TOPUP-GAMES-PG-SAKURUPIAH+DB\system\CodeIgniter.php(915): App\Controllers\View->__construct()
#14 C:\Codingan\TOPUP-GAMES-PG-SAKURUPIAH+DB\system\CodeIgniter.php(494): CodeIgniter\CodeIgniter->createController()
#15 C:\Codingan\TOPUP-GAMES-PG-SAKURUPIAH+DB\system\CodeIgniter.php(362): CodeIgniter\CodeIgniter->handleRequest(NULL, Object(Config\Cache), false)
#16 C:\Codingan\TOPUP-GAMES-PG-SAKURUPIAH+DB\public\index.php(79): CodeIgniter\CodeIgniter->run()
#17 C:\Codingan\TOPUP-GAMES-PG-SAKURUPIAH+DB\system\Commands\Server\rewrite.php(47): require_once('C:\\Codingan\\TOP...')
#18 {main}

Next CodeIgniter\Database\Exceptions\DatabaseException: Access denied for user '****'@'localhost' (using password: YES) in C:\Codingan\TOPUP-GAMES-PG-SAKURUPIAH+DB\system\Database\MySQLi\Connection.php:229
Stack trace:
#0 C:\Codingan\TOPUP-GAMES-PG-SAKURUPIAH+DB\system\Database\BaseConnection.php(392): CodeIgniter\Database\MySQLi\Connection->connect(false)
#1 C:\Codingan\TOPUP-GAMES-PG-SAKURUPIAH+DB\system\Session\Handlers\DatabaseHandler.php(98): CodeIgniter\Database\BaseConnection->initialize()
#2 [internal function]: CodeIgniter\Session\Handlers\DatabaseHandler->open('ci_sessions', 'ci_session')
#3 C:\Codingan\TOPUP-GAMES-PG-SAKURUPIAH+DB\system\Session\Session.php(919): session_start()
#4 C:\Codingan\TOPUP-GAMES-PG-SAKURUPIAH+DB\system\Session\Session.php(241): CodeIgniter\Session\Session->startSession()
#5 C:\Codingan\TOPUP-GAMES-PG-SAKURUPIAH+DB\system\Config\Services.php(693): CodeIgniter\Session\Session->start()
#6 C:\Codingan\TOPUP-GAMES-PG-SAKURUPIAH+DB\system\Config\BaseService.php(258): CodeIgniter\Config\Services::session(Object(Config\Session), false)
#7 C:\Codingan\TOPUP-GAMES-PG-SAKURUPIAH+DB\system\Config\BaseService.php(199): CodeIgniter\Config\BaseService::__callStatic('session', Array)
#8 C:\Codingan\TOPUP-GAMES-PG-SAKURUPIAH+DB\system\Config\Services.php(664): CodeIgniter\Config\BaseService::getSharedInstance('session', NULL)
#9 C:\Codingan\TOPUP-GAMES-PG-SAKURUPIAH+DB\system\Config\BaseService.php(258): CodeIgniter\Config\Services::session()
#10 C:\Codingan\TOPUP-GAMES-PG-SAKURUPIAH+DB\system\Common.php(996): CodeIgniter\Config\BaseService::__callStatic('session', Array)
#11 C:\Codingan\TOPUP-GAMES-PG-SAKURUPIAH+DB\app\Controllers\View.php(26): session()
#12 C:\Codingan\TOPUP-GAMES-PG-SAKURUPIAH+DB\system\CodeIgniter.php(915): App\Controllers\View->__construct()
#13 C:\Codingan\TOPUP-GAMES-PG-SAKURUPIAH+DB\system\CodeIgniter.php(494): CodeIgniter\CodeIgniter->createController()
#14 C:\Codingan\TOPUP-GAMES-PG-SAKURUPIAH+DB\system\CodeIgniter.php(362): CodeIgniter\CodeIgniter->handleRequest(NULL, Object(Config\Cache), false)
#15 C:\Codingan\TOPUP-GAMES-PG-SAKURUPIAH+DB\public\index.php(79): CodeIgniter\CodeIgniter->run()
#16 C:\Codingan\TOPUP-GAMES-PG-SAKURUPIAH+DB\system\Commands\Server\rewrite.php(47): require_once('C:\\Codingan\\TOP...')
#17 {main}
CRITICAL - 2026-03-24 18:05:48 --> Unable to connect to the database.
Main connection [MySQLi]: Access denied for user '****'@'localhost' (using password: YES)
in SYSTEMPATH\Database\BaseConnection.php on line 428.
 1 SYSTEMPATH\Session\Handlers\DatabaseHandler.php(98): CodeIgniter\Database\BaseConnection->initialize()
 2 [internal function]: CodeIgniter\Session\Handlers\DatabaseHandler->open('ci_sessions', 'ci_session')
 3 SYSTEMPATH\Session\Session.php(919): session_start()
 4 SYSTEMPATH\Session\Session.php(241): CodeIgniter\Session\Session->startSession()
 5 SYSTEMPATH\Config\Services.php(693): CodeIgniter\Session\Session->start()
 6 SYSTEMPATH\Config\BaseService.php(258): CodeIgniter\Config\Services::session(Object(Config\Session), false)
 7 SYSTEMPATH\Config\BaseService.php(199): CodeIgniter\Config\BaseService::__callStatic('session', [...])
 8 SYSTEMPATH\Config\Services.php(664): CodeIgniter\Config\BaseService::getSharedInstance('session', null)
 9 SYSTEMPATH\Config\BaseService.php(258): CodeIgniter\Config\Services::session()
10 SYSTEMPATH\Common.php(996): CodeIgniter\Config\BaseService::__callStatic('session', [])
11 APPPATH\Controllers\View.php(26): session()
12 SYSTEMPATH\CodeIgniter.php(915): App\Controllers\View->__construct()
13 SYSTEMPATH\CodeIgniter.php(494): CodeIgniter\CodeIgniter->createController()
14 SYSTEMPATH\CodeIgniter.php(362): CodeIgniter\CodeIgniter->handleRequest(null, Object(Config\Cache), false)
15 FCPATH\index.php(79): CodeIgniter\CodeIgniter->run()
16 SYSTEMPATH\Commands\Server\rewrite.php(47): require_once('C:\\Codingan\\TOPUP-GAMES-PG-SAKURUPIAH+DB\\public\\index.php')
ERROR - 2026-03-24 18:05:48 --> Error connecting to the database: mysqli_sql_exception: Access denied for user 'namausername'@'localhost' (using password: YES) in C:\Codingan\TOPUP-GAMES-PG-SAKURUPIAH+DB\system\Database\MySQLi\Connection.php:185
Stack trace:
#0 C:\Codingan\TOPUP-GAMES-PG-SAKURUPIAH+DB\system\Database\MySQLi\Connection.php(185): mysqli->real_connect('localhost', 'namausername', 'passwordnya', 'namadatabase', 3306, '', 0)
#1 C:\Codingan\TOPUP-GAMES-PG-SAKURUPIAH+DB\system\Database\BaseConnection.php(392): CodeIgniter\Database\MySQLi\Connection->connect(false)
#2 C:\Codingan\TOPUP-GAMES-PG-SAKURUPIAH+DB\system\Session\Handlers\DatabaseHandler.php(98): CodeIgniter\Database\BaseConnection->initialize()
#3 [internal function]: CodeIgniter\Session\Handlers\DatabaseHandler->open('ci_sessions', 'ci_session')
#4 C:\Codingan\TOPUP-GAMES-PG-SAKURUPIAH+DB\system\Session\Session.php(919): session_start()
#5 C:\Codingan\TOPUP-GAMES-PG-SAKURUPIAH+DB\system\Session\Session.php(241): CodeIgniter\Session\Session->startSession()
#6 C:\Codingan\TOPUP-GAMES-PG-SAKURUPIAH+DB\system\Config\Services.php(693): CodeIgniter\Session\Session->start()
#7 C:\Codingan\TOPUP-GAMES-PG-SAKURUPIAH+DB\system\Config\BaseService.php(258): CodeIgniter\Config\Services::session(Object(Config\Session), false)
#8 C:\Codingan\TOPUP-GAMES-PG-SAKURUPIAH+DB\system\Config\BaseService.php(199): CodeIgniter\Config\BaseService::__callStatic('session', Array)
#9 C:\Codingan\TOPUP-GAMES-PG-SAKURUPIAH+DB\system\Config\Services.php(664): CodeIgniter\Config\BaseService::getSharedInstance('session', NULL)
#10 C:\Codingan\TOPUP-GAMES-PG-SAKURUPIAH+DB\system\Config\BaseService.php(258): CodeIgniter\Config\Services::session()
#11 C:\Codingan\TOPUP-GAMES-PG-SAKURUPIAH+DB\system\Common.php(996): CodeIgniter\Config\BaseService::__callStatic('session', Array)
#12 C:\Codingan\TOPUP-GAMES-PG-SAKURUPIAH+DB\app\Controllers\View.php(26): session()
#13 C:\Codingan\TOPUP-GAMES-PG-SAKURUPIAH+DB\system\CodeIgniter.php(915): App\Controllers\View->__construct()
#14 C:\Codingan\TOPUP-GAMES-PG-SAKURUPIAH+DB\system\CodeIgniter.php(494): CodeIgniter\CodeIgniter->createController()
#15 C:\Codingan\TOPUP-GAMES-PG-SAKURUPIAH+DB\system\CodeIgniter.php(362): CodeIgniter\CodeIgniter->handleRequest(NULL, Object(Config\Cache), false)
#16 C:\Codingan\TOPUP-GAMES-PG-SAKURUPIAH+DB\public\index.php(79): CodeIgniter\CodeIgniter->run()
#17 C:\Codingan\TOPUP-GAMES-PG-SAKURUPIAH+DB\system\Commands\Server\rewrite.php(47): require_once('C:\\Codingan\\TOP...')
#18 {main}

Next CodeIgniter\Database\Exceptions\DatabaseException: Access denied for user '****'@'localhost' (using password: YES) in C:\Codingan\TOPUP-GAMES-PG-SAKURUPIAH+DB\system\Database\MySQLi\Connection.php:229
Stack trace:
#0 C:\Codingan\TOPUP-GAMES-PG-SAKURUPIAH+DB\system\Database\BaseConnection.php(392): CodeIgniter\Database\MySQLi\Connection->connect(false)
#1 C:\Codingan\TOPUP-GAMES-PG-SAKURUPIAH+DB\system\Session\Handlers\DatabaseHandler.php(98): CodeIgniter\Database\BaseConnection->initialize()
#2 [internal function]: CodeIgniter\Session\Handlers\DatabaseHandler->open('ci_sessions', 'ci_session')
#3 C:\Codingan\TOPUP-GAMES-PG-SAKURUPIAH+DB\system\Session\Session.php(919): session_start()
#4 C:\Codingan\TOPUP-GAMES-PG-SAKURUPIAH+DB\system\Session\Session.php(241): CodeIgniter\Session\Session->startSession()
#5 C:\Codingan\TOPUP-GAMES-PG-SAKURUPIAH+DB\system\Config\Services.php(693): CodeIgniter\Session\Session->start()
#6 C:\Codingan\TOPUP-GAMES-PG-SAKURUPIAH+DB\system\Config\BaseService.php(258): CodeIgniter\Config\Services::session(Object(Config\Session), false)
#7 C:\Codingan\TOPUP-GAMES-PG-SAKURUPIAH+DB\system\Config\BaseService.php(199): CodeIgniter\Config\BaseService::__callStatic('session', Array)
#8 C:\Codingan\TOPUP-GAMES-PG-SAKURUPIAH+DB\system\Config\Services.php(664): CodeIgniter\Config\BaseService::getSharedInstance('session', NULL)
#9 C:\Codingan\TOPUP-GAMES-PG-SAKURUPIAH+DB\system\Config\BaseService.php(258): CodeIgniter\Config\Services::session()
#10 C:\Codingan\TOPUP-GAMES-PG-SAKURUPIAH+DB\system\Common.php(996): CodeIgniter\Config\BaseService::__callStatic('session', Array)
#11 C:\Codingan\TOPUP-GAMES-PG-SAKURUPIAH+DB\app\Controllers\View.php(26): session()
#12 C:\Codingan\TOPUP-GAMES-PG-SAKURUPIAH+DB\system\CodeIgniter.php(915): App\Controllers\View->__construct()
#13 C:\Codingan\TOPUP-GAMES-PG-SAKURUPIAH+DB\system\CodeIgniter.php(494): CodeIgniter\CodeIgniter->createController()
#14 C:\Codingan\TOPUP-GAMES-PG-SAKURUPIAH+DB\system\CodeIgniter.php(362): CodeIgniter\CodeIgniter->handleRequest(NULL, Object(Config\Cache), false)
#15 C:\Codingan\TOPUP-GAMES-PG-SAKURUPIAH+DB\public\index.php(79): CodeIgniter\CodeIgniter->run()
#16 C:\Codingan\TOPUP-GAMES-PG-SAKURUPIAH+DB\system\Commands\Server\rewrite.php(47): require_once('C:\\Codingan\\TOP...')
#17 {main}
CRITICAL - 2026-03-24 18:05:48 --> Unable to connect to the database.
Main connection [MySQLi]: Access denied for user '****'@'localhost' (using password: YES)
in SYSTEMPATH\Database\BaseConnection.php on line 428.
 1 SYSTEMPATH\Session\Handlers\DatabaseHandler.php(98): CodeIgniter\Database\BaseConnection->initialize()
 2 [internal function]: CodeIgniter\Session\Handlers\DatabaseHandler->open('ci_sessions', 'ci_session')
 3 SYSTEMPATH\Session\Session.php(919): session_start()
 4 SYSTEMPATH\Session\Session.php(241): CodeIgniter\Session\Session->startSession()
 5 SYSTEMPATH\Config\Services.php(693): CodeIgniter\Session\Session->start()
 6 SYSTEMPATH\Config\BaseService.php(258): CodeIgniter\Config\Services::session(Object(Config\Session), false)
 7 SYSTEMPATH\Config\BaseService.php(199): CodeIgniter\Config\BaseService::__callStatic('session', [...])
 8 SYSTEMPATH\Config\Services.php(664): CodeIgniter\Config\BaseService::getSharedInstance('session', null)
 9 SYSTEMPATH\Config\BaseService.php(258): CodeIgniter\Config\Services::session()
10 SYSTEMPATH\Common.php(996): CodeIgniter\Config\BaseService::__callStatic('session', [])
11 APPPATH\Controllers\View.php(26): session()
12 SYSTEMPATH\CodeIgniter.php(915): App\Controllers\View->__construct()
13 SYSTEMPATH\CodeIgniter.php(494): CodeIgniter\CodeIgniter->createController()
14 SYSTEMPATH\CodeIgniter.php(362): CodeIgniter\CodeIgniter->handleRequest(null, Object(Config\Cache), false)
15 FCPATH\index.php(79): CodeIgniter\CodeIgniter->run()
16 SYSTEMPATH\Commands\Server\rewrite.php(47): require_once('C:\\Codingan\\TOPUP-GAMES-PG-SAKURUPIAH+DB\\public\\index.php')
ERROR - 2026-03-24 18:09:53 --> mysqli_sql_exception: You have an error in your SQL syntax; check the manual that corresponds to your MySQL server version for the right syntax to use near ')' at line 3 in C:\Codingan\TOPUP-GAMES-PG-SAKURUPIAH+DB\system\Database\MySQLi\Connection.php:306
Stack trace:
#0 C:\Codingan\TOPUP-GAMES-PG-SAKURUPIAH+DB\system\Database\MySQLi\Connection.php(306): mysqli->query('SELECT *\nFROM `...', 0)
#1 C:\Codingan\TOPUP-GAMES-PG-SAKURUPIAH+DB\system\Database\BaseConnection.php(693): CodeIgniter\Database\MySQLi\Connection->execute('SELECT *\nFROM `...')
#2 C:\Codingan\TOPUP-GAMES-PG-SAKURUPIAH+DB\system\Database\BaseConnection.php(607): CodeIgniter\Database\BaseConnection->simpleQuery('SELECT *\nFROM `...')
#3 C:\Codingan\TOPUP-GAMES-PG-SAKURUPIAH+DB\system\Database\BaseBuilder.php(1615): CodeIgniter\Database\BaseConnection->query('SELECT *\nFROM `...', Array, false)
#4 C:\Codingan\TOPUP-GAMES-PG-SAKURUPIAH+DB\system\Model.php(237): CodeIgniter\Database\BaseBuilder->get()
#5 C:\Codingan\TOPUP-GAMES-PG-SAKURUPIAH+DB\system\BaseModel.php(624): CodeIgniter\Model->doFindAll(0, 0)
#6 C:\Codingan\TOPUP-GAMES-PG-SAKURUPIAH+DB\app\Controllers\View.php(83): CodeIgniter\BaseModel->findAll()
#7 C:\Codingan\TOPUP-GAMES-PG-SAKURUPIAH+DB\system\CodeIgniter.php(943): App\Controllers\View->getFlashSale()
#8 C:\Codingan\TOPUP-GAMES-PG-SAKURUPIAH+DB\system\CodeIgniter.php(503): CodeIgniter\CodeIgniter->runController(Object(App\Controllers\View))
#9 C:\Codingan\TOPUP-GAMES-PG-SAKURUPIAH+DB\system\CodeIgniter.php(362): CodeIgniter\CodeIgniter->handleRequest(NULL, Object(Config\Cache), false)
#10 C:\Codingan\TOPUP-GAMES-PG-SAKURUPIAH+DB\public\index.php(79): CodeIgniter\CodeIgniter->run()
#11 C:\Codingan\TOPUP-GAMES-PG-SAKURUPIAH+DB\system\Commands\Server\rewrite.php(47): require_once('C:\\Codingan\\TOP...')
#12 {main}
CRITICAL - 2026-03-24 18:09:53 --> You have an error in your SQL syntax; check the manual that corresponds to your MySQL server version for the right syntax to use near ')' at line 3
in SYSTEMPATH\Database\BaseConnection.php on line 647.
 1 SYSTEMPATH\Database\BaseBuilder.php(1615): CodeIgniter\Database\BaseConnection->query('SELECT *
FROM `games`
WHERE `brand` IN :brand:', [...], false)
 2 SYSTEMPATH\Model.php(237): CodeIgniter\Database\BaseBuilder->get()
 3 SYSTEMPATH\BaseModel.php(624): CodeIgniter\Model->doFindAll(0, 0)
 4 APPPATH\Controllers\View.php(83): CodeIgniter\BaseModel->findAll()
 5 SYSTEMPATH\CodeIgniter.php(943): App\Controllers\View->getFlashSale()
 6 SYSTEMPATH\CodeIgniter.php(503): CodeIgniter\CodeIgniter->runController(Object(App\Controllers\View))
 7 SYSTEMPATH\CodeIgniter.php(362): CodeIgniter\CodeIgniter->handleRequest(null, Object(Config\Cache), false)
 8 FCPATH\index.php(79): CodeIgniter\CodeIgniter->run()
 9 SYSTEMPATH\Commands\Server\rewrite.php(47): require_once('C:\\Codingan\\TOPUP-GAMES-PG-SAKURUPIAH+DB\\public\\index.php')
