CRITICAL - 2025-07-02 01:35:51 --> Updates are not allowed unless they contain a "where" or "like" clause.
in SYSTEMPATH/Model.php on line 380.
 1 SYSTEMPATH/BaseModel.php(949): CodeIgniter\Model->doUpdate(null, [...])
 2 SYSTEMPATH/Model.php(776): CodeIgniter\BaseModel->update(null, [...])
 3 APPPATH/Controllers/Callback.php(284): CodeIgniter\Model->update(null, [...])
 4 SYSTEMPATH/CodeIgniter.php(943): App\Controllers\Callback->callbackSakurupiah()
 5 SYSTEMPATH/CodeIgniter.php(503): CodeIgniter\CodeIgniter->runController(Object(App\Controllers\Callback))
 6 SYSTEMPATH/CodeIgniter.php(362): CodeIgniter\CodeIgniter->handleRequest(null, Object(Config\Cache), false)
 7 FCPATH/index.php(79): CodeIgniter\CodeIgniter->run()
CRITICAL - 2025-07-02 02:19:27 --> Updates are not allowed unless they contain a "where" or "like" clause.
in SYSTEMPATH/Model.php on line 380.
 1 SYSTEMPATH/BaseModel.php(949): CodeIgniter\Model->doUpdate(null, [...])
 2 SYSTEMPATH/Model.php(776): CodeIgniter\BaseModel->update(null, [...])
 3 APPPATH/Controllers/Callback.php(310): CodeIgniter\Model->update(null, [...])
 4 SYSTEMPATH/CodeIgniter.php(943): App\Controllers\Callback->callbackSakurupiah()
 5 SYSTEMPATH/CodeIgniter.php(503): CodeIgniter\CodeIgniter->runController(Object(App\Controllers\Callback))
 6 SYSTEMPATH/CodeIgniter.php(362): CodeIgniter\CodeIgniter->handleRequest(null, Object(Config\Cache), false)
 7 FCPATH/index.php(79): CodeIgniter\CodeIgniter->run()
CRITICAL - 2025-07-02 02:25:24 --> Updates are not allowed unless they contain a "where" or "like" clause.
in SYSTEMPATH/Model.php on line 380.
 1 SYSTEMPATH/BaseModel.php(949): CodeIgniter\Model->doUpdate(null, [...])
 2 SYSTEMPATH/Model.php(776): CodeIgniter\BaseModel->update(null, [...])
 3 APPPATH/Controllers/Callback.php(310): CodeIgniter\Model->update(null, [...])
 4 SYSTEMPATH/CodeIgniter.php(943): App\Controllers\Callback->callbackSakurupiah()
 5 SYSTEMPATH/CodeIgniter.php(503): CodeIgniter\CodeIgniter->runController(Object(App\Controllers\Callback))
 6 SYSTEMPATH/CodeIgniter.php(362): CodeIgniter\CodeIgniter->handleRequest(null, Object(Config\Cache), false)
 7 FCPATH/index.php(79): CodeIgniter\CodeIgniter->run()
CRITICAL - 2025-07-02 02:31:54 --> Updates are not allowed unless they contain a "where" or "like" clause.
in SYSTEMPATH/Model.php on line 380.
 1 SYSTEMPATH/BaseModel.php(949): CodeIgniter\Model->doUpdate(null, [...])
 2 SYSTEMPATH/Model.php(776): CodeIgniter\BaseModel->update(null, [...])
 3 APPPATH/Controllers/Callback.php(310): CodeIgniter\Model->update(null, [...])
 4 SYSTEMPATH/CodeIgniter.php(943): App\Controllers\Callback->callbackSakurupiah()
 5 SYSTEMPATH/CodeIgniter.php(503): CodeIgniter\CodeIgniter->runController(Object(App\Controllers\Callback))
 6 SYSTEMPATH/CodeIgniter.php(362): CodeIgniter\CodeIgniter->handleRequest(null, Object(Config\Cache), false)
 7 FCPATH/index.php(79): CodeIgniter\CodeIgniter->run()
CRITICAL - 2025-07-02 02:38:49 --> Updates are not allowed unless they contain a "where" or "like" clause.
in SYSTEMPATH/Model.php on line 380.
 1 SYSTEMPATH/BaseModel.php(949): CodeIgniter\Model->doUpdate(null, [...])
 2 SYSTEMPATH/Model.php(776): CodeIgniter\BaseModel->update(null, [...])
 3 APPPATH/Controllers/Callback.php(310): CodeIgniter\Model->update(null, [...])
 4 SYSTEMPATH/CodeIgniter.php(943): App\Controllers\Callback->callbackSakurupiah()
 5 SYSTEMPATH/CodeIgniter.php(503): CodeIgniter\CodeIgniter->runController(Object(App\Controllers\Callback))
 6 SYSTEMPATH/CodeIgniter.php(362): CodeIgniter\CodeIgniter->handleRequest(null, Object(Config\Cache), false)
 7 FCPATH/index.php(79): CodeIgniter\CodeIgniter->run()
